2026-02-08 23:03:16,670 [INFO] __main__: ================================================================================
2026-02-08 23:03:16,670 [INFO] __main__: ETF 모멘텀 자동매매 시스템 시작
2026-02-08 23:03:16,672 [INFO] __main__: ================================================================================
2026-02-08 23:03:16,672 [WARNING] config_loader: 설정 파일 없음: settings.ini
2026-02-08 23:03:16,673 [INFO] config_loader: 기본 설정 파일 생성: settings.ini
2026-02-08 23:03:16,761 [INFO] mysql.connector: package: mysql.connector.plugins
2026-02-08 23:03:16,761 [INFO] mysql.connector: plugin_name: caching_sha2_password
2026-02-08 23:03:16,762 [INFO] mysql.connector: AUTHENTICATION_PLUGIN_CLASS: MySQLCachingSHA2PasswordAuthPlugin
2026-02-08 23:03:16,762 [INFO] mysql.connector: package: mysql.connector.plugins
2026-02-08 23:03:16,762 [INFO] mysql.connector: plugin_name: mysql_native_password
2026-02-08 23:03:16,763 [INFO] mysql.connector: AUTHENTICATION_PLUGIN_CLASS: MySQLNativePasswordAuthPlugin
2026-02-08 23:03:16,927 [INFO] db_manager: MySQL 연결 풀 생성 완료
2026-02-08 23:03:17,125 [INFO] db_manager: 모든 테이블 생성 완료
2026-02-08 23:03:17,138 [INFO] db_manager: 시스템 상태 초기화 완료
2026-02-08 23:03:17,142 [INFO] state_manager: 상태 로드 완료: FLAT, 기준일: 2026-02-08
2026-02-08 23:03:17,148 [INFO] state_manager: 포지션 로드: 0개
2026-02-08 23:03:17,153 [INFO] state_manager: 미체결 주문 로드: 0개
2026-02-08 23:03:17,773 [INFO] kiwoom_api: KiwoomAPI 초기화 완료
2026-02-08 23:03:17,773 [INFO] strategy: MomentumStrategy 초기화 완료
2026-02-08 23:03:17,775 [INFO] scheduler: TradingScheduler 초기화 완료
2026-02-08 23:03:17,775 [INFO] __main__: 시스템 초기화 완료
2026-02-08 23:03:17,775 [INFO] __main__: [1/6] 키움 로그인 중...
2026-02-08 23:03:29,161 [INFO] kiwoom_api: 로그인 이벤트: 성공
2026-02-08 23:03:29,161 [INFO] kiwoom_api: 키움 로그인 성공
2026-02-08 23:03:29,161 [INFO] kiwoom_api: 사용자: 안건희 (ogogoogg)
2026-02-08 23:03:29,162 [INFO] kiwoom_api: 계좌 수: 2
2026-02-08 23:03:29,162 [INFO] kiwoom_api: 계좌 목록: 5016726711;5162499910;
2026-02-08 23:03:29,162 [INFO] __main__: [2/6] 계좌 정보 확인 중...
2026-02-08 23:03:29,162 [INFO] __main__: 첫 번째 계좌 자동 선택: 5016726711
2026-02-08 23:03:29,162 [INFO] __main__: [3/6] 데이터 확인 중...
2026-02-08 23:03:30,019 [WARNING] __main__: 데이터 부족 종목: 12개
2026-02-08 23:03:30,020 [WARNING] __main__:   - KODEX 반도체(091160)
2026-02-08 23:03:30,020 [WARNING] __main__:   - KODEX AI반도체(395160)
2026-02-08 23:03:30,020 [WARNING] __main__:   - KODEX 2차전지산업(305720)
2026-02-08 23:03:30,020 [WARNING] __main__:   - PLUS K방산(449450)
2026-02-08 23:03:30,020 [WARNING] __main__:   - TIGER 리츠부동산인프라(329200)
2026-02-08 23:03:30,021 [WARNING] __main__:   - TIGER 조선TOP10(494670)
2026-02-08 23:03:30,021 [WARNING] __main__:   - KODEX 로봇액티브(445290)
2026-02-08 23:03:30,021 [WARNING] __main__:   - TIGER 200 IT(139260)
2026-02-08 23:03:30,021 [WARNING] __main__:   - KODEX 자동차(091180)
2026-02-08 23:03:30,021 [WARNING] __main__:   - KODEX 은행(091170)
2026-02-08 23:03:30,021 [WARNING] __main__:   - KODEX 증권(102970)
2026-02-08 23:03:30,021 [WARNING] __main__:   - KODEX 바이오(244580)
2026-02-08 23:03:30,021 [WARNING] __main__: 데이터 부족 - 자동 수집 시작
2026-02-08 23:03:30,022 [INFO] __main__: ================================================================================
2026-02-08 23:03:30,022 [INFO] __main__: 초기 데이터 자동 수집 시작
2026-02-08 23:03:30,022 [INFO] __main__: ================================================================================
2026-02-08 23:03:30,022 [INFO] __main__: [1/12] KODEX 반도체(091160) 수집 중...
2026-02-08 23:03:30,863 [INFO] db_manager: 일봉 데이터 200건 삽입 완료
2026-02-08 23:03:30,866 [INFO] __main__:   ✓ 200건 저장
2026-02-08 23:03:31,166 [INFO] __main__: [2/12] KODEX AI반도체(395160) 수집 중...
2026-02-08 23:03:31,266 [INFO] db_manager: 일봉 데이터 200건 삽입 완료
2026-02-08 23:03:31,267 [INFO] __main__:   ✓ 200건 저장
2026-02-08 23:03:31,568 [INFO] __main__: [3/12] KODEX 2차전지산업(305720) 수집 중...
2026-02-08 23:03:31,668 [INFO] db_manager: 일봉 데이터 200건 삽입 완료
2026-02-08 23:03:31,671 [INFO] __main__:   ✓ 200건 저장
2026-02-08 23:03:31,972 [INFO] __main__: [4/12] PLUS K방산(449450) 수집 중...
2026-02-08 23:03:32,060 [INFO] db_manager: 일봉 데이터 200건 삽입 완료
2026-02-08 23:03:32,061 [INFO] __main__:   ✓ 200건 저장
2026-02-08 23:03:32,362 [INFO] __main__: [5/12] TIGER 리츠부동산인프라(329200) 수집 중...
2026-02-08 23:03:32,447 [INFO] db_manager: 일봉 데이터 200건 삽입 완료
2026-02-08 23:03:32,448 [INFO] __main__:   ✓ 200건 저장
2026-02-08 23:03:32,750 [INFO] __main__: [6/12] TIGER 조선TOP10(494670) 수집 중...
2026-02-08 23:03:32,816 [INFO] db_manager: 일봉 데이터 200건 삽입 완료
2026-02-08 23:03:32,818 [INFO] __main__:   ✓ 200건 저장
2026-02-08 23:03:33,119 [INFO] __main__: [7/12] KODEX 로봇액티브(445290) 수집 중...
2026-02-08 23:03:33,213 [INFO] db_manager: 일봉 데이터 200건 삽입 완료
2026-02-08 23:03:33,214 [INFO] __main__:   ✓ 200건 저장
2026-02-08 23:03:33,516 [INFO] __main__: [8/12] TIGER 200 IT(139260) 수집 중...
2026-02-08 23:03:33,608 [INFO] db_manager: 일봉 데이터 200건 삽입 완료
2026-02-08 23:03:33,609 [INFO] __main__:   ✓ 200건 저장
2026-02-08 23:03:33,910 [INFO] __main__: [9/12] KODEX 자동차(091180) 수집 중...
2026-02-08 23:03:34,014 [INFO] db_manager: 일봉 데이터 200건 삽입 완료
2026-02-08 23:03:34,016 [INFO] __main__:   ✓ 200건 저장
2026-02-08 23:03:34,317 [INFO] __main__: [10/12] KODEX 은행(091170) 수집 중...
2026-02-08 23:03:34,412 [INFO] db_manager: 일봉 데이터 200건 삽입 완료
2026-02-08 23:03:34,414 [INFO] __main__:   ✓ 200건 저장
2026-02-08 23:03:34,715 [INFO] __main__: [11/12] KODEX 증권(102970) 수집 중...
2026-02-08 23:03:34,806 [INFO] db_manager: 일봉 데이터 200건 삽입 완료
2026-02-08 23:03:34,808 [INFO] __main__:   ✓ 200건 저장
2026-02-08 23:03:35,109 [INFO] __main__: [12/12] KODEX 바이오(244580) 수집 중...
2026-02-08 23:03:35,209 [INFO] db_manager: 일봉 데이터 200건 삽입 완료
2026-02-08 23:03:35,212 [INFO] __main__:   ✓ 200건 저장
2026-02-08 23:03:35,513 [INFO] __main__: ================================================================================
2026-02-08 23:03:35,514 [INFO] __main__: 초기 데이터 수집 완료 (성공: 12, 실패: 0)
2026-02-08 23:03:35,514 [INFO] __main__: ================================================================================
2026-02-08 23:03:35,514 [INFO] __main__: [4/6] 이벤트 핸들러 등록 중...
2026-02-08 23:03:35,514 [INFO] kiwoom_api: 체결 콜백 등록
2026-02-08 23:03:35,515 [INFO] __main__: [5/6] 스케줄 등록 중...
2026-02-08 23:03:35,515 [INFO] scheduler: 작업 등록: 청산_실행 @ 09:00:10
2026-02-08 23:03:35,515 [INFO] scheduler: 작업 등록: 진입_감시_시작 @ 09:00:30
2026-02-08 23:03:35,515 [INFO] scheduler: 작업 등록: 미체결_취소 @ 14:50:00
2026-02-08 23:03:35,516 [INFO] scheduler: 작업 등록: 장마감후_계산 @ 15:35:00
2026-02-08 23:03:35,516 [INFO] scheduler: ============================================================
2026-02-08 23:03:35,516 [INFO] scheduler: 등록된 작업 목록
2026-02-08 23:03:35,516 [INFO] scheduler: ============================================================
2026-02-08 23:03:35,516 [INFO] scheduler:   09:00:10 - 청산_실행
2026-02-08 23:03:35,516 [INFO] scheduler:   09:00:30 - 진입_감시_시작
2026-02-08 23:03:35,516 [INFO] scheduler:   14:50:00 - 미체결_취소
2026-02-08 23:03:35,516 [INFO] scheduler:   15:35:00 - 장마감후_계산
2026-02-08 23:03:35,517 [INFO] scheduler: ============================================================
2026-02-08 23:03:35,517 [INFO] __main__: [6/6] 스케줄러 시작...
2026-02-08 23:03:35,518 [INFO] scheduler: 스케줄러 시작
2026-02-08 23:03:35,523 [WARNING] __main__: 웹 대시보드 시작 실패: No module named 'flask'
2026-02-08 23:03:35,524 [INFO] __main__: ================================================================================
2026-02-08 23:03:35,524 [INFO] __main__: 시스템 시작 완료
2026-02-08 23:03:35,524 [INFO] __main__: ================================================================================
2026-02-08 23:03:35,524 [INFO] __main__: ================================================================================
2026-02-08 23:03:35,524 [INFO] __main__: 현재 시스템 상태
2026-02-08 23:03:35,524 [INFO] __main__: ================================================================================
2026-02-08 23:03:35,524 [INFO] __main__: 상태: FLAT
2026-02-08 23:03:35,524 [INFO] __main__: 기준일: 2026-02-08
2026-02-08 23:03:35,524 [INFO] __main__: 청산 대기: 0
2026-02-08 23:03:35,524 [INFO] __main__: 포지션 수: 0
2026-02-08 23:03:35,525 [INFO] __main__: 진입 후보 수: 0
2026-02-08 23:03:35,525 [INFO] __main__: 미체결 주문 수: 0
2026-02-08 23:03:35,525 [INFO] __main__: --------------------------------------------------------------------------------
2026-02-08 23:07:08,964 [ERROR] kiwoom_api: 예수금 조회 요청 실패
2026-02-08 23:07:09,663 [ERROR] kiwoom_api: 잔고 조회 요청 실패
2026-02-08 23:07:09,663 [INFO] __main__: 예수금: 0원
2026-02-08 23:07:09,663 [INFO] __main__: 주문가능금액: 0원
2026-02-08 23:07:09,663 [INFO] __main__: 주식평가액: 0원
2026-02-08 23:07:09,663 [INFO] __main__: 총자산: 0원
2026-02-08 23:07:09,664 [INFO] __main__: ================================================================================
2026-02-08 23:08:27,595 [INFO] __main__: 시스템 종료 요청
2026-02-08 23:08:27,595 [INFO] __main__: 시스템 종료 중...
2026-02-08 23:08:27,992 [INFO] scheduler: 스케줄러 중지
2026-02-08 23:08:27,993 [INFO] kiwoom_api: 실시간 해제: ALL
2026-02-08 23:08:27,993 [INFO] kiwoom_api: 키움 API 연결 해제
2026-02-08 23:08:27,993 [INFO] __main__: 시스템 종료 완료
2026-02-08 23:13:28,775 [INFO] __main__: ================================================================================
2026-02-08 23:13:28,776 [INFO] __main__: ETF 모멘텀 자동매매 시스템 시작
2026-02-08 23:13:28,776 [INFO] __main__: ================================================================================
2026-02-08 23:13:28,839 [INFO] mysql.connector: package: mysql.connector.plugins
2026-02-08 23:13:28,839 [INFO] mysql.connector: plugin_name: caching_sha2_password
2026-02-08 23:13:28,839 [INFO] mysql.connector: AUTHENTICATION_PLUGIN_CLASS: MySQLCachingSHA2PasswordAuthPlugin
2026-02-08 23:13:28,840 [INFO] mysql.connector: package: mysql.connector.plugins
2026-02-08 23:13:28,840 [INFO] mysql.connector: plugin_name: mysql_native_password
2026-02-08 23:13:28,840 [INFO] mysql.connector: AUTHENTICATION_PLUGIN_CLASS: MySQLNativePasswordAuthPlugin
2026-02-08 23:13:29,017 [INFO] db_manager: MySQL 연결 풀 생성 완료
2026-02-08 23:13:29,042 [INFO] db_manager: 모든 테이블 생성 완료
2026-02-08 23:13:29,045 [INFO] state_manager: 상태 로드 완료: FLAT, 기준일: 2026-02-08
2026-02-08 23:13:29,047 [INFO] state_manager: 포지션 로드: 0개
2026-02-08 23:13:29,049 [INFO] state_manager: 미체결 주문 로드: 0개
2026-02-08 23:13:29,221 [INFO] kiwoom_api: KiwoomAPI 초기화 완료
2026-02-08 23:13:29,222 [INFO] strategy: MomentumStrategy 초기화 완료
2026-02-08 23:13:29,222 [INFO] scheduler: TradingScheduler 초기화 완료
2026-02-08 23:13:29,222 [INFO] __main__: 시스템 초기화 완료
2026-02-08 23:13:29,222 [INFO] __main__: [1/6] 키움 로그인 중...
2026-02-08 23:13:38,501 [INFO] kiwoom_api: 로그인 이벤트: 성공
2026-02-08 23:13:38,501 [INFO] kiwoom_api: 키움 로그인 성공
2026-02-08 23:13:38,502 [INFO] kiwoom_api: 사용자: 안건희 (ogogoogg)
2026-02-08 23:13:38,502 [INFO] kiwoom_api: 계좌 수: 2
2026-02-08 23:13:38,502 [INFO] kiwoom_api: 계좌 목록: 5016726711;5162499910;
2026-02-08 23:13:38,502 [INFO] __main__: [2/6] 계좌 정보 확인 중...
2026-02-08 23:13:38,503 [INFO] __main__: 첫 번째 계좌 자동 선택: 5016726711
2026-02-08 23:13:38,503 [INFO] __main__: [3/6] 데이터 확인 중...
2026-02-08 23:13:38,776 [INFO] __main__: 모든 종목 데이터 충분
2026-02-08 23:13:38,777 [INFO] __main__: 데이터 충분 - 수집 생략
2026-02-08 23:13:38,777 [INFO] __main__: [4/6] 이벤트 핸들러 등록 중...
2026-02-08 23:13:38,777 [INFO] kiwoom_api: 체결 콜백 등록
2026-02-08 23:13:38,777 [INFO] __main__: [5/6] 스케줄 등록 중...
2026-02-08 23:13:38,778 [INFO] scheduler: 작업 등록: 청산_실행 @ 09:00:10
2026-02-08 23:13:38,778 [INFO] scheduler: 작업 등록: 진입_감시_시작 @ 09:00:30
2026-02-08 23:13:38,778 [INFO] scheduler: 작업 등록: 미체결_취소 @ 14:50:00
2026-02-08 23:13:38,778 [INFO] scheduler: 작업 등록: 장마감후_계산 @ 15:35:00
2026-02-08 23:13:38,778 [INFO] scheduler: ============================================================
2026-02-08 23:13:38,778 [INFO] scheduler: 등록된 작업 목록
2026-02-08 23:13:38,778 [INFO] scheduler: ============================================================
2026-02-08 23:13:38,779 [INFO] scheduler:   09:00:10 - 청산_실행
2026-02-08 23:13:38,779 [INFO] scheduler:   09:00:30 - 진입_감시_시작
2026-02-08 23:13:38,779 [INFO] scheduler:   14:50:00 - 미체결_취소
2026-02-08 23:13:38,779 [INFO] scheduler:   15:35:00 - 장마감후_계산
2026-02-08 23:13:38,779 [INFO] scheduler: ============================================================
2026-02-08 23:13:38,779 [INFO] __main__: [6/6] 스케줄러 시작...
2026-02-08 23:13:38,779 [INFO] scheduler: 스케줄러 시작
2026-02-08 23:13:38,782 [WARNING] __main__: 웹 대시보드 시작 실패: No module named 'flask'
2026-02-08 23:13:38,782 [INFO] __main__: ================================================================================
2026-02-08 23:13:38,782 [INFO] __main__: 시스템 시작 완료
2026-02-08 23:13:38,782 [INFO] __main__: ================================================================================
2026-02-08 23:13:38,782 [INFO] __main__: ================================================================================
2026-02-08 23:13:38,782 [INFO] __main__: 현재 시스템 상태
2026-02-08 23:13:38,782 [INFO] __main__: ================================================================================
2026-02-08 23:13:38,782 [INFO] __main__: 상태: FLAT
2026-02-08 23:13:38,782 [INFO] __main__: 기준일: 2026-02-08
2026-02-08 23:13:38,784 [INFO] __main__: 청산 대기: 0
2026-02-08 23:13:38,784 [INFO] __main__: 포지션 수: 0
2026-02-08 23:13:38,784 [INFO] __main__: 진입 후보 수: 0
2026-02-08 23:13:38,784 [INFO] __main__: 미체결 주문 수: 0
2026-02-08 23:13:38,784 [INFO] __main__: --------------------------------------------------------------------------------
2026-02-08 23:17:48,252 [INFO] __main__: 종료 시그널 수신
2026-02-08 23:17:48,252 [INFO] __main__: 시스템 종료 중...
2026-02-08 23:17:49,252 [INFO] scheduler: 스케줄러 중지
2026-02-08 23:17:49,254 [INFO] kiwoom_api: 실시간 해제: ALL
2026-02-08 23:17:49,254 [INFO] kiwoom_api: 키움 API 연결 해제
2026-02-08 23:17:49,254 [INFO] __main__: 시스템 종료 완료
2026-02-08 23:18:00,714 [INFO] __main__: ================================================================================
2026-02-08 23:18:00,714 [INFO] __main__: ETF 모멘텀 자동매매 시스템 시작
2026-02-08 23:18:00,714 [INFO] __main__: ================================================================================
2026-02-08 23:18:00,778 [INFO] mysql.connector: package: mysql.connector.plugins
2026-02-08 23:18:00,778 [INFO] mysql.connector: plugin_name: caching_sha2_password
2026-02-08 23:18:00,778 [INFO] mysql.connector: AUTHENTICATION_PLUGIN_CLASS: MySQLCachingSHA2PasswordAuthPlugin
2026-02-08 23:18:00,779 [INFO] mysql.connector: package: mysql.connector.plugins
2026-02-08 23:18:00,779 [INFO] mysql.connector: plugin_name: mysql_native_password
2026-02-08 23:18:00,780 [INFO] mysql.connector: AUTHENTICATION_PLUGIN_CLASS: MySQLNativePasswordAuthPlugin
2026-02-08 23:18:00,934 [INFO] db_manager: MySQL 연결 풀 생성 완료
2026-02-08 23:18:00,956 [INFO] db_manager: 모든 테이블 생성 완료
2026-02-08 23:18:00,959 [INFO] state_manager: 상태 로드 완료: FLAT, 기준일: 2026-02-08
2026-02-08 23:18:00,961 [INFO] state_manager: 포지션 로드: 0개
2026-02-08 23:18:00,963 [INFO] state_manager: 미체결 주문 로드: 0개
2026-02-08 23:18:01,124 [INFO] kiwoom_api: KiwoomAPI 초기화 완료
2026-02-08 23:18:01,124 [INFO] strategy: MomentumStrategy 초기화 완료
2026-02-08 23:18:01,124 [INFO] scheduler: TradingScheduler 초기화 완료
2026-02-08 23:18:01,125 [INFO] __main__: 시스템 초기화 완료
2026-02-08 23:18:01,125 [INFO] __main__: [1/6] 키움 로그인 중...
2026-02-08 23:18:25,893 [INFO] kiwoom_api: 로그인 이벤트: 성공
2026-02-08 23:18:25,894 [INFO] kiwoom_api: 키움 로그인 성공
2026-02-08 23:18:25,894 [INFO] kiwoom_api: 사용자: 안건희 (ogogoogg)
2026-02-08 23:18:25,894 [INFO] kiwoom_api: 계좌 수: 2
2026-02-08 23:18:25,894 [INFO] kiwoom_api: 계좌 목록: 5016726711;5162499910;
2026-02-08 23:18:25,894 [INFO] __main__: [2/6] 계좌 정보 확인 중...
2026-02-08 23:18:25,895 [INFO] __main__: 첫 번째 계좌 자동 선택: 5016726711
2026-02-08 23:18:25,895 [INFO] __main__: [3/6] 데이터 확인 중...
2026-02-08 23:18:26,149 [INFO] __main__: 모든 종목 데이터 충분
2026-02-08 23:18:26,150 [INFO] __main__: 데이터 충분 - 수집 생략
2026-02-08 23:18:26,150 [INFO] __main__: [4/6] 이벤트 핸들러 등록 중...
2026-02-08 23:18:26,150 [INFO] kiwoom_api: 체결 콜백 등록
2026-02-08 23:18:26,150 [INFO] __main__: [5/6] 스케줄 등록 중...
2026-02-08 23:18:26,150 [INFO] scheduler: 작업 등록: 청산_실행 @ 09:00:10
2026-02-08 23:18:26,150 [INFO] scheduler: 작업 등록: 진입_감시_시작 @ 09:00:30
2026-02-08 23:18:26,150 [INFO] scheduler: 작업 등록: 미체결_취소 @ 14:50:00
2026-02-08 23:18:26,150 [INFO] scheduler: 작업 등록: 장마감후_계산 @ 15:35:00
2026-02-08 23:18:26,150 [INFO] scheduler: ============================================================
2026-02-08 23:18:26,151 [INFO] scheduler: 등록된 작업 목록
2026-02-08 23:18:26,151 [INFO] scheduler: ============================================================
2026-02-08 23:18:26,151 [INFO] scheduler:   09:00:10 - 청산_실행
2026-02-08 23:18:26,151 [INFO] scheduler:   09:00:30 - 진입_감시_시작
2026-02-08 23:18:26,151 [INFO] scheduler:   14:50:00 - 미체결_취소
2026-02-08 23:18:26,151 [INFO] scheduler:   15:35:00 - 장마감후_계산
2026-02-08 23:18:26,151 [INFO] scheduler: ============================================================
2026-02-08 23:18:26,151 [INFO] __main__: [6/6] 스케줄러 시작...
2026-02-08 23:18:26,152 [INFO] scheduler: 스케줄러 시작
2026-02-08 23:18:26,154 [WARNING] __main__: 웹 대시보드 시작 실패: No module named 'flask'
2026-02-08 23:18:26,155 [INFO] __main__: ================================================================================
2026-02-08 23:18:26,155 [INFO] __main__: 시스템 시작 완료
2026-02-08 23:18:26,155 [INFO] __main__: ================================================================================
2026-02-08 23:18:26,155 [INFO] __main__: ================================================================================
2026-02-08 23:18:26,155 [INFO] __main__: 현재 시스템 상태
2026-02-08 23:18:26,155 [INFO] __main__: ================================================================================
2026-02-08 23:18:26,155 [INFO] __main__: 상태: FLAT
2026-02-08 23:18:26,155 [INFO] __main__: 기준일: 2026-02-08
2026-02-08 23:18:26,157 [INFO] __main__: 청산 대기: 0
2026-02-08 23:18:26,157 [INFO] __main__: 포지션 수: 0
2026-02-08 23:18:26,157 [INFO] __main__: 진입 후보 수: 0
2026-02-08 23:18:26,157 [INFO] __main__: 미체결 주문 수: 0
2026-02-08 23:18:26,157 [INFO] __main__: --------------------------------------------------------------------------------
2026-02-08 23:18:33,189 [ERROR] kiwoom_api: 예수금 조회 요청 실패
2026-02-08 23:19:22,067 [ERROR] kiwoom_api: 잔고 조회 요청 실패
2026-02-08 23:19:22,068 [INFO] __main__: 예수금: 0원
2026-02-08 23:19:22,068 [INFO] __main__: 주문가능금액: 0원
2026-02-08 23:19:22,068 [INFO] __main__: 주식평가액: 0원
2026-02-08 23:19:22,068 [INFO] __main__: 총자산: 0원
2026-02-08 23:19:22,069 [INFO] __main__: ================================================================================
2026-02-08 23:19:25,028 [INFO] __main__: 시스템 종료 요청
2026-02-08 23:19:25,028 [INFO] __main__: 시스템 종료 중...
2026-02-08 23:19:25,068 [INFO] scheduler: 스케줄러 중지
2026-02-08 23:19:25,068 [INFO] kiwoom_api: 실시간 해제: ALL
2026-02-08 23:19:25,069 [INFO] kiwoom_api: 키움 API 연결 해제
2026-02-08 23:19:25,069 [INFO] __main__: 시스템 종료 완료
2026-02-08 23:31:40,665 [INFO] __main__: ================================================================================
2026-02-08 23:31:40,665 [INFO] __main__: ETF 모멘텀 자동매매 시스템 시작
2026-02-08 23:31:40,665 [INFO] __main__: ================================================================================
2026-02-08 23:31:40,731 [INFO] mysql.connector: package: mysql.connector.plugins
2026-02-08 23:31:40,731 [INFO] mysql.connector: plugin_name: caching_sha2_password
2026-02-08 23:31:40,731 [INFO] mysql.connector: AUTHENTICATION_PLUGIN_CLASS: MySQLCachingSHA2PasswordAuthPlugin
2026-02-08 23:31:40,732 [INFO] mysql.connector: package: mysql.connector.plugins
2026-02-08 23:31:40,732 [INFO] mysql.connector: plugin_name: mysql_native_password
2026-02-08 23:31:40,733 [INFO] mysql.connector: AUTHENTICATION_PLUGIN_CLASS: MySQLNativePasswordAuthPlugin
2026-02-08 23:31:40,892 [INFO] db_manager: MySQL 연결 풀 생성 완료
2026-02-08 23:31:40,917 [INFO] db_manager: 모든 테이블 생성 완료
2026-02-08 23:31:40,919 [INFO] state_manager: 상태 로드 완료: FLAT, 기준일: 2026-02-08
2026-02-08 23:31:40,921 [INFO] state_manager: 포지션 로드: 0개
2026-02-08 23:31:40,922 [INFO] state_manager: 미체결 주문 로드: 0개
2026-02-08 23:31:41,095 [INFO] kiwoom_api: KiwoomAPI 초기화 완료
2026-02-08 23:31:41,097 [INFO] strategy: MomentumStrategy 초기화 완료
2026-02-08 23:31:41,097 [INFO] scheduler: TradingScheduler 초기화 완료
2026-02-08 23:31:41,097 [INFO] __main__: 시스템 초기화 완료
2026-02-08 23:31:41,097 [INFO] __main__: [1/6] 키움 로그인 중...
2026-02-08 23:31:53,531 [INFO] kiwoom_api: 로그인 이벤트: 성공
2026-02-08 23:31:53,531 [INFO] kiwoom_api: 키움 로그인 성공
2026-02-08 23:31:53,533 [INFO] kiwoom_api: 사용자: 안건희 (ogogoogg)
2026-02-08 23:31:53,533 [INFO] kiwoom_api: 계좌 수: 2
2026-02-08 23:31:53,533 [INFO] kiwoom_api: 계좌 목록: 5016726711;5162499910;
2026-02-08 23:31:53,533 [INFO] __main__: [2/6] 계좌 정보 확인 중...
2026-02-08 23:31:53,533 [INFO] __main__: 첫 번째 계좌 자동 선택: 5016726711
2026-02-08 23:31:53,533 [INFO] __main__: [3/6] 데이터 확인 중...
2026-02-08 23:31:53,881 [INFO] __main__: 모든 종목 데이터 충분
2026-02-08 23:31:53,881 [INFO] __main__: 데이터 충분 - 수집 생략
2026-02-08 23:31:53,882 [INFO] __main__: [4/6] 이벤트 핸들러 등록 중...
2026-02-08 23:31:53,882 [INFO] kiwoom_api: 체결 콜백 등록
2026-02-08 23:31:53,882 [INFO] __main__: [5/6] 스케줄 등록 중...
2026-02-08 23:31:53,883 [INFO] scheduler: 작업 등록: 청산_실행 @ 09:00:10
2026-02-08 23:31:53,883 [INFO] scheduler: 작업 등록: 진입_감시_시작 @ 09:00:30
2026-02-08 23:31:53,883 [INFO] scheduler: 작업 등록: 미체결_취소 @ 14:50:00
2026-02-08 23:31:53,883 [INFO] scheduler: 작업 등록: 장마감후_계산 @ 15:35:00
2026-02-08 23:31:53,883 [INFO] scheduler: ============================================================
2026-02-08 23:31:53,883 [INFO] scheduler: 등록된 작업 목록
2026-02-08 23:31:53,883 [INFO] scheduler: ============================================================
2026-02-08 23:31:53,883 [INFO] scheduler:   09:00:10 - 청산_실행
2026-02-08 23:31:53,885 [INFO] scheduler:   09:00:30 - 진입_감시_시작
2026-02-08 23:31:53,885 [INFO] scheduler:   14:50:00 - 미체결_취소
2026-02-08 23:31:53,885 [INFO] scheduler:   15:35:00 - 장마감후_계산
2026-02-08 23:31:53,885 [INFO] scheduler: ============================================================
2026-02-08 23:31:53,885 [INFO] __main__: [6/6] 스케줄러 시작...
2026-02-08 23:31:53,886 [INFO] scheduler: 스케줄러 시작
2026-02-08 23:31:53,887 [WARNING] __main__: 웹 대시보드 시작 실패: No module named 'flask'
2026-02-08 23:31:53,888 [INFO] __main__: ================================================================================
2026-02-08 23:31:53,888 [INFO] __main__: 시스템 시작 완료
2026-02-08 23:31:53,888 [INFO] __main__: ================================================================================
2026-02-08 23:31:53,888 [INFO] __main__: ================================================================================
2026-02-08 23:31:53,888 [INFO] __main__: 현재 시스템 상태
2026-02-08 23:31:53,888 [INFO] __main__: ================================================================================
2026-02-08 23:31:53,889 [INFO] __main__: 상태: FLAT
2026-02-08 23:31:53,889 [INFO] __main__: 기준일: 2026-02-08
2026-02-08 23:31:53,889 [INFO] __main__: 청산 대기: 0
2026-02-08 23:31:53,889 [INFO] __main__: 포지션 수: 0
2026-02-08 23:31:53,889 [INFO] __main__: 진입 후보 수: 0
2026-02-08 23:31:53,889 [INFO] __main__: 미체결 주문 수: 0
2026-02-08 23:31:53,889 [INFO] __main__: --------------------------------------------------------------------------------
2026-02-08 23:32:00,206 [ERROR] kiwoom_api: 예수금 조회 요청 실패
2026-02-08 23:32:00,840 [ERROR] kiwoom_api: 잔고 조회 요청 실패
2026-02-08 23:32:00,841 [INFO] __main__: 예수금: 0원
2026-02-08 23:32:00,841 [INFO] __main__: 주문가능금액: 0원
2026-02-08 23:32:00,841 [INFO] __main__: 주식평가액: 0원
2026-02-08 23:32:00,841 [INFO] __main__: 총자산: 0원
2026-02-08 23:32:00,841 [INFO] __main__: ================================================================================
2026-02-08 23:33:02,532 [INFO] __main__: 시스템 종료 요청
2026-02-08 23:33:02,532 [INFO] __main__: 시스템 종료 중...
2026-02-08 23:33:03,226 [INFO] scheduler: 스케줄러 중지
2026-02-08 23:33:03,227 [INFO] kiwoom_api: 실시간 해제: ALL
2026-02-08 23:33:03,227 [INFO] kiwoom_api: 키움 API 연결 해제
2026-02-08 23:33:03,228 [INFO] __main__: 시스템 종료 완료
2026-02-08 23:33:14,806 [INFO] __main__: ================================================================================
2026-02-08 23:33:14,806 [INFO] __main__: ETF 모멘텀 자동매매 시스템 시작
2026-02-08 23:33:14,807 [INFO] __main__: ================================================================================
2026-02-08 23:33:14,877 [INFO] mysql.connector: package: mysql.connector.plugins
2026-02-08 23:33:14,877 [INFO] mysql.connector: plugin_name: caching_sha2_password
2026-02-08 23:33:14,877 [INFO] mysql.connector: AUTHENTICATION_PLUGIN_CLASS: MySQLCachingSHA2PasswordAuthPlugin
2026-02-08 23:33:14,878 [INFO] mysql.connector: package: mysql.connector.plugins
2026-02-08 23:33:14,878 [INFO] mysql.connector: plugin_name: mysql_native_password
2026-02-08 23:33:14,879 [INFO] mysql.connector: AUTHENTICATION_PLUGIN_CLASS: MySQLNativePasswordAuthPlugin
2026-02-08 23:33:15,071 [INFO] db_manager: MySQL 연결 풀 생성 완료
2026-02-08 23:33:15,094 [INFO] db_manager: 모든 테이블 생성 완료
2026-02-08 23:33:15,096 [INFO] state_manager: 상태 로드 완료: FLAT, 기준일: 2026-02-08
2026-02-08 23:33:15,100 [INFO] state_manager: 포지션 로드: 0개
2026-02-08 23:33:15,102 [INFO] state_manager: 미체결 주문 로드: 0개
2026-02-08 23:33:15,280 [INFO] kiwoom_api: KiwoomAPI 초기화 완료
2026-02-08 23:33:15,280 [INFO] strategy: MomentumStrategy 초기화 완료
2026-02-08 23:33:15,280 [INFO] scheduler: TradingScheduler 초기화 완료
2026-02-08 23:33:15,281 [INFO] __main__: 시스템 초기화 완료
2026-02-08 23:33:15,281 [INFO] __main__: [1/6] 키움 로그인 중...
2026-02-08 23:33:28,664 [INFO] kiwoom_api: 로그인 이벤트: 성공
2026-02-08 23:33:28,664 [INFO] kiwoom_api: 키움 로그인 성공
2026-02-08 23:33:28,665 [INFO] kiwoom_api: 사용자: 안건희 (ogogoogg)
2026-02-08 23:33:28,665 [INFO] kiwoom_api: 계좌 수: 2
2026-02-08 23:33:28,665 [INFO] kiwoom_api: 계좌 목록: 5016726711;5162499910;
2026-02-08 23:33:28,665 [INFO] __main__: [2/6] 계좌 정보 확인 중...
2026-02-08 23:33:28,666 [INFO] __main__: 첫 번째 계좌 자동 선택: 5016726711
2026-02-08 23:33:28,666 [INFO] __main__: [3/6] 데이터 확인 중...
2026-02-08 23:33:28,945 [INFO] __main__: 모든 종목 데이터 충분
2026-02-08 23:33:28,946 [INFO] __main__: 데이터 충분 - 수집 생략
2026-02-08 23:33:28,946 [INFO] __main__: [4/6] 이벤트 핸들러 등록 중...
2026-02-08 23:33:28,946 [INFO] kiwoom_api: 체결 콜백 등록
2026-02-08 23:33:28,946 [INFO] __main__: [5/6] 스케줄 등록 중...
2026-02-08 23:33:28,946 [INFO] scheduler: 작업 등록: 청산_실행 @ 09:00:10
2026-02-08 23:33:28,946 [INFO] scheduler: 작업 등록: 진입_감시_시작 @ 09:00:30
2026-02-08 23:33:28,948 [INFO] scheduler: 작업 등록: 미체결_취소 @ 14:50:00
2026-02-08 23:33:28,948 [INFO] scheduler: 작업 등록: 장마감후_계산 @ 15:35:00
2026-02-08 23:33:28,948 [INFO] scheduler: ============================================================
2026-02-08 23:33:28,948 [INFO] scheduler: 등록된 작업 목록
2026-02-08 23:33:28,948 [INFO] scheduler: ============================================================
2026-02-08 23:33:28,948 [INFO] scheduler:   09:00:10 - 청산_실행
2026-02-08 23:33:28,948 [INFO] scheduler:   09:00:30 - 진입_감시_시작
2026-02-08 23:33:28,948 [INFO] scheduler:   14:50:00 - 미체결_취소
2026-02-08 23:33:28,948 [INFO] scheduler:   15:35:00 - 장마감후_계산
2026-02-08 23:33:28,948 [INFO] scheduler: ============================================================
2026-02-08 23:33:28,948 [INFO] __main__: [6/6] 스케줄러 시작...
2026-02-08 23:33:28,949 [INFO] scheduler: 스케줄러 시작
2026-02-08 23:33:28,951 [WARNING] __main__: 웹 대시보드 시작 실패: No module named 'flask'
2026-02-08 23:33:28,951 [INFO] __main__: ================================================================================
2026-02-08 23:33:28,952 [INFO] __main__: 시스템 시작 완료
2026-02-08 23:33:28,952 [INFO] __main__: ================================================================================
2026-02-08 23:33:28,952 [INFO] __main__: ================================================================================
2026-02-08 23:33:28,952 [INFO] __main__: 현재 시스템 상태
2026-02-08 23:33:28,952 [INFO] __main__: ================================================================================
2026-02-08 23:33:28,952 [INFO] __main__: 상태: FLAT
2026-02-08 23:33:28,952 [INFO] __main__: 기준일: 2026-02-08
2026-02-08 23:33:28,952 [INFO] __main__: 청산 대기: 0
2026-02-08 23:33:28,953 [INFO] __main__: 포지션 수: 0
2026-02-08 23:33:28,953 [INFO] __main__: 진입 후보 수: 0
2026-02-08 23:33:28,953 [INFO] __main__: 미체결 주문 수: 0
2026-02-08 23:33:28,953 [INFO] __main__: --------------------------------------------------------------------------------
2026-02-08 23:34:03,507 [ERROR] kiwoom_api: 예수금 조회 요청 실패
2026-02-08 23:34:05,582 [ERROR] kiwoom_api: 잔고 조회 요청 실패
2026-02-08 23:34:05,582 [INFO] __main__: 예수금: 0원
2026-02-08 23:34:05,582 [INFO] __main__: 주문가능금액: 0원
2026-02-08 23:34:05,582 [INFO] __main__: 주식평가액: 0원
2026-02-08 23:34:05,583 [INFO] __main__: 총자산: 0원
2026-02-08 23:34:05,583 [INFO] __main__: ================================================================================
2026-02-08 23:36:50,065 [INFO] __main__: 시스템 종료 요청
2026-02-08 23:36:50,066 [INFO] __main__: 시스템 종료 중...
2026-02-08 23:36:50,641 [INFO] scheduler: 스케줄러 중지
2026-02-08 23:36:50,641 [INFO] kiwoom_api: 실시간 해제: ALL
2026-02-08 23:36:50,643 [INFO] kiwoom_api: 키움 API 연결 해제
2026-02-08 23:36:50,643 [INFO] __main__: 시스템 종료 완료
2026-02-08 23:36:59,234 [INFO] __main__: ================================================================================
2026-02-08 23:36:59,235 [INFO] __main__: ETF 모멘텀 자동매매 시스템 시작
2026-02-08 23:36:59,235 [INFO] __main__: ================================================================================
2026-02-08 23:36:59,304 [INFO] mysql.connector: package: mysql.connector.plugins
2026-02-08 23:36:59,304 [INFO] mysql.connector: plugin_name: caching_sha2_password
2026-02-08 23:36:59,304 [INFO] mysql.connector: AUTHENTICATION_PLUGIN_CLASS: MySQLCachingSHA2PasswordAuthPlugin
2026-02-08 23:36:59,304 [INFO] mysql.connector: package: mysql.connector.plugins
2026-02-08 23:36:59,305 [INFO] mysql.connector: plugin_name: mysql_native_password
2026-02-08 23:36:59,305 [INFO] mysql.connector: AUTHENTICATION_PLUGIN_CLASS: MySQLNativePasswordAuthPlugin
2026-02-08 23:36:59,469 [INFO] db_manager: MySQL 연결 풀 생성 완료
2026-02-08 23:36:59,495 [INFO] db_manager: 모든 테이블 생성 완료
2026-02-08 23:36:59,498 [INFO] state_manager: 상태 로드 완료: FLAT, 기준일: 2026-02-08
2026-02-08 23:36:59,499 [INFO] state_manager: 포지션 로드: 0개
2026-02-08 23:36:59,502 [INFO] state_manager: 미체결 주문 로드: 0개
2026-02-08 23:36:59,653 [INFO] kiwoom_api: KiwoomAPI 초기화 완료
2026-02-08 23:36:59,654 [INFO] strategy: MomentumStrategy 초기화 완료
2026-02-08 23:36:59,654 [INFO] scheduler: TradingScheduler 초기화 완료
2026-02-08 23:36:59,654 [INFO] __main__: 시스템 초기화 완료
2026-02-08 23:36:59,654 [INFO] __main__: [1/6] 키움 로그인 중...
2026-02-08 23:37:10,831 [INFO] kiwoom_api: 로그인 이벤트: 성공
2026-02-08 23:37:10,831 [INFO] kiwoom_api: 키움 로그인 성공
2026-02-08 23:37:10,832 [INFO] kiwoom_api: 사용자: 안건희 (ogogoogg)
2026-02-08 23:37:10,832 [INFO] kiwoom_api: 계좌 수: 2
2026-02-08 23:37:10,833 [INFO] kiwoom_api: 계좌 목록: 5016726711;5162499910;
2026-02-08 23:37:10,833 [INFO] __main__: [2/6] 계좌 정보 확인 중...
2026-02-08 23:37:10,833 [INFO] __main__: 첫 번째 계좌 자동 선택: 5016726711
2026-02-08 23:37:10,833 [ERROR] __main__: 시스템 시작 실패: 'ConfigLoader' object has no attribute 'get_account_password'
2026-02-08 23:37:10,833 [ERROR] __main__: 시스템 시작 실패
2026-02-08 23:39:12,479 [INFO] __main__: ================================================================================
2026-02-08 23:39:12,479 [INFO] __main__: ETF 모멘텀 자동매매 시스템 시작
2026-02-08 23:39:12,479 [INFO] __main__: ================================================================================
2026-02-08 23:39:12,542 [INFO] mysql.connector: package: mysql.connector.plugins
2026-02-08 23:39:12,542 [INFO] mysql.connector: plugin_name: caching_sha2_password
2026-02-08 23:39:12,543 [INFO] mysql.connector: AUTHENTICATION_PLUGIN_CLASS: MySQLCachingSHA2PasswordAuthPlugin
2026-02-08 23:39:12,543 [INFO] mysql.connector: package: mysql.connector.plugins
2026-02-08 23:39:12,543 [INFO] mysql.connector: plugin_name: mysql_native_password
2026-02-08 23:39:12,544 [INFO] mysql.connector: AUTHENTICATION_PLUGIN_CLASS: MySQLNativePasswordAuthPlugin
2026-02-08 23:39:12,719 [INFO] db_manager: MySQL 연결 풀 생성 완료
2026-02-08 23:39:12,743 [INFO] db_manager: 모든 테이블 생성 완료
2026-02-08 23:39:12,745 [INFO] state_manager: 상태 로드 완료: FLAT, 기준일: 2026-02-08
2026-02-08 23:39:12,748 [INFO] state_manager: 포지션 로드: 0개
2026-02-08 23:39:12,750 [INFO] state_manager: 미체결 주문 로드: 0개
2026-02-08 23:39:12,924 [INFO] kiwoom_api: KiwoomAPI 초기화 완료
2026-02-08 23:39:12,924 [INFO] strategy: MomentumStrategy 초기화 완료
2026-02-08 23:39:12,924 [INFO] scheduler: TradingScheduler 초기화 완료
2026-02-08 23:39:12,925 [INFO] __main__: 시스템 초기화 완료
2026-02-08 23:39:12,925 [INFO] __main__: [1/6] 키움 로그인 중...
2026-02-08 23:39:28,014 [INFO] kiwoom_api: 로그인 이벤트: 성공
2026-02-08 23:39:28,014 [INFO] kiwoom_api: 키움 로그인 성공
2026-02-08 23:39:28,014 [INFO] kiwoom_api: 사용자: 안건희 (ogogoogg)
2026-02-08 23:39:28,015 [INFO] kiwoom_api: 계좌 수: 2
2026-02-08 23:39:28,015 [INFO] kiwoom_api: 계좌 목록: 5016726711;5162499910;
2026-02-08 23:39:28,015 [INFO] __main__: [2/6] 계좌 정보 확인 중...
2026-02-08 23:39:28,015 [INFO] __main__: 첫 번째 계좌 자동 선택: 5016726711
2026-02-08 23:39:28,015 [ERROR] __main__: 시스템 시작 실패: 'ConfigLoader' object has no attribute 'get_account_password'
2026-02-08 23:39:28,017 [ERROR] __main__: 시스템 시작 실패
2026-02-08 23:41:40,439 [INFO] __main__: ================================================================================
2026-02-08 23:41:40,439 [INFO] __main__: ETF 모멘텀 자동매매 시스템 시작
2026-02-08 23:41:40,439 [INFO] __main__: ================================================================================
2026-02-08 23:41:40,502 [INFO] mysql.connector: package: mysql.connector.plugins
2026-02-08 23:41:40,502 [INFO] mysql.connector: plugin_name: caching_sha2_password
2026-02-08 23:41:40,503 [INFO] mysql.connector: AUTHENTICATION_PLUGIN_CLASS: MySQLCachingSHA2PasswordAuthPlugin
2026-02-08 23:41:40,503 [INFO] mysql.connector: package: mysql.connector.plugins
2026-02-08 23:41:40,503 [INFO] mysql.connector: plugin_name: mysql_native_password
2026-02-08 23:41:40,505 [INFO] mysql.connector: AUTHENTICATION_PLUGIN_CLASS: MySQLNativePasswordAuthPlugin
2026-02-08 23:41:40,667 [INFO] db_manager: MySQL 연결 풀 생성 완료
2026-02-08 23:41:40,692 [INFO] db_manager: 모든 테이블 생성 완료
2026-02-08 23:41:40,695 [INFO] state_manager: 상태 로드 완료: FLAT, 기준일: 2026-02-08
2026-02-08 23:41:40,697 [INFO] state_manager: 포지션 로드: 0개
2026-02-08 23:41:40,699 [INFO] state_manager: 미체결 주문 로드: 0개
2026-02-08 23:41:40,847 [INFO] kiwoom_api: KiwoomAPI 초기화 완료
2026-02-08 23:41:40,847 [INFO] strategy: MomentumStrategy 초기화 완료
2026-02-08 23:41:40,847 [INFO] scheduler: TradingScheduler 초기화 완료
2026-02-08 23:41:40,847 [INFO] __main__: 시스템 초기화 완료
2026-02-08 23:41:40,847 [INFO] __main__: [1/6] 키움 로그인 중...
2026-02-08 23:41:49,450 [INFO] kiwoom_api: 로그인 이벤트: 성공
2026-02-08 23:41:49,451 [INFO] kiwoom_api: 키움 로그인 성공
2026-02-08 23:41:49,451 [INFO] kiwoom_api: 사용자: 안건희 (ogogoogg)
2026-02-08 23:41:49,451 [INFO] kiwoom_api: 계좌 수: 2
2026-02-08 23:41:49,452 [INFO] kiwoom_api: 계좌 목록: 5016726711;5162499910;
2026-02-08 23:41:49,452 [INFO] __main__: [2/6] 계좌 정보 확인 중...
2026-02-08 23:41:49,452 [INFO] __main__: 첫 번째 계좌 자동 선택: 5016726711
2026-02-08 23:41:49,452 [ERROR] __main__: 시스템 시작 실패: 'ConfigLoader' object has no attribute 'get_account_password'
2026-02-08 23:41:49,452 [ERROR] __main__: 시스템 시작 실패
2026-02-08 23:44:24,079 [INFO] __main__: ================================================================================
2026-02-08 23:44:24,079 [INFO] __main__: ETF 모멘텀 자동매매 시스템 시작
2026-02-08 23:44:24,080 [INFO] __main__: ================================================================================
2026-02-08 23:44:24,144 [INFO] mysql.connector: package: mysql.connector.plugins
2026-02-08 23:44:24,145 [INFO] mysql.connector: plugin_name: caching_sha2_password
2026-02-08 23:44:24,145 [INFO] mysql.connector: AUTHENTICATION_PLUGIN_CLASS: MySQLCachingSHA2PasswordAuthPlugin
2026-02-08 23:44:24,145 [INFO] mysql.connector: package: mysql.connector.plugins
2026-02-08 23:44:24,146 [INFO] mysql.connector: plugin_name: mysql_native_password
2026-02-08 23:44:24,146 [INFO] mysql.connector: AUTHENTICATION_PLUGIN_CLASS: MySQLNativePasswordAuthPlugin
2026-02-08 23:44:24,306 [INFO] db_manager: MySQL 연결 풀 생성 완료
2026-02-08 23:44:24,332 [INFO] db_manager: 모든 테이블 생성 완료
2026-02-08 23:44:24,334 [INFO] state_manager: 상태 로드 완료: FLAT, 기준일: 2026-02-08
2026-02-08 23:44:24,336 [INFO] state_manager: 포지션 로드: 0개
2026-02-08 23:44:24,338 [INFO] state_manager: 미체결 주문 로드: 0개
2026-02-08 23:44:24,488 [INFO] kiwoom_api: KiwoomAPI 초기화 완료
2026-02-08 23:44:24,488 [INFO] strategy: MomentumStrategy 초기화 완료
2026-02-08 23:44:24,488 [INFO] scheduler: TradingScheduler 초기화 완료
2026-02-08 23:44:24,488 [INFO] __main__: 시스템 초기화 완료
2026-02-08 23:44:24,488 [INFO] __main__: [1/6] 키움 로그인 중...
2026-02-08 23:44:37,114 [INFO] kiwoom_api: 로그인 이벤트: 성공
2026-02-08 23:44:37,114 [INFO] kiwoom_api: 키움 로그인 성공
2026-02-08 23:44:37,115 [INFO] kiwoom_api: 사용자: 안건희 (ogogoogg)
2026-02-08 23:44:37,115 [INFO] kiwoom_api: 계좌 수: 2
2026-02-08 23:44:37,115 [INFO] kiwoom_api: 계좌 목록: 5016726711;5162499910;
2026-02-08 23:44:37,115 [INFO] __main__: [2/6] 계좌 정보 확인 중...
2026-02-08 23:44:37,115 [INFO] __main__: 첫 번째 계좌 자동 선택: 5016726711
2026-02-08 23:44:37,115 [INFO] __main__: 설정 파일에서 읽은 비밀번호: 없음
2026-02-08 23:44:37,115 [WARNING] __main__: ⚠️ 계좌 비밀번호 미설정 - 수동 입력 필요
2026-02-08 23:44:37,118 [INFO] __main__: [3/6] 데이터 확인 중...
2026-02-08 23:44:37,392 [INFO] __main__: 모든 종목 데이터 충분
2026-02-08 23:44:37,392 [INFO] __main__: 데이터 충분 - 수집 생략
2026-02-08 23:44:37,392 [INFO] __main__: [4/6] 이벤트 핸들러 등록 중...
2026-02-08 23:44:37,392 [ERROR] __main__: 시스템 시작 실패: 'KiwoomAPI' object has no attribute 'chejanseongche_callbacks'
2026-02-08 23:44:37,393 [ERROR] __main__: 시스템 시작 실패
2026-02-08 23:49:19,395 [INFO] __main__: ================================================================================
2026-02-08 23:49:19,395 [INFO] __main__: ETF 모멘텀 자동매매 시스템 시작
2026-02-08 23:49:19,395 [INFO] __main__: ================================================================================
2026-02-08 23:49:19,460 [INFO] mysql.connector: package: mysql.connector.plugins
2026-02-08 23:49:19,460 [INFO] mysql.connector: plugin_name: caching_sha2_password
2026-02-08 23:49:19,460 [INFO] mysql.connector: AUTHENTICATION_PLUGIN_CLASS: MySQLCachingSHA2PasswordAuthPlugin
2026-02-08 23:49:19,462 [INFO] mysql.connector: package: mysql.connector.plugins
2026-02-08 23:49:19,462 [INFO] mysql.connector: plugin_name: mysql_native_password
2026-02-08 23:49:19,462 [INFO] mysql.connector: AUTHENTICATION_PLUGIN_CLASS: MySQLNativePasswordAuthPlugin
2026-02-08 23:49:19,632 [INFO] db_manager: MySQL 연결 풀 생성 완료
2026-02-08 23:49:19,656 [INFO] db_manager: 모든 테이블 생성 완료
2026-02-08 23:49:19,659 [INFO] state_manager: 상태 로드 완료: FLAT, 기준일: 2026-02-08
2026-02-08 23:49:19,661 [INFO] state_manager: 포지션 로드: 0개
2026-02-08 23:49:19,663 [INFO] state_manager: 미체결 주문 로드: 0개
2026-02-08 23:49:19,803 [INFO] kiwoom_api: KiwoomAPI 초기화 완료
2026-02-08 23:49:19,804 [INFO] strategy: MomentumStrategy 초기화 완료
2026-02-08 23:49:19,804 [INFO] scheduler: TradingScheduler 초기화 완료
2026-02-08 23:49:19,804 [INFO] __main__: 시스템 초기화 완료
2026-02-08 23:49:19,804 [INFO] __main__: [1/6] 키움 로그인 중...
2026-02-08 23:49:33,018 [INFO] kiwoom_api: 로그인 이벤트: 성공
2026-02-08 23:49:33,019 [INFO] kiwoom_api: 키움 로그인 성공
2026-02-08 23:49:33,019 [INFO] kiwoom_api: 사용자: 안건희 (ogogoogg)
2026-02-08 23:49:33,019 [INFO] kiwoom_api: 계좌 수: 2
2026-02-08 23:49:33,019 [INFO] kiwoom_api: 계좌 목록: 5016726711;5162499910;
2026-02-08 23:49:33,019 [INFO] __main__: [2/6] 계좌 정보 확인 중...
2026-02-08 23:49:33,019 [INFO] __main__: 첫 번째 계좌 자동 선택: 5016726711
2026-02-08 23:49:33,019 [INFO] __main__: 설정 파일에서 읽은 비밀번호: 없음
2026-02-08 23:49:33,019 [WARNING] __main__: ⚠️ 계좌 비밀번호 미설정 - 수동 입력 필요
2026-02-08 23:49:33,021 [INFO] __main__: [3/6] 데이터 확인 중...
2026-02-08 23:49:33,284 [INFO] __main__: 모든 종목 데이터 충분
2026-02-08 23:49:33,284 [INFO] __main__: 데이터 충분 - 수집 생략
2026-02-08 23:49:33,284 [INFO] __main__: [4/6] 이벤트 핸들러 등록 중...
2026-02-08 23:49:33,284 [ERROR] __main__: 시스템 시작 실패: 'KiwoomAPI' object has no attribute 'chejanseongche_callbacks'
2026-02-08 23:49:33,284 [ERROR] __main__: 시스템 시작 실패
2026-02-08 23:50:37,899 [INFO] __main__: ================================================================================
2026-02-08 23:50:37,899 [INFO] __main__: ETF 모멘텀 자동매매 시스템 시작
2026-02-08 23:50:37,899 [INFO] __main__: ================================================================================
2026-02-08 23:50:37,966 [INFO] mysql.connector: package: mysql.connector.plugins
2026-02-08 23:50:37,966 [INFO] mysql.connector: plugin_name: caching_sha2_password
2026-02-08 23:50:37,966 [INFO] mysql.connector: AUTHENTICATION_PLUGIN_CLASS: MySQLCachingSHA2PasswordAuthPlugin
2026-02-08 23:50:37,967 [INFO] mysql.connector: package: mysql.connector.plugins
2026-02-08 23:50:37,967 [INFO] mysql.connector: plugin_name: mysql_native_password
2026-02-08 23:50:37,968 [INFO] mysql.connector: AUTHENTICATION_PLUGIN_CLASS: MySQLNativePasswordAuthPlugin
2026-02-08 23:50:38,130 [INFO] db_manager: MySQL 연결 풀 생성 완료
2026-02-08 23:50:38,156 [INFO] db_manager: 모든 테이블 생성 완료
2026-02-08 23:50:38,159 [INFO] state_manager: 상태 로드 완료: FLAT, 기준일: 2026-02-08
2026-02-08 23:50:38,161 [INFO] state_manager: 포지션 로드: 0개
2026-02-08 23:50:38,163 [INFO] state_manager: 미체결 주문 로드: 0개
2026-02-08 23:50:38,312 [INFO] kiwoom_api: KiwoomAPI 초기화 완료
2026-02-08 23:50:38,312 [INFO] strategy: MomentumStrategy 초기화 완료
2026-02-08 23:50:38,312 [INFO] scheduler: TradingScheduler 초기화 완료
2026-02-08 23:50:38,312 [INFO] __main__: 시스템 초기화 완료
2026-02-08 23:50:38,313 [INFO] __main__: [1/6] 키움 로그인 중...
2026-02-08 23:50:47,932 [INFO] kiwoom_api: 로그인 이벤트: 성공
2026-02-08 23:50:47,932 [INFO] kiwoom_api: 키움 로그인 성공
2026-02-08 23:50:47,933 [INFO] kiwoom_api: 사용자: 안건희 (ogogoogg)
2026-02-08 23:50:47,933 [INFO] kiwoom_api: 계좌 수: 2
2026-02-08 23:50:47,933 [INFO] kiwoom_api: 계좌 목록: 5016726711;5162499910;
2026-02-08 23:50:47,933 [INFO] __main__: [2/6] 계좌 정보 확인 중...
2026-02-08 23:50:47,933 [INFO] __main__: 첫 번째 계좌 자동 선택: 5016726711
2026-02-08 23:50:47,933 [INFO] __main__: 설정 파일에서 읽은 비밀번호: 없음
2026-02-08 23:50:47,934 [WARNING] __main__: ⚠️ 계좌 비밀번호 미설정 - 수동 입력 필요
2026-02-08 23:50:47,934 [INFO] __main__: [3/6] 데이터 확인 중...
2026-02-08 23:50:48,194 [INFO] __main__: 모든 종목 데이터 충분
2026-02-08 23:50:48,195 [INFO] __main__: 데이터 충분 - 수집 생략
2026-02-08 23:50:48,195 [INFO] __main__: [4/6] 이벤트 핸들러 등록 중...
2026-02-08 23:50:48,195 [ERROR] __main__: 시스템 시작 실패: 'KiwoomAPI' object has no attribute 'chejanseongche_callbacks'
2026-02-08 23:50:48,195 [ERROR] __main__: 시스템 시작 실패
2026-02-08 23:51:52,177 [INFO] __main__: ================================================================================
2026-02-08 23:51:52,177 [INFO] __main__: ETF 모멘텀 자동매매 시스템 시작
2026-02-08 23:51:52,177 [INFO] __main__: ================================================================================
2026-02-08 23:51:52,241 [INFO] mysql.connector: package: mysql.connector.plugins
2026-02-08 23:51:52,241 [INFO] mysql.connector: plugin_name: caching_sha2_password
2026-02-08 23:51:52,241 [INFO] mysql.connector: AUTHENTICATION_PLUGIN_CLASS: MySQLCachingSHA2PasswordAuthPlugin
2026-02-08 23:51:52,242 [INFO] mysql.connector: package: mysql.connector.plugins
2026-02-08 23:51:52,242 [INFO] mysql.connector: plugin_name: mysql_native_password
2026-02-08 23:51:52,243 [INFO] mysql.connector: AUTHENTICATION_PLUGIN_CLASS: MySQLNativePasswordAuthPlugin
2026-02-08 23:51:52,401 [INFO] db_manager: MySQL 연결 풀 생성 완료
2026-02-08 23:51:52,428 [INFO] db_manager: 모든 테이블 생성 완료
2026-02-08 23:51:52,430 [INFO] state_manager: 상태 로드 완료: FLAT, 기준일: 2026-02-08
2026-02-08 23:51:52,432 [INFO] state_manager: 포지션 로드: 0개
2026-02-08 23:51:52,433 [INFO] state_manager: 미체결 주문 로드: 0개
2026-02-08 23:51:52,585 [INFO] kiwoom_api: KiwoomAPI 초기화 완료
2026-02-08 23:51:52,585 [INFO] strategy: MomentumStrategy 초기화 완료
2026-02-08 23:51:52,585 [INFO] scheduler: TradingScheduler 초기화 완료
2026-02-08 23:51:52,586 [INFO] __main__: 시스템 초기화 완료
2026-02-08 23:51:52,586 [INFO] __main__: [1/6] 키움 로그인 중...
2026-02-08 23:52:37,307 [INFO] kiwoom_api: 로그인 이벤트: 성공
2026-02-08 23:52:37,308 [INFO] kiwoom_api: 키움 로그인 성공
2026-02-08 23:52:37,308 [INFO] kiwoom_api: 사용자: 안건희 (ogogoogg)
2026-02-08 23:52:37,308 [INFO] kiwoom_api: 계좌 수: 2
2026-02-08 23:52:37,308 [INFO] kiwoom_api: 계좌 목록: 5016726711;5162499910;
2026-02-08 23:52:37,308 [INFO] __main__: [2/6] 계좌 정보 확인 중...
2026-02-08 23:52:37,309 [INFO] __main__: 두 번째 계좌 자동 선택: 5162499910
2026-02-08 23:52:37,309 [INFO] __main__: 설정 파일에서 읽은 비밀번호: 없음
2026-02-08 23:52:37,309 [WARNING] __main__: ⚠️ 계좌 비밀번호 미설정 - 수동 입력 필요
2026-02-08 23:52:37,309 [INFO] __main__: [3/6] 데이터 확인 중...
2026-02-08 23:52:39,637 [INFO] __main__: 모든 종목 데이터 충분
2026-02-08 23:52:39,638 [INFO] __main__: 데이터 충분 - 수집 생략
2026-02-08 23:52:39,638 [INFO] __main__: [4/6] 이벤트 핸들러 등록 중...
2026-02-08 23:52:39,638 [ERROR] __main__: 시스템 시작 실패: 'KiwoomAPI' object has no attribute 'chejanseongche_callbacks'
2026-02-08 23:52:39,638 [ERROR] __main__: 시스템 시작 실패
2026-02-08 23:53:52,470 [INFO] __main__: ================================================================================
2026-02-08 23:53:52,470 [INFO] __main__: ETF 모멘텀 자동매매 시스템 시작
2026-02-08 23:53:52,471 [INFO] __main__: ================================================================================
2026-02-08 23:53:52,535 [INFO] mysql.connector: package: mysql.connector.plugins
2026-02-08 23:53:52,535 [INFO] mysql.connector: plugin_name: caching_sha2_password
2026-02-08 23:53:52,536 [INFO] mysql.connector: AUTHENTICATION_PLUGIN_CLASS: MySQLCachingSHA2PasswordAuthPlugin
2026-02-08 23:53:52,537 [INFO] mysql.connector: package: mysql.connector.plugins
2026-02-08 23:53:52,537 [INFO] mysql.connector: plugin_name: mysql_native_password
2026-02-08 23:53:52,538 [INFO] mysql.connector: AUTHENTICATION_PLUGIN_CLASS: MySQLNativePasswordAuthPlugin
2026-02-08 23:53:52,702 [INFO] db_manager: MySQL 연결 풀 생성 완료
2026-02-08 23:53:52,727 [INFO] db_manager: 모든 테이블 생성 완료
2026-02-08 23:53:52,730 [INFO] state_manager: 상태 로드 완료: FLAT, 기준일: 2026-02-08
2026-02-08 23:53:52,731 [INFO] state_manager: 포지션 로드: 0개
2026-02-08 23:53:52,732 [INFO] state_manager: 미체결 주문 로드: 0개
2026-02-08 23:53:52,889 [INFO] kiwoom_api: KiwoomAPI 초기화 완료
2026-02-08 23:53:52,889 [INFO] strategy: MomentumStrategy 초기화 완료
2026-02-08 23:53:52,889 [INFO] scheduler: TradingScheduler 초기화 완료
2026-02-08 23:53:52,889 [INFO] __main__: 시스템 초기화 완료
2026-02-08 23:53:52,889 [INFO] __main__: [1/6] 키움 로그인 중...
2026-02-08 23:54:04,451 [INFO] kiwoom_api: 로그인 이벤트: 성공
2026-02-08 23:54:04,452 [INFO] kiwoom_api: 키움 로그인 성공
2026-02-08 23:54:04,452 [INFO] kiwoom_api: 사용자: 안건희 (ogogoogg)
2026-02-08 23:54:04,452 [INFO] kiwoom_api: 계좌 수: 2
2026-02-08 23:54:04,452 [INFO] kiwoom_api: 계좌 목록: 5016726711;5162499910;
2026-02-08 23:54:04,452 [INFO] __main__: [2/6] 계좌 정보 확인 중...
2026-02-08 23:54:04,453 [INFO] __main__: 첫 번째 계좌 자동 선택: 5016726711
2026-02-08 23:54:04,453 [INFO] __main__: 설정 파일에서 읽은 비밀번호: 없음
2026-02-08 23:54:04,453 [WARNING] __main__: ⚠️ 계좌 비밀번호 미설정 - 수동 입력 필요
2026-02-08 23:54:04,453 [INFO] __main__: [3/6] 데이터 확인 중...
2026-02-08 23:54:04,705 [INFO] __main__: 모든 종목 데이터 충분
2026-02-08 23:54:04,706 [INFO] __main__: 데이터 충분 - 수집 생략
2026-02-08 23:54:04,706 [INFO] __main__: [4/6] 이벤트 핸들러 등록 중...
2026-02-08 23:54:04,706 [ERROR] __main__: 시스템 시작 실패: 'KiwoomAPI' object has no attribute 'chejanseongche_callbacks'
2026-02-08 23:54:04,706 [ERROR] __main__: 시스템 시작 실패
2026-02-08 23:56:57,295 [INFO] __main__: ================================================================================
2026-02-08 23:56:57,295 [INFO] __main__: ETF 모멘텀 자동매매 시스템 시작
2026-02-08 23:56:57,295 [INFO] __main__: ================================================================================
2026-02-08 23:56:57,354 [INFO] mysql.connector: package: mysql.connector.plugins
2026-02-08 23:56:57,355 [INFO] mysql.connector: plugin_name: caching_sha2_password
2026-02-08 23:56:57,355 [INFO] mysql.connector: AUTHENTICATION_PLUGIN_CLASS: MySQLCachingSHA2PasswordAuthPlugin
2026-02-08 23:56:57,355 [INFO] mysql.connector: package: mysql.connector.plugins
2026-02-08 23:56:57,356 [INFO] mysql.connector: plugin_name: mysql_native_password
2026-02-08 23:56:57,357 [INFO] mysql.connector: AUTHENTICATION_PLUGIN_CLASS: MySQLNativePasswordAuthPlugin
2026-02-08 23:56:57,508 [INFO] db_manager: MySQL 연결 풀 생성 완료
2026-02-08 23:56:57,534 [INFO] db_manager: 모든 테이블 생성 완료
2026-02-08 23:56:57,536 [INFO] state_manager: 상태 로드 완료: FLAT, 기준일: 2026-02-08
2026-02-08 23:56:57,538 [INFO] state_manager: 포지션 로드: 0개
2026-02-08 23:56:57,540 [INFO] state_manager: 미체결 주문 로드: 0개
2026-02-08 23:56:57,694 [INFO] kiwoom_api: KiwoomAPI 초기화 완료
2026-02-08 23:56:57,694 [INFO] strategy: MomentumStrategy 초기화 완료
2026-02-08 23:56:57,695 [INFO] scheduler: TradingScheduler 초기화 완료
2026-02-08 23:56:57,695 [INFO] __main__: 시스템 초기화 완료
2026-02-08 23:56:57,695 [INFO] __main__: [1/6] 키움 로그인 중...
2026-02-08 23:57:05,808 [INFO] kiwoom_api: 로그인 이벤트: 성공
2026-02-08 23:57:05,808 [INFO] kiwoom_api: 키움 로그인 성공
2026-02-08 23:57:05,808 [INFO] kiwoom_api: 사용자: 안건희 (ogogoogg)
2026-02-08 23:57:05,808 [INFO] kiwoom_api: 계좌 수: 2
2026-02-08 23:57:05,809 [INFO] kiwoom_api: 계좌 목록: 5016726711;5162499910;
2026-02-08 23:57:05,809 [INFO] __main__: [2/6] 계좌 정보 확인 중...
2026-02-08 23:57:05,809 [INFO] __main__: 첫 번째 계좌 자동 선택: 5016726711
2026-02-08 23:57:05,809 [INFO] __main__: 설정 파일에서 읽은 비밀번호: 없음
2026-02-08 23:57:05,809 [WARNING] __main__: ⚠️ 계좌 비밀번호 미설정 - 수동 입력 필요
2026-02-08 23:57:05,809 [INFO] __main__: [3/6] 데이터 확인 중...
2026-02-08 23:57:06,059 [INFO] __main__: 모든 종목 데이터 충분
2026-02-08 23:57:06,059 [INFO] __main__: 데이터 충분 - 수집 생략
2026-02-08 23:57:06,059 [INFO] __main__: [4/6] 이벤트 핸들러 등록 중...
2026-02-08 23:57:06,059 [ERROR] __main__: 시스템 시작 실패: 'KiwoomAPI' object has no attribute 'chejanseongche_callbacks'
2026-02-08 23:57:06,059 [ERROR] __main__: 시스템 시작 실패
2026-02-08 23:58:54,328 [INFO] __main__: ================================================================================
2026-02-08 23:58:54,328 [INFO] __main__: ETF 모멘텀 자동매매 시스템 시작
2026-02-08 23:58:54,328 [INFO] __main__: ================================================================================
2026-02-08 23:58:54,392 [INFO] mysql.connector: package: mysql.connector.plugins
2026-02-08 23:58:54,392 [INFO] mysql.connector: plugin_name: caching_sha2_password
2026-02-08 23:58:54,393 [INFO] mysql.connector: AUTHENTICATION_PLUGIN_CLASS: MySQLCachingSHA2PasswordAuthPlugin
2026-02-08 23:58:54,393 [INFO] mysql.connector: package: mysql.connector.plugins
2026-02-08 23:58:54,393 [INFO] mysql.connector: plugin_name: mysql_native_password
2026-02-08 23:58:54,395 [INFO] mysql.connector: AUTHENTICATION_PLUGIN_CLASS: MySQLNativePasswordAuthPlugin
2026-02-08 23:58:54,552 [INFO] db_manager: MySQL 연결 풀 생성 완료
2026-02-08 23:58:54,578 [INFO] db_manager: 모든 테이블 생성 완료
2026-02-08 23:58:54,581 [INFO] state_manager: 상태 로드 완료: FLAT, 기준일: 2026-02-08
2026-02-08 23:58:54,583 [INFO] state_manager: 포지션 로드: 0개
2026-02-08 23:58:54,585 [INFO] state_manager: 미체결 주문 로드: 0개
2026-02-08 23:58:54,737 [INFO] kiwoom_api: KiwoomAPI 초기화 완료
2026-02-08 23:58:54,738 [INFO] strategy: MomentumStrategy 초기화 완료
2026-02-08 23:58:54,738 [INFO] scheduler: TradingScheduler 초기화 완료
2026-02-08 23:58:54,738 [INFO] __main__: 시스템 초기화 완료
2026-02-08 23:58:54,738 [INFO] __main__: [1/6] 키움 로그인 중...
2026-02-08 23:59:03,050 [INFO] kiwoom_api: 로그인 이벤트: 성공
2026-02-08 23:59:03,050 [INFO] kiwoom_api: 키움 로그인 성공
2026-02-08 23:59:03,050 [INFO] kiwoom_api: 사용자: 안건희 (ogogoogg)
2026-02-08 23:59:03,050 [INFO] kiwoom_api: 계좌 수: 2
2026-02-08 23:59:03,051 [INFO] kiwoom_api: 계좌 목록: 5016726711;5162499910;
2026-02-08 23:59:03,051 [INFO] __main__: [2/6] 계좌 정보 확인 중...
2026-02-08 23:59:03,051 [INFO] __main__: 설정 파일 계좌번호: 
2026-02-08 23:59:03,051 [INFO] __main__: 자동 선택 설정: True
2026-02-08 23:59:03,051 [INFO] __main__: 첫 번째 계좌 자동 선택: 5016726711
2026-02-08 23:59:03,051 [INFO] __main__: 설정 파일에서 읽은 비밀번호: 없음
2026-02-08 23:59:03,052 [WARNING] __main__: ⚠️ 계좌 비밀번호 미설정 - 수동 입력 필요
2026-02-08 23:59:03,052 [INFO] __main__: [3/6] 데이터 확인 중...
2026-02-08 23:59:03,305 [INFO] __main__: 모든 종목 데이터 충분
2026-02-08 23:59:03,305 [INFO] __main__: 데이터 충분 - 수집 생략
2026-02-08 23:59:03,305 [INFO] __main__: [4/6] 이벤트 핸들러 등록 중...
2026-02-08 23:59:03,306 [ERROR] __main__: 시스템 시작 실패: 'KiwoomAPI' object has no attribute 'chejanseongche_callbacks'
2026-02-08 23:59:03,306 [ERROR] __main__: 시스템 시작 실패
2026-02-08 23:59:48,655 [INFO] __main__: ================================================================================
2026-02-08 23:59:48,656 [INFO] __main__: ETF 모멘텀 자동매매 시스템 시작
2026-02-08 23:59:48,656 [INFO] __main__: ================================================================================
2026-02-08 23:59:48,718 [INFO] mysql.connector: package: mysql.connector.plugins
2026-02-08 23:59:48,718 [INFO] mysql.connector: plugin_name: caching_sha2_password
2026-02-08 23:59:48,718 [INFO] mysql.connector: AUTHENTICATION_PLUGIN_CLASS: MySQLCachingSHA2PasswordAuthPlugin
2026-02-08 23:59:48,719 [INFO] mysql.connector: package: mysql.connector.plugins
2026-02-08 23:59:48,719 [INFO] mysql.connector: plugin_name: mysql_native_password
2026-02-08 23:59:48,720 [INFO] mysql.connector: AUTHENTICATION_PLUGIN_CLASS: MySQLNativePasswordAuthPlugin
2026-02-08 23:59:48,875 [INFO] db_manager: MySQL 연결 풀 생성 완료
2026-02-08 23:59:48,899 [INFO] db_manager: 모든 테이블 생성 완료
2026-02-08 23:59:48,903 [INFO] state_manager: 상태 로드 완료: FLAT, 기준일: 2026-02-08
2026-02-08 23:59:48,905 [INFO] state_manager: 포지션 로드: 0개
2026-02-08 23:59:48,907 [INFO] state_manager: 미체결 주문 로드: 0개
2026-02-08 23:59:49,087 [INFO] kiwoom_api: KiwoomAPI 초기화 완료
2026-02-08 23:59:49,087 [INFO] strategy: MomentumStrategy 초기화 완료
2026-02-08 23:59:49,087 [INFO] scheduler: TradingScheduler 초기화 완료
2026-02-08 23:59:49,087 [INFO] __main__: 시스템 초기화 완료
2026-02-08 23:59:49,087 [INFO] __main__: [1/6] 키움 로그인 중...
2026-02-08 23:59:58,364 [INFO] kiwoom_api: 로그인 이벤트: 성공
2026-02-08 23:59:58,364 [INFO] kiwoom_api: 키움 로그인 성공
2026-02-08 23:59:58,365 [INFO] kiwoom_api: 사용자: 안건희 (ogogoogg)
2026-02-08 23:59:58,365 [INFO] kiwoom_api: 계좌 수: 2
2026-02-08 23:59:58,365 [INFO] kiwoom_api: 계좌 목록: 5016726711;5162499910;
2026-02-08 23:59:58,365 [INFO] __main__: [2/6] 계좌 정보 확인 중...
2026-02-08 23:59:58,365 [INFO] __main__: 설정 파일 계좌번호: 
2026-02-08 23:59:58,365 [INFO] __main__: 자동 선택 설정: True
2026-02-08 23:59:58,366 [INFO] __main__: 첫 번째 계좌 자동 선택: 5016726711
2026-02-08 23:59:58,366 [INFO] __main__: 설정 파일에서 읽은 비밀번호: 없음
2026-02-08 23:59:58,366 [WARNING] __main__: ⚠️ 계좌 비밀번호 미설정 - 수동 입력 필요
2026-02-08 23:59:58,366 [INFO] __main__: [3/6] 데이터 확인 중...
2026-02-08 23:59:58,634 [INFO] __main__: 모든 종목 데이터 충분
2026-02-08 23:59:58,634 [INFO] __main__: 데이터 충분 - 수집 생략
2026-02-08 23:59:58,634 [INFO] __main__: [4/6] 이벤트 핸들러 등록 중...
2026-02-08 23:59:58,634 [ERROR] __main__: 시스템 시작 실패: 'KiwoomAPI' object has no attribute 'chejanseongche_callbacks'
2026-02-08 23:59:58,634 [ERROR] __main__: 시스템 시작 실패
2026-02-09 00:00:32,376 [INFO] __main__: ================================================================================
2026-02-09 00:00:32,377 [INFO] __main__: ETF 모멘텀 자동매매 시스템 시작
2026-02-09 00:00:32,377 [INFO] __main__: ================================================================================
2026-02-09 00:00:32,450 [INFO] mysql.connector: package: mysql.connector.plugins
2026-02-09 00:00:32,451 [INFO] mysql.connector: plugin_name: caching_sha2_password
2026-02-09 00:00:32,451 [INFO] mysql.connector: AUTHENTICATION_PLUGIN_CLASS: MySQLCachingSHA2PasswordAuthPlugin
2026-02-09 00:00:32,451 [INFO] mysql.connector: package: mysql.connector.plugins
2026-02-09 00:00:32,452 [INFO] mysql.connector: plugin_name: mysql_native_password
2026-02-09 00:00:32,453 [INFO] mysql.connector: AUTHENTICATION_PLUGIN_CLASS: MySQLNativePasswordAuthPlugin
2026-02-09 00:00:32,612 [INFO] db_manager: MySQL 연결 풀 생성 완료
2026-02-09 00:00:32,637 [INFO] db_manager: 모든 테이블 생성 완료
2026-02-09 00:00:32,640 [INFO] state_manager: 상태 로드 완료: FLAT, 기준일: 2026-02-08
2026-02-09 00:00:32,642 [INFO] state_manager: 포지션 로드: 0개
2026-02-09 00:00:32,644 [INFO] state_manager: 미체결 주문 로드: 0개
2026-02-09 00:00:32,794 [INFO] kiwoom_api: KiwoomAPI 초기화 완료
2026-02-09 00:00:32,794 [INFO] strategy: MomentumStrategy 초기화 완료
2026-02-09 00:00:32,794 [INFO] scheduler: TradingScheduler 초기화 완료
2026-02-09 00:00:32,795 [INFO] __main__: 시스템 초기화 완료
2026-02-09 00:00:32,795 [INFO] __main__: [1/6] 키움 로그인 중...
2026-02-09 00:00:40,778 [INFO] kiwoom_api: 로그인 이벤트: 성공
2026-02-09 00:00:40,779 [INFO] kiwoom_api: 키움 로그인 성공
2026-02-09 00:00:40,779 [INFO] kiwoom_api: 사용자: 안건희 (ogogoogg)
2026-02-09 00:00:40,779 [INFO] kiwoom_api: 계좌 수: 2
2026-02-09 00:00:40,779 [INFO] kiwoom_api: 계좌 목록: 5016726711;5162499910;
2026-02-09 00:00:40,779 [INFO] __main__: [2/6] 계좌 정보 확인 중...
2026-02-09 00:00:40,780 [INFO] __main__: 설정 파일 계좌번호: 
2026-02-09 00:00:40,780 [INFO] __main__: 자동 선택 설정: True
2026-02-09 00:00:40,780 [INFO] __main__: 첫 번째 계좌 자동 선택: 5016726711
2026-02-09 00:00:40,780 [INFO] __main__: 설정 파일에서 읽은 비밀번호: 없음
2026-02-09 00:00:40,780 [WARNING] __main__: ⚠️ 계좌 비밀번호 미설정 - 수동 입력 필요
2026-02-09 00:00:40,780 [INFO] __main__: [3/6] 데이터 확인 중...
2026-02-09 00:00:41,039 [INFO] __main__: 모든 종목 데이터 충분
2026-02-09 00:00:41,039 [INFO] __main__: 데이터 충분 - 수집 생략
2026-02-09 00:00:41,039 [INFO] __main__: [4/6] 이벤트 핸들러 등록 중...
2026-02-09 00:00:41,040 [ERROR] __main__: 시스템 시작 실패: 'KiwoomAPI' object has no attribute 'chejanseongche_callbacks'
2026-02-09 00:00:41,040 [ERROR] __main__: 시스템 시작 실패
2026-02-09 00:01:29,911 [INFO] __main__: ================================================================================
2026-02-09 00:01:29,911 [INFO] __main__: ETF 모멘텀 자동매매 시스템 시작
2026-02-09 00:01:29,912 [INFO] __main__: ================================================================================
2026-02-09 00:01:29,971 [INFO] mysql.connector: package: mysql.connector.plugins
2026-02-09 00:01:29,971 [INFO] mysql.connector: plugin_name: caching_sha2_password
2026-02-09 00:01:29,972 [INFO] mysql.connector: AUTHENTICATION_PLUGIN_CLASS: MySQLCachingSHA2PasswordAuthPlugin
2026-02-09 00:01:29,972 [INFO] mysql.connector: package: mysql.connector.plugins
2026-02-09 00:01:29,972 [INFO] mysql.connector: plugin_name: mysql_native_password
2026-02-09 00:01:29,973 [INFO] mysql.connector: AUTHENTICATION_PLUGIN_CLASS: MySQLNativePasswordAuthPlugin
2026-02-09 00:01:30,129 [INFO] db_manager: MySQL 연결 풀 생성 완료
2026-02-09 00:01:30,154 [INFO] db_manager: 모든 테이블 생성 완료
2026-02-09 00:01:30,157 [INFO] state_manager: 상태 로드 완료: FLAT, 기준일: 2026-02-08
2026-02-09 00:01:30,159 [INFO] state_manager: 포지션 로드: 0개
2026-02-09 00:01:30,162 [INFO] state_manager: 미체결 주문 로드: 0개
2026-02-09 00:01:30,310 [INFO] kiwoom_api: KiwoomAPI 초기화 완료
2026-02-09 00:01:30,311 [INFO] strategy: MomentumStrategy 초기화 완료
2026-02-09 00:01:30,311 [INFO] scheduler: TradingScheduler 초기화 완료
2026-02-09 00:01:30,311 [INFO] __main__: 시스템 초기화 완료
2026-02-09 00:01:30,311 [INFO] __main__: [1/6] 키움 로그인 중...
2026-02-09 00:01:38,583 [INFO] kiwoom_api: 로그인 이벤트: 성공
2026-02-09 00:01:38,583 [INFO] kiwoom_api: 키움 로그인 성공
2026-02-09 00:01:38,584 [INFO] kiwoom_api: 사용자: 안건희 (ogogoogg)
2026-02-09 00:01:38,584 [INFO] kiwoom_api: 계좌 수: 2
2026-02-09 00:01:38,584 [INFO] kiwoom_api: 계좌 목록: 5016726711;5162499910;
2026-02-09 00:01:38,584 [INFO] __main__: [2/6] 계좌 정보 확인 중...
2026-02-09 00:01:38,585 [INFO] __main__: 설정 파일 계좌번호: 
2026-02-09 00:01:38,585 [INFO] __main__: 자동 선택 설정: True
2026-02-09 00:01:38,585 [INFO] __main__: 첫 번째 계좌 자동 선택: 5016726711
2026-02-09 00:01:38,585 [INFO] __main__: 설정 파일에서 읽은 비밀번호: 없음
2026-02-09 00:01:38,585 [WARNING] __main__: ⚠️ 계좌 비밀번호 미설정 - 수동 입력 필요
2026-02-09 00:01:38,585 [INFO] __main__: [3/6] 데이터 확인 중...
2026-02-09 00:01:38,842 [INFO] __main__: 모든 종목 데이터 충분
2026-02-09 00:01:38,843 [INFO] __main__: 데이터 충분 - 수집 생략
2026-02-09 00:01:38,843 [INFO] __main__: [4/6] 이벤트 핸들러 등록 중...
2026-02-09 00:01:38,843 [ERROR] __main__: 시스템 시작 실패: 'KiwoomAPI' object has no attribute 'chejanseongche_callbacks'
2026-02-09 00:01:38,843 [ERROR] __main__: 시스템 시작 실패
2026-02-09 00:06:02,324 [INFO] __main__: ================================================================================
2026-02-09 00:06:02,324 [INFO] __main__: ETF 모멘텀 자동매매 시스템 시작
2026-02-09 00:06:02,324 [INFO] __main__: ================================================================================
2026-02-09 00:06:02,387 [INFO] mysql.connector: package: mysql.connector.plugins
2026-02-09 00:06:02,388 [INFO] mysql.connector: plugin_name: caching_sha2_password
2026-02-09 00:06:02,388 [INFO] mysql.connector: AUTHENTICATION_PLUGIN_CLASS: MySQLCachingSHA2PasswordAuthPlugin
2026-02-09 00:06:02,388 [INFO] mysql.connector: package: mysql.connector.plugins
2026-02-09 00:06:02,388 [INFO] mysql.connector: plugin_name: mysql_native_password
2026-02-09 00:06:02,390 [INFO] mysql.connector: AUTHENTICATION_PLUGIN_CLASS: MySQLNativePasswordAuthPlugin
2026-02-09 00:06:02,560 [INFO] db_manager: MySQL 연결 풀 생성 완료
2026-02-09 00:06:02,586 [INFO] db_manager: 모든 테이블 생성 완료
2026-02-09 00:06:02,589 [INFO] state_manager: 상태 로드 완료: FLAT, 기준일: 2026-02-08
2026-02-09 00:06:02,591 [INFO] state_manager: 포지션 로드: 0개
2026-02-09 00:06:02,592 [INFO] state_manager: 미체결 주문 로드: 0개
2026-02-09 00:06:02,749 [INFO] kiwoom_api: KiwoomAPI 초기화 완료
2026-02-09 00:06:02,749 [INFO] strategy: MomentumStrategy 초기화 완료
2026-02-09 00:06:02,750 [INFO] scheduler: TradingScheduler 초기화 완료
2026-02-09 00:06:02,750 [INFO] __main__: 시스템 초기화 완료
2026-02-09 00:06:02,750 [INFO] __main__: [1/6] 키움 로그인 중...
2026-02-09 00:06:10,122 [INFO] kiwoom_api: 로그인 이벤트: 성공
2026-02-09 00:06:10,122 [INFO] kiwoom_api: 키움 로그인 성공
2026-02-09 00:06:10,122 [INFO] kiwoom_api: 사용자: 안건희 (ogogoogg)
2026-02-09 00:06:10,123 [INFO] kiwoom_api: 계좌 수: 2
2026-02-09 00:06:10,123 [INFO] kiwoom_api: 계좌 목록: 5016726711;5162499910;
2026-02-09 00:06:10,123 [INFO] __main__: [2/6] 계좌 정보 확인 중...
2026-02-09 00:06:10,123 [INFO] __main__: 설정 파일 계좌번호: 
2026-02-09 00:06:10,123 [INFO] __main__: 자동 선택 설정: True
2026-02-09 00:06:10,123 [INFO] __main__: 첫 번째 계좌 자동 선택: 5016726711
2026-02-09 00:06:10,123 [INFO] __main__: 설정 파일에서 읽은 비밀번호: 없음
2026-02-09 00:06:10,123 [WARNING] __main__: ⚠️ 계좌 비밀번호 미설정 - 수동 입력 필요
2026-02-09 00:06:10,123 [INFO] __main__: [3/6] 데이터 확인 중...
2026-02-09 00:06:10,377 [INFO] __main__: 모든 종목 데이터 충분
2026-02-09 00:06:10,377 [INFO] __main__: 데이터 충분 - 수집 생략
2026-02-09 00:06:10,377 [INFO] __main__: [4/6] 이벤트 핸들러 등록 중...
2026-02-09 00:06:10,377 [ERROR] __main__: 시스템 시작 실패: 'KiwoomAPI' object has no attribute 'chejanseongche_callbacks'
2026-02-09 00:06:10,377 [ERROR] __main__: 시스템 시작 실패
2026-02-09 00:09:31,826 [INFO] __main__: ================================================================================
2026-02-09 00:09:31,826 [INFO] __main__: ETF 모멘텀 자동매매 시스템 시작
2026-02-09 00:09:31,827 [INFO] __main__: ================================================================================
2026-02-09 00:09:31,827 [WARNING] config_loader: 설정 파일 없음: settings.ini
2026-02-09 00:09:31,829 [INFO] config_loader: 기본 설정 파일 생성: settings.ini
2026-02-09 00:09:31,899 [INFO] mysql.connector: package: mysql.connector.plugins
2026-02-09 00:09:31,899 [INFO] mysql.connector: plugin_name: caching_sha2_password
2026-02-09 00:09:31,900 [INFO] mysql.connector: AUTHENTICATION_PLUGIN_CLASS: MySQLCachingSHA2PasswordAuthPlugin
2026-02-09 00:09:31,900 [INFO] mysql.connector: package: mysql.connector.plugins
2026-02-09 00:09:31,901 [INFO] mysql.connector: plugin_name: mysql_native_password
2026-02-09 00:09:31,902 [INFO] mysql.connector: AUTHENTICATION_PLUGIN_CLASS: MySQLNativePasswordAuthPlugin
2026-02-09 00:09:32,060 [INFO] db_manager: MySQL 연결 풀 생성 완료
2026-02-09 00:09:32,083 [INFO] db_manager: 모든 테이블 생성 완료
2026-02-09 00:09:32,086 [INFO] state_manager: 상태 로드 완료: FLAT, 기준일: 2026-02-08
2026-02-09 00:09:32,088 [INFO] state_manager: 포지션 로드: 0개
2026-02-09 00:09:32,090 [INFO] state_manager: 미체결 주문 로드: 0개
2026-02-09 00:09:32,237 [INFO] kiwoom_api: KiwoomAPI 초기화 완료
2026-02-09 00:09:32,237 [INFO] strategy: MomentumStrategy 초기화 완료
2026-02-09 00:09:32,237 [INFO] scheduler: TradingScheduler 초기화 완료
2026-02-09 00:09:32,237 [INFO] __main__: 시스템 초기화 완료
2026-02-09 00:09:32,237 [INFO] __main__: [1/6] 키움 로그인 중...
2026-02-09 00:09:50,916 [INFO] kiwoom_api: 로그인 이벤트: 성공
2026-02-09 00:09:50,916 [INFO] kiwoom_api: 키움 로그인 성공
2026-02-09 00:09:50,917 [INFO] kiwoom_api: 사용자: 안건희 (ogogoogg)
2026-02-09 00:09:50,917 [INFO] kiwoom_api: 계좌 수: 2
2026-02-09 00:09:50,917 [INFO] kiwoom_api: 계좌 목록: 5016726711;5162499910;
2026-02-09 00:09:50,917 [INFO] __main__: [2/6] 계좌 정보 확인 중...
2026-02-09 00:09:50,917 [INFO] __main__: 설정 파일 계좌번호: 
2026-02-09 00:09:50,917 [INFO] __main__: 자동 선택 설정: True
2026-02-09 00:09:50,918 [INFO] __main__: 첫 번째 계좌 자동 선택: 5016726711
2026-02-09 00:09:50,918 [INFO] __main__: 설정 파일에서 읽은 비밀번호: 없음
2026-02-09 00:09:50,918 [WARNING] __main__: ⚠️ 계좌 비밀번호 미설정 - 수동 입력 필요
2026-02-09 00:09:50,918 [INFO] __main__: [3/6] 데이터 확인 중...
2026-02-09 00:09:51,186 [INFO] __main__: 모든 종목 데이터 충분
2026-02-09 00:09:51,187 [INFO] __main__: 데이터 충분 - 수집 생략
2026-02-09 00:09:51,187 [INFO] __main__: [4/6] 이벤트 핸들러 등록 중...
2026-02-09 00:09:51,187 [ERROR] __main__: 시스템 시작 실패: 'KiwoomAPI' object has no attribute 'chejanseongche_callbacks'
2026-02-09 00:09:51,187 [ERROR] __main__: 시스템 시작 실패
2026-02-09 00:10:12,922 [INFO] __main__: ================================================================================
2026-02-09 00:10:12,922 [INFO] __main__: ETF 모멘텀 자동매매 시스템 시작
2026-02-09 00:10:12,922 [INFO] __main__: ================================================================================
2026-02-09 00:10:12,987 [INFO] mysql.connector: package: mysql.connector.plugins
2026-02-09 00:10:12,987 [INFO] mysql.connector: plugin_name: caching_sha2_password
2026-02-09 00:10:12,987 [INFO] mysql.connector: AUTHENTICATION_PLUGIN_CLASS: MySQLCachingSHA2PasswordAuthPlugin
2026-02-09 00:10:12,988 [INFO] mysql.connector: package: mysql.connector.plugins
2026-02-09 00:10:12,988 [INFO] mysql.connector: plugin_name: mysql_native_password
2026-02-09 00:10:12,990 [INFO] mysql.connector: AUTHENTICATION_PLUGIN_CLASS: MySQLNativePasswordAuthPlugin
2026-02-09 00:10:13,147 [INFO] db_manager: MySQL 연결 풀 생성 완료
2026-02-09 00:10:13,170 [INFO] db_manager: 모든 테이블 생성 완료
2026-02-09 00:10:13,173 [INFO] state_manager: 상태 로드 완료: FLAT, 기준일: 2026-02-08
2026-02-09 00:10:13,175 [INFO] state_manager: 포지션 로드: 0개
2026-02-09 00:10:13,176 [INFO] state_manager: 미체결 주문 로드: 0개
2026-02-09 00:10:13,320 [INFO] kiwoom_api: KiwoomAPI 초기화 완료
2026-02-09 00:10:13,320 [INFO] strategy: MomentumStrategy 초기화 완료
2026-02-09 00:10:13,321 [INFO] scheduler: TradingScheduler 초기화 완료
2026-02-09 00:10:13,321 [INFO] __main__: 시스템 초기화 완료
2026-02-09 00:10:13,321 [INFO] __main__: [1/6] 키움 로그인 중...
2026-02-09 00:10:21,448 [INFO] kiwoom_api: 로그인 이벤트: 성공
2026-02-09 00:10:21,448 [INFO] kiwoom_api: 키움 로그인 성공
2026-02-09 00:10:21,448 [INFO] kiwoom_api: 사용자: 안건희 (ogogoogg)
2026-02-09 00:10:21,448 [INFO] kiwoom_api: 계좌 수: 2
2026-02-09 00:10:21,448 [INFO] kiwoom_api: 계좌 목록: 5016726711;5162499910;
2026-02-09 00:10:21,450 [INFO] __main__: [2/6] 계좌 정보 확인 중...
2026-02-09 00:10:21,450 [INFO] __main__: 설정 파일 계좌번호: 
2026-02-09 00:10:21,450 [INFO] __main__: 자동 선택 설정: True
2026-02-09 00:10:21,450 [INFO] __main__: 첫 번째 계좌 자동 선택: 5016726711
2026-02-09 00:10:21,450 [INFO] __main__: 설정 파일에서 읽은 비밀번호: 없음
2026-02-09 00:10:21,450 [WARNING] __main__: ⚠️ 계좌 비밀번호 미설정 - 수동 입력 필요
2026-02-09 00:10:21,450 [INFO] __main__: [3/6] 데이터 확인 중...
2026-02-09 00:10:21,703 [INFO] __main__: 모든 종목 데이터 충분
2026-02-09 00:10:21,703 [INFO] __main__: 데이터 충분 - 수집 생략
2026-02-09 00:10:21,703 [INFO] __main__: [4/6] 이벤트 핸들러 등록 중...
2026-02-09 00:10:21,703 [ERROR] __main__: 시스템 시작 실패: 'KiwoomAPI' object has no attribute 'chejanseongche_callbacks'
2026-02-09 00:10:21,703 [ERROR] __main__: 시스템 시작 실패
2026-02-09 00:10:42,989 [INFO] __main__: ================================================================================
2026-02-09 00:10:42,989 [INFO] __main__: ETF 모멘텀 자동매매 시스템 시작
2026-02-09 00:10:42,989 [INFO] __main__: ================================================================================
2026-02-09 00:10:43,050 [INFO] mysql.connector: package: mysql.connector.plugins
2026-02-09 00:10:43,050 [INFO] mysql.connector: plugin_name: caching_sha2_password
2026-02-09 00:10:43,050 [INFO] mysql.connector: AUTHENTICATION_PLUGIN_CLASS: MySQLCachingSHA2PasswordAuthPlugin
2026-02-09 00:10:43,051 [INFO] mysql.connector: package: mysql.connector.plugins
2026-02-09 00:10:43,051 [INFO] mysql.connector: plugin_name: mysql_native_password
2026-02-09 00:10:43,053 [INFO] mysql.connector: AUTHENTICATION_PLUGIN_CLASS: MySQLNativePasswordAuthPlugin
2026-02-09 00:10:43,219 [INFO] db_manager: MySQL 연결 풀 생성 완료
2026-02-09 00:10:43,244 [INFO] db_manager: 모든 테이블 생성 완료
2026-02-09 00:10:43,247 [INFO] state_manager: 상태 로드 완료: FLAT, 기준일: 2026-02-08
2026-02-09 00:10:43,248 [INFO] state_manager: 포지션 로드: 0개
2026-02-09 00:10:43,250 [INFO] state_manager: 미체결 주문 로드: 0개
2026-02-09 00:10:43,397 [INFO] kiwoom_api: KiwoomAPI 초기화 완료
2026-02-09 00:10:43,398 [INFO] strategy: MomentumStrategy 초기화 완료
2026-02-09 00:10:43,398 [INFO] scheduler: TradingScheduler 초기화 완료
2026-02-09 00:10:43,398 [INFO] __main__: 시스템 초기화 완료
2026-02-09 00:10:43,398 [INFO] __main__: [1/6] 키움 로그인 중...
2026-02-09 00:10:51,792 [INFO] kiwoom_api: 로그인 이벤트: 성공
2026-02-09 00:10:51,792 [INFO] kiwoom_api: 키움 로그인 성공
2026-02-09 00:10:51,792 [INFO] kiwoom_api: 사용자: 안건희 (ogogoogg)
2026-02-09 00:10:51,793 [INFO] kiwoom_api: 계좌 수: 2
2026-02-09 00:10:51,793 [INFO] kiwoom_api: 계좌 목록: 5016726711;5162499910;
2026-02-09 00:10:51,793 [INFO] __main__: [2/6] 계좌 정보 확인 중...
2026-02-09 00:10:51,793 [INFO] __main__: 설정 파일 계좌번호: 5162499910
2026-02-09 00:10:51,793 [INFO] __main__: 자동 선택 설정: False
2026-02-09 00:10:51,794 [INFO] __main__: 설정된 계좌 사용: 5162499910
2026-02-09 00:10:51,794 [INFO] __main__: 설정 파일에서 읽은 비밀번호: 설정됨
2026-02-09 00:10:51,794 [INFO] kiwoom_api: 계좌 비밀번호 설정 완료
2026-02-09 00:10:51,794 [INFO] __main__: 계좌 비밀번호 설정 완료 (길이: 4자리)
2026-02-09 00:10:51,794 [INFO] __main__: [3/6] 데이터 확인 중...
2026-02-09 00:10:52,056 [INFO] __main__: 모든 종목 데이터 충분
2026-02-09 00:10:52,056 [INFO] __main__: 데이터 충분 - 수집 생략
2026-02-09 00:10:52,056 [INFO] __main__: [4/6] 이벤트 핸들러 등록 중...
2026-02-09 00:10:52,056 [ERROR] __main__: 시스템 시작 실패: 'KiwoomAPI' object has no attribute 'chejanseongche_callbacks'
2026-02-09 00:10:52,056 [ERROR] __main__: 시스템 시작 실패
2026-02-09 00:12:44,836 [INFO] __main__: ================================================================================
2026-02-09 00:12:44,836 [INFO] __main__: ETF 모멘텀 자동매매 시스템 시작
2026-02-09 00:12:44,837 [INFO] __main__: ================================================================================
2026-02-09 00:12:44,906 [INFO] mysql.connector: package: mysql.connector.plugins
2026-02-09 00:12:44,907 [INFO] mysql.connector: plugin_name: caching_sha2_password
2026-02-09 00:12:44,907 [INFO] mysql.connector: AUTHENTICATION_PLUGIN_CLASS: MySQLCachingSHA2PasswordAuthPlugin
2026-02-09 00:12:44,908 [INFO] mysql.connector: package: mysql.connector.plugins
2026-02-09 00:12:44,908 [INFO] mysql.connector: plugin_name: mysql_native_password
2026-02-09 00:12:44,909 [INFO] mysql.connector: AUTHENTICATION_PLUGIN_CLASS: MySQLNativePasswordAuthPlugin
2026-02-09 00:12:45,065 [INFO] db_manager: MySQL 연결 풀 생성 완료
2026-02-09 00:12:45,088 [INFO] db_manager: 모든 테이블 생성 완료
2026-02-09 00:12:45,090 [INFO] state_manager: 상태 로드 완료: FLAT, 기준일: 2026-02-08
2026-02-09 00:12:45,094 [INFO] state_manager: 포지션 로드: 0개
2026-02-09 00:12:45,096 [INFO] state_manager: 미체결 주문 로드: 0개
2026-02-09 00:12:45,257 [INFO] kiwoom_api: KiwoomAPI 초기화 완료
2026-02-09 00:12:45,257 [INFO] strategy: MomentumStrategy 초기화 완료
2026-02-09 00:12:45,257 [INFO] scheduler: TradingScheduler 초기화 완료
2026-02-09 00:12:45,258 [INFO] __main__: 시스템 초기화 완료
2026-02-09 00:12:45,258 [INFO] __main__: [1/6] 키움 로그인 중...
2026-02-09 00:12:57,394 [INFO] kiwoom_api: 로그인 이벤트: 성공
2026-02-09 00:12:57,395 [INFO] kiwoom_api: 키움 로그인 성공
2026-02-09 00:12:57,395 [INFO] kiwoom_api: 사용자: 안건희 (ogogoogg)
2026-02-09 00:12:57,395 [INFO] kiwoom_api: 계좌 수: 2
2026-02-09 00:12:57,395 [INFO] kiwoom_api: 계좌 목록: 5016726711;5162499910;
2026-02-09 00:12:57,395 [INFO] __main__: [2/6] 계좌 정보 확인 중...
2026-02-09 00:12:57,396 [INFO] __main__: 설정 파일 계좌번호: 5162499910
2026-02-09 00:12:57,396 [INFO] __main__: 자동 선택 설정: False
2026-02-09 00:12:57,396 [INFO] __main__: 설정된 계좌 사용: 5162499910
2026-02-09 00:12:57,396 [INFO] __main__: 설정 파일에서 읽은 비밀번호: 설정됨
2026-02-09 00:12:57,396 [INFO] kiwoom_api: 계좌 비밀번호 설정 완료
2026-02-09 00:12:57,397 [INFO] __main__: 계좌 비밀번호 설정 완료 (길이: 4자리)
2026-02-09 00:12:57,397 [INFO] __main__: [3/6] 데이터 확인 중...
2026-02-09 00:12:57,658 [INFO] __main__: 모든 종목 데이터 충분
2026-02-09 00:12:57,658 [INFO] __main__: 데이터 충분 - 수집 생략
2026-02-09 00:12:57,658 [INFO] __main__: [4/6] 이벤트 핸들러 등록 중...
2026-02-09 00:12:57,658 [WARNING] __main__: 체결 콜백 등록 실패: 'KiwoomAPI' object has no attribute 'chejanseongche_callbacks'
2026-02-09 00:12:57,658 [INFO] __main__: [5/6] 스케줄 등록 중...
2026-02-09 00:12:57,659 [INFO] scheduler: 작업 등록: 청산_실행 @ 09:00:10
2026-02-09 00:12:57,659 [INFO] scheduler: 작업 등록: 진입_감시_시작 @ 09:00:30
2026-02-09 00:12:57,659 [INFO] scheduler: 작업 등록: 미체결_취소 @ 14:50:00
2026-02-09 00:12:57,659 [INFO] scheduler: 작업 등록: 장마감후_계산 @ 15:35:00
2026-02-09 00:12:57,659 [INFO] scheduler: ============================================================
2026-02-09 00:12:57,659 [INFO] scheduler: 등록된 작업 목록
2026-02-09 00:12:57,659 [INFO] scheduler: ============================================================
2026-02-09 00:12:57,659 [INFO] scheduler:   09:00:10 - 청산_실행
2026-02-09 00:12:57,661 [INFO] scheduler:   09:00:30 - 진입_감시_시작
2026-02-09 00:12:57,661 [INFO] scheduler:   14:50:00 - 미체결_취소
2026-02-09 00:12:57,661 [INFO] scheduler:   15:35:00 - 장마감후_계산
2026-02-09 00:12:57,661 [INFO] scheduler: ============================================================
2026-02-09 00:12:57,661 [INFO] __main__: [6/6] 스케줄러 시작...
2026-02-09 00:12:57,662 [INFO] scheduler: 스케줄러 시작
2026-02-09 00:12:57,663 [WARNING] __main__: 웹 대시보드 시작 실패: No module named 'flask'
2026-02-09 00:12:57,663 [INFO] __main__: ================================================================================
2026-02-09 00:12:57,664 [INFO] __main__: 시스템 시작 완료
2026-02-09 00:12:57,664 [INFO] __main__: ================================================================================
2026-02-09 00:12:57,664 [INFO] __main__: ================================================================================
2026-02-09 00:12:57,664 [INFO] __main__: 현재 시스템 상태
2026-02-09 00:12:57,664 [INFO] __main__: ================================================================================
2026-02-09 00:12:57,664 [INFO] __main__: 상태: FLAT
2026-02-09 00:12:57,665 [INFO] __main__: 기준일: 2026-02-08
2026-02-09 00:12:57,665 [INFO] __main__: 청산 대기: 0
2026-02-09 00:12:57,665 [INFO] __main__: 포지션 수: 0
2026-02-09 00:12:57,665 [INFO] __main__: 진입 후보 수: 0
2026-02-09 00:12:57,665 [INFO] __main__: 미체결 주문 수: 0
2026-02-09 00:12:57,665 [INFO] __main__: --------------------------------------------------------------------------------
2026-02-09 00:13:03,530 [ERROR] kiwoom_api: 예수금 조회 요청 실패
2026-02-09 00:13:05,742 [ERROR] kiwoom_api: 잔고 조회 요청 실패
2026-02-09 00:13:05,742 [INFO] __main__: 예수금: 0원
2026-02-09 00:13:05,742 [INFO] __main__: 주문가능금액: 0원
2026-02-09 00:13:05,744 [INFO] __main__: 주식평가액: 0원
2026-02-09 00:13:05,744 [INFO] __main__: 총자산: 0원
2026-02-09 00:13:05,744 [INFO] __main__: ================================================================================
2026-02-09 00:13:57,390 [INFO] __main__: ================================================================================
2026-02-09 00:13:57,390 [INFO] __main__: 현재 시스템 상태
2026-02-09 00:13:57,390 [INFO] __main__: ================================================================================
2026-02-09 00:13:57,391 [INFO] __main__: 상태: FLAT
2026-02-09 00:13:57,391 [INFO] __main__: 기준일: 2026-02-08
2026-02-09 00:13:57,391 [INFO] __main__: 청산 대기: 0
2026-02-09 00:13:57,391 [INFO] __main__: 포지션 수: 0
2026-02-09 00:13:57,391 [INFO] __main__: 진입 후보 수: 0
2026-02-09 00:13:57,391 [INFO] __main__: 미체결 주문 수: 0
2026-02-09 00:13:57,391 [INFO] __main__: --------------------------------------------------------------------------------
2026-02-09 00:14:46,599 [ERROR] kiwoom_api: 예수금 조회 요청 실패
2026-02-09 00:14:47,291 [ERROR] kiwoom_api: 잔고 조회 요청 실패
2026-02-09 00:14:47,291 [INFO] __main__: 예수금: 0원
2026-02-09 00:14:47,291 [INFO] __main__: 주문가능금액: 0원
2026-02-09 00:14:47,291 [INFO] __main__: 주식평가액: 0원
2026-02-09 00:14:47,291 [INFO] __main__: 총자산: 0원
2026-02-09 00:14:47,292 [INFO] __main__: ================================================================================
2026-02-09 00:21:29,148 [INFO] __main__: ================================================================================
2026-02-09 00:21:29,148 [INFO] __main__: ETF 모멘텀 자동매매 시스템 시작
2026-02-09 00:21:29,148 [INFO] __main__: ================================================================================
2026-02-09 00:21:29,226 [INFO] mysql.connector: package: mysql.connector.plugins
2026-02-09 00:21:29,226 [INFO] mysql.connector: plugin_name: caching_sha2_password
2026-02-09 00:21:29,226 [INFO] mysql.connector: AUTHENTICATION_PLUGIN_CLASS: MySQLCachingSHA2PasswordAuthPlugin
2026-02-09 00:21:29,226 [INFO] mysql.connector: package: mysql.connector.plugins
2026-02-09 00:21:29,226 [INFO] mysql.connector: plugin_name: mysql_native_password
2026-02-09 00:21:29,230 [INFO] mysql.connector: AUTHENTICATION_PLUGIN_CLASS: MySQLNativePasswordAuthPlugin
2026-02-09 00:21:29,386 [INFO] db_manager: MySQL 연결 풀 생성 완료
2026-02-09 00:21:29,411 [INFO] db_manager: 모든 테이블 생성 완료
2026-02-09 00:21:29,417 [INFO] state_manager: 상태 로드 완료: FLAT, 기준일: 2026-02-08
2026-02-09 00:21:29,417 [INFO] state_manager: 포지션 로드: 0개
2026-02-09 00:21:29,417 [INFO] state_manager: 미체결 주문 로드: 0개
2026-02-09 00:21:31,043 [INFO] kiwoom_api: KiwoomAPI 초기화 완료
2026-02-09 00:21:31,059 [INFO] strategy: MomentumStrategy 초기화 완료
2026-02-09 00:21:31,059 [INFO] scheduler: TradingScheduler 초기화 완료
2026-02-09 00:21:31,059 [INFO] __main__: 시스템 초기화 완료
2026-02-09 00:21:31,059 [INFO] __main__: [1/6] 키움 로그인 중...
2026-02-09 00:21:42,727 [INFO] kiwoom_api: 로그인 이벤트: 성공
2026-02-09 00:21:42,727 [INFO] kiwoom_api: 키움 로그인 성공
2026-02-09 00:21:42,727 [INFO] kiwoom_api: 사용자: 안건희 (ogogoogg)
2026-02-09 00:21:42,727 [INFO] kiwoom_api: 계좌 수: 2
2026-02-09 00:21:42,727 [INFO] kiwoom_api: 계좌 목록: 5016726711;5162499910;
2026-02-09 00:21:42,727 [INFO] __main__: [2/6] 계좌 정보 확인 중...
2026-02-09 00:21:42,727 [INFO] __main__: 설정 파일 계좌번호: 5162499910
2026-02-09 00:21:42,727 [INFO] __main__: 자동 선택 설정: False
2026-02-09 00:21:42,727 [INFO] __main__: 설정된 계좌 사용: 5162499910
2026-02-09 00:21:42,727 [INFO] __main__: 설정 파일에서 읽은 비밀번호: 설정됨
2026-02-09 00:21:42,727 [INFO] kiwoom_api: 계좌 비밀번호 설정 완료
2026-02-09 00:21:42,727 [INFO] __main__: 계좌 비밀번호 설정 완료 (길이: 4자리)
2026-02-09 00:21:42,727 [INFO] __main__: [3/6] 데이터 확인 중...
2026-02-09 00:21:43,188 [INFO] __main__: 모든 종목 데이터 충분
2026-02-09 00:21:43,195 [INFO] __main__: 데이터 충분 - 수집 생략
2026-02-09 00:21:43,195 [INFO] __main__: [4/6] 이벤트 핸들러 등록 중...
2026-02-09 00:21:43,195 [WARNING] __main__: 체결 콜백 등록 실패: 'KiwoomAPI' object has no attribute 'chejanseongche_callbacks'
2026-02-09 00:21:43,195 [INFO] __main__: [5/6] 스케줄 등록 중...
2026-02-09 00:21:43,196 [INFO] scheduler: 작업 등록: 청산_실행 @ 09:00:10
2026-02-09 00:21:43,196 [INFO] scheduler: 작업 등록: 진입_감시_시작 @ 09:00:30
2026-02-09 00:21:43,196 [INFO] scheduler: 작업 등록: 미체결_취소 @ 14:50:00
2026-02-09 00:21:43,196 [INFO] scheduler: 작업 등록: 장마감후_계산 @ 15:35:00
2026-02-09 00:21:43,196 [INFO] scheduler: ============================================================
2026-02-09 00:21:43,196 [INFO] scheduler: 등록된 작업 목록
2026-02-09 00:21:43,196 [INFO] scheduler: ============================================================
2026-02-09 00:21:43,196 [INFO] scheduler:   09:00:10 - 청산_실행
2026-02-09 00:21:43,196 [INFO] scheduler:   09:00:30 - 진입_감시_시작
2026-02-09 00:21:43,196 [INFO] scheduler:   14:50:00 - 미체결_취소
2026-02-09 00:21:43,196 [INFO] scheduler:   15:35:00 - 장마감후_계산
2026-02-09 00:21:43,196 [INFO] scheduler: ============================================================
2026-02-09 00:21:43,196 [INFO] __main__: [6/6] 스케줄러 시작...
2026-02-09 00:21:43,196 [INFO] scheduler: 스케줄러 시작
2026-02-09 00:21:43,202 [WARNING] __main__: 웹 대시보드 시작 실패: No module named 'flask'
2026-02-09 00:21:43,202 [INFO] __main__: ================================================================================
2026-02-09 00:21:43,202 [INFO] __main__: 시스템 시작 완료
2026-02-09 00:21:43,202 [INFO] __main__: ================================================================================
2026-02-09 00:21:43,202 [INFO] __main__: ================================================================================
2026-02-09 00:21:43,202 [INFO] __main__: 현재 시스템 상태
2026-02-09 00:21:43,202 [INFO] __main__: ================================================================================
2026-02-09 00:21:43,202 [INFO] __main__: 상태: FLAT
2026-02-09 00:21:43,202 [INFO] __main__: 기준일: 2026-02-08
2026-02-09 00:21:43,202 [INFO] __main__: 청산 대기: 0
2026-02-09 00:21:43,202 [INFO] __main__: 포지션 수: 0
2026-02-09 00:21:43,202 [INFO] __main__: 진입 후보 수: 0
2026-02-09 00:21:43,202 [INFO] __main__: 미체결 주문 수: 0
2026-02-09 00:21:43,202 [INFO] __main__: --------------------------------------------------------------------------------
2026-02-09 00:24:05,183 [INFO] __main__: 종료 시그널 수신
2026-02-09 00:24:05,183 [INFO] __main__: 시스템 종료 중...
2026-02-09 00:24:06,184 [INFO] scheduler: 스케줄러 중지
2026-02-09 00:24:06,185 [INFO] kiwoom_api: 실시간 해제: ALL
2026-02-09 00:24:06,186 [INFO] kiwoom_api: 키움 API 연결 해제
2026-02-09 00:24:06,186 [INFO] __main__: 시스템 종료 완료
2026-02-09 00:24:22,816 [INFO] __main__: ================================================================================
2026-02-09 00:24:22,816 [INFO] __main__: ETF 모멘텀 자동매매 시스템 시작
2026-02-09 00:24:22,817 [INFO] __main__: ================================================================================
2026-02-09 00:24:22,888 [INFO] mysql.connector: package: mysql.connector.plugins
2026-02-09 00:24:22,888 [INFO] mysql.connector: plugin_name: caching_sha2_password
2026-02-09 00:24:22,888 [INFO] mysql.connector: AUTHENTICATION_PLUGIN_CLASS: MySQLCachingSHA2PasswordAuthPlugin
2026-02-09 00:24:22,889 [INFO] mysql.connector: package: mysql.connector.plugins
2026-02-09 00:24:22,889 [INFO] mysql.connector: plugin_name: mysql_native_password
2026-02-09 00:24:22,891 [INFO] mysql.connector: AUTHENTICATION_PLUGIN_CLASS: MySQLNativePasswordAuthPlugin
2026-02-09 00:24:23,060 [INFO] db_manager: MySQL 연결 풀 생성 완료
2026-02-09 00:24:23,122 [INFO] db_manager: 모든 테이블 생성 완료
2026-02-09 00:24:23,125 [INFO] state_manager: 상태 로드 완료: FLAT, 기준일: 2026-02-08
2026-02-09 00:24:23,128 [INFO] state_manager: 포지션 로드: 0개
2026-02-09 00:24:23,130 [INFO] state_manager: 미체결 주문 로드: 0개
2026-02-09 00:24:24,702 [INFO] kiwoom_api: KiwoomAPI 초기화 완료
2026-02-09 00:24:24,702 [INFO] strategy: MomentumStrategy 초기화 완료
2026-02-09 00:24:24,702 [INFO] scheduler: TradingScheduler 초기화 완료
2026-02-09 00:24:24,702 [INFO] __main__: 시스템 초기화 완료
2026-02-09 00:24:24,702 [INFO] __main__: [1/6] 키움 로그인 중...
2026-02-09 00:24:36,227 [INFO] kiwoom_api: 로그인 이벤트: 성공
2026-02-09 00:24:36,227 [INFO] kiwoom_api: 키움 로그인 성공
2026-02-09 00:24:36,228 [INFO] kiwoom_api: 사용자: 안건희 (ogogoogg)
2026-02-09 00:24:36,228 [INFO] kiwoom_api: 계좌 수: 2
2026-02-09 00:24:36,228 [INFO] kiwoom_api: 계좌 목록: 5016726711;5162499910;
2026-02-09 00:24:36,228 [INFO] __main__: [2/6] 계좌 정보 확인 중...
2026-02-09 00:24:36,229 [INFO] __main__: 설정 파일 계좌번호: 5162499910
2026-02-09 00:24:36,229 [INFO] __main__: 자동 선택 설정: False
2026-02-09 00:24:36,229 [INFO] __main__: 설정된 계좌 사용: 5162499910
2026-02-09 00:24:36,229 [INFO] __main__: 설정 파일에서 읽은 비밀번호: 설정됨
2026-02-09 00:24:36,229 [INFO] kiwoom_api: 계좌 비밀번호 설정 완료
2026-02-09 00:24:36,229 [INFO] __main__: 계좌 비밀번호 설정 완료 (길이: 4자리)
2026-02-09 00:24:36,230 [INFO] __main__: [3/6] 데이터 확인 중...
2026-02-09 00:24:36,566 [INFO] __main__: 모든 종목 데이터 충분
2026-02-09 00:24:36,566 [INFO] __main__: 데이터 충분 - 수집 생략
2026-02-09 00:24:36,567 [INFO] __main__: [4/6] 이벤트 핸들러 등록 중...
2026-02-09 00:24:36,567 [WARNING] __main__: 체결 콜백 등록 실패: 'KiwoomAPI' object has no attribute 'chejanseongche_callbacks'
2026-02-09 00:24:36,567 [INFO] __main__: [5/6] 스케줄 등록 중...
2026-02-09 00:24:36,568 [INFO] scheduler: 작업 등록: 청산_실행 @ 09:00:10
2026-02-09 00:24:36,568 [INFO] scheduler: 작업 등록: 진입_감시_시작 @ 09:00:30
2026-02-09 00:24:36,568 [INFO] scheduler: 작업 등록: 미체결_취소 @ 14:50:00
2026-02-09 00:24:36,569 [INFO] scheduler: 작업 등록: 장마감후_계산 @ 15:35:00
2026-02-09 00:24:36,569 [INFO] scheduler: ============================================================
2026-02-09 00:24:36,569 [INFO] scheduler: 등록된 작업 목록
2026-02-09 00:24:36,570 [INFO] scheduler: ============================================================
2026-02-09 00:24:36,570 [INFO] scheduler:   09:00:10 - 청산_실행
2026-02-09 00:24:36,570 [INFO] scheduler:   09:00:30 - 진입_감시_시작
2026-02-09 00:24:36,570 [INFO] scheduler:   14:50:00 - 미체결_취소
2026-02-09 00:24:36,570 [INFO] scheduler:   15:35:00 - 장마감후_계산
2026-02-09 00:24:36,570 [INFO] scheduler: ============================================================
2026-02-09 00:24:36,570 [INFO] __main__: [6/6] 스케줄러 시작...
2026-02-09 00:24:36,572 [INFO] scheduler: 스케줄러 시작
2026-02-09 00:24:36,962 [INFO] db_manager: MySQL 연결 풀 생성 완료
2026-02-09 00:24:37,024 [INFO] db_manager: 모든 테이블 생성 완료
2026-02-09 00:24:37,029 [INFO] state_manager: 상태 로드 완료: FLAT, 기준일: 2026-02-08
2026-02-09 00:24:37,032 [INFO] state_manager: 포지션 로드: 0개
2026-02-09 00:24:37,034 [INFO] state_manager: 미체결 주문 로드: 0개
2026-02-09 00:24:37,038 [INFO] __main__: 웹 대시보드 시작: http://localhost:5000
2026-02-09 00:24:37,039 [INFO] __main__: ================================================================================
2026-02-09 00:24:37,039 [INFO] __main__: 시스템 시작 완료
2026-02-09 00:24:37,040 [INFO] __main__: ================================================================================
2026-02-09 00:24:37,040 [INFO] __main__: ================================================================================
2026-02-09 00:24:37,040 [INFO] __main__: 현재 시스템 상태
2026-02-09 00:24:37,040 [INFO] __main__: ================================================================================
2026-02-09 00:24:37,042 [INFO] __main__: 상태: FLAT
2026-02-09 00:24:37,043 [INFO] __main__: 기준일: 2026-02-08
2026-02-09 00:24:37,043 [INFO] __main__: 청산 대기: 0
2026-02-09 00:24:37,044 [INFO] __main__: 포지션 수: 0
2026-02-09 00:24:37,044 [INFO] __main__: 진입 후보 수: 0
2026-02-09 00:24:37,047 [INFO] __main__: 미체결 주문 수: 0
2026-02-09 00:24:37,048 [INFO] __main__: --------------------------------------------------------------------------------
2026-02-09 00:56:08,936 [INFO] __main__: ================================================================================
2026-02-09 00:56:08,936 [INFO] __main__: ETF 모멘텀 자동매매 시스템 시작
2026-02-09 00:56:08,937 [INFO] __main__: ================================================================================
2026-02-09 00:56:09,029 [INFO] mysql.connector: package: mysql.connector.plugins
2026-02-09 00:56:09,029 [INFO] mysql.connector: plugin_name: caching_sha2_password
2026-02-09 00:56:09,029 [INFO] mysql.connector: AUTHENTICATION_PLUGIN_CLASS: MySQLCachingSHA2PasswordAuthPlugin
2026-02-09 00:56:09,030 [INFO] mysql.connector: package: mysql.connector.plugins
2026-02-09 00:56:09,030 [INFO] mysql.connector: plugin_name: mysql_native_password
2026-02-09 00:56:09,031 [INFO] mysql.connector: AUTHENTICATION_PLUGIN_CLASS: MySQLNativePasswordAuthPlugin
2026-02-09 00:56:09,188 [INFO] db_manager: MySQL 연결 풀 생성 완료
2026-02-09 00:56:09,236 [INFO] db_manager: 모든 테이블 생성 완료
2026-02-09 00:56:09,239 [INFO] state_manager: 상태 로드 완료: FLAT, 기준일: 2026-02-08
2026-02-09 00:56:09,241 [INFO] state_manager: 포지션 로드: 0개
2026-02-09 00:56:09,244 [INFO] state_manager: 미체결 주문 로드: 0개
2026-02-09 00:56:11,117 [INFO] kiwoom_api: KiwoomAPI 초기화 완료
2026-02-09 00:56:11,117 [INFO] strategy: MomentumStrategy 초기화 완료
2026-02-09 00:56:11,117 [INFO] scheduler: TradingScheduler 초기화 완료
2026-02-09 00:56:11,118 [INFO] __main__: 시스템 초기화 완료
2026-02-09 00:56:11,118 [INFO] __main__: [1/6] 키움 로그인 중...
2026-02-09 00:56:30,605 [INFO] kiwoom_api: 로그인 이벤트: 성공
2026-02-09 00:56:30,605 [INFO] kiwoom_api: 키움 로그인 성공
2026-02-09 00:56:30,606 [INFO] kiwoom_api: 사용자: 안건희 (ogogoogg)
2026-02-09 00:56:30,606 [INFO] kiwoom_api: 계좌 수: 1
2026-02-09 00:56:30,606 [INFO] kiwoom_api: 계좌 목록: 6559584010;
2026-02-09 00:56:30,607 [INFO] __main__: [2/6] 계좌 정보 확인 중...
2026-02-09 00:56:30,607 [INFO] __main__: 설정 파일 계좌번호: 6559584010
2026-02-09 00:56:30,607 [INFO] __main__: 자동 선택 설정: False
2026-02-09 00:56:30,607 [INFO] __main__: 설정된 계좌 사용: 6559584010
2026-02-09 00:56:30,607 [INFO] __main__: 설정 파일에서 읽은 비밀번호: 설정됨
2026-02-09 00:56:30,607 [INFO] kiwoom_api: 계좌 비밀번호 설정 완료
2026-02-09 00:56:30,609 [INFO] __main__: 계좌 비밀번호 설정 완료 (길이: 4자리)
2026-02-09 00:56:30,609 [INFO] __main__: [3/6] 데이터 확인 중...
2026-02-09 00:56:33,171 [INFO] __main__: 모든 종목 데이터 충분
2026-02-09 00:56:33,171 [INFO] __main__: 데이터 충분 - 수집 생략
2026-02-09 00:56:33,172 [INFO] __main__: [4/6] 이벤트 핸들러 등록 중...
2026-02-09 00:56:33,172 [WARNING] __main__: 체결 콜백 등록 실패: 'KiwoomAPI' object has no attribute 'chejanseongche_callbacks'
2026-02-09 00:56:33,172 [INFO] __main__: [5/6] 스케줄 등록 중...
2026-02-09 00:56:33,173 [INFO] scheduler: 작업 등록: 청산_실행 @ 09:00:10
2026-02-09 00:56:33,174 [INFO] scheduler: 작업 등록: 진입_감시_시작 @ 09:00:30
2026-02-09 00:56:33,174 [INFO] scheduler: 작업 등록: 미체결_취소 @ 14:50:00
2026-02-09 00:56:33,174 [INFO] scheduler: 작업 등록: 장마감후_계산 @ 15:35:00
2026-02-09 00:56:33,174 [INFO] scheduler: ============================================================
2026-02-09 00:56:33,175 [INFO] scheduler: 등록된 작업 목록
2026-02-09 00:56:33,175 [INFO] scheduler: ============================================================
2026-02-09 00:56:33,175 [INFO] scheduler:   09:00:10 - 청산_실행
2026-02-09 00:56:33,175 [INFO] scheduler:   09:00:30 - 진입_감시_시작
2026-02-09 00:56:33,175 [INFO] scheduler:   14:50:00 - 미체결_취소
2026-02-09 00:56:33,175 [INFO] scheduler:   15:35:00 - 장마감후_계산
2026-02-09 00:56:33,176 [INFO] scheduler: ============================================================
2026-02-09 00:56:33,176 [INFO] __main__: [6/6] 스케줄러 시작...
2026-02-09 00:56:33,178 [INFO] scheduler: 스케줄러 시작
2026-02-09 00:56:33,686 [INFO] db_manager: MySQL 연결 풀 생성 완료
2026-02-09 00:56:33,738 [INFO] db_manager: 모든 테이블 생성 완료
2026-02-09 00:56:33,744 [INFO] state_manager: 상태 로드 완료: FLAT, 기준일: 2026-02-08
2026-02-09 00:56:33,747 [INFO] state_manager: 포지션 로드: 0개
2026-02-09 00:56:33,750 [INFO] state_manager: 미체결 주문 로드: 0개
2026-02-09 00:56:33,754 [INFO] __main__: 웹 대시보드 시작: http://localhost:5000
2026-02-09 00:56:33,755 [INFO] __main__: ================================================================================
2026-02-09 00:56:33,755 [INFO] __main__: 시스템 시작 완료
2026-02-09 00:56:33,756 [INFO] __main__: ================================================================================
2026-02-09 00:56:33,756 [INFO] __main__: ================================================================================
2026-02-09 00:56:33,756 [INFO] __main__: 현재 시스템 상태
2026-02-09 00:56:33,757 [INFO] __main__: ================================================================================
2026-02-09 00:56:33,757 [INFO] __main__: 상태: FLAT
2026-02-09 00:56:33,757 [INFO] __main__: 기준일: 2026-02-08
2026-02-09 00:56:33,758 [INFO] __main__: 청산 대기: 0
2026-02-09 00:56:33,758 [INFO] __main__: 포지션 수: 0
2026-02-09 00:56:33,760 [INFO] __main__: 진입 후보 수: 0
2026-02-09 00:56:33,761 [INFO] __main__: 미체결 주문 수: 0
2026-02-09 00:56:33,761 [INFO] __main__: --------------------------------------------------------------------------------
2026-02-09 00:56:58,227 [ERROR] kiwoom_api: 예수금 조회 요청 실패
2026-02-09 00:56:59,692 [ERROR] kiwoom_api: 잔고 조회 요청 실패
2026-02-09 00:56:59,694 [INFO] __main__: 예수금: 0원
2026-02-09 00:56:59,695 [INFO] __main__: 주문가능금액: 0원
2026-02-09 00:56:59,695 [INFO] __main__: 주식평가액: 0원
2026-02-09 00:56:59,695 [INFO] __main__: 총자산: 0원
2026-02-09 00:56:59,695 [INFO] __main__: ================================================================================
2026-02-09 00:56:59,739 [INFO] werkzeug: [31m[1mWARNING: This is a development server. Do not use it in a production deployment. Use a production WSGI server instead.[0m
 * Running on all addresses (0.0.0.0)
 * Running on http://127.0.0.1:5000
 * Running on http://192.168.10.118:5000
2026-02-09 00:56:59,740 [INFO] werkzeug: [33mPress CTRL+C to quit[0m
2026-02-09 00:57:36,126 [INFO] werkzeug: 127.0.0.1 - - [09/Feb/2026 00:57:36] "GET / HTTP/1.1" 200 -
2026-02-09 00:57:36,493 [INFO] werkzeug: 127.0.0.1 - - [09/Feb/2026 00:57:36] "GET /api/status HTTP/1.1" 200 -
2026-02-09 00:57:36,494 [INFO] werkzeug: 127.0.0.1 - - [09/Feb/2026 00:57:36] "GET /api/positions HTTP/1.1" 200 -
2026-02-09 00:57:36,579 [INFO] werkzeug: 127.0.0.1 - - [09/Feb/2026 00:57:36] "[33mGET /favicon.ico HTTP/1.1[0m" 404 -
2026-02-09 00:57:36,581 [INFO] werkzeug: 127.0.0.1 - - [09/Feb/2026 00:57:36] "GET /api/trades HTTP/1.1" 200 -
2026-02-09 00:57:36,613 [INFO] werkzeug: 127.0.0.1 - - [09/Feb/2026 00:57:36] "GET /api/performance HTTP/1.1" 200 -
2026-02-09 00:57:36,621 [INFO] werkzeug: 127.0.0.1 - - [09/Feb/2026 00:57:36] "GET /api/statistics HTTP/1.1" 200 -
2026-02-09 00:57:55,771 [INFO] __main__: ================================================================================
2026-02-09 00:57:55,771 [INFO] __main__: 현재 시스템 상태
2026-02-09 00:57:55,772 [INFO] __main__: ================================================================================
2026-02-09 00:57:55,772 [INFO] __main__: 상태: FLAT
2026-02-09 00:57:55,772 [INFO] __main__: 기준일: 2026-02-08
2026-02-09 00:57:55,772 [INFO] __main__: 청산 대기: 0
2026-02-09 00:57:55,772 [INFO] __main__: 포지션 수: 0
2026-02-09 00:57:55,773 [INFO] __main__: 진입 후보 수: 0
2026-02-09 00:57:55,773 [INFO] __main__: 미체결 주문 수: 0
2026-02-09 00:57:55,773 [INFO] __main__: --------------------------------------------------------------------------------
2026-02-09 00:58:09,663 [ERROR] kiwoom_api: 예수금 조회 요청 실패
2026-02-09 00:58:13,543 [ERROR] kiwoom_api: 잔고 조회 요청 실패
2026-02-09 00:58:13,543 [INFO] __main__: 예수금: 0원
2026-02-09 00:58:13,544 [INFO] __main__: 주문가능금액: 0원
2026-02-09 00:58:13,544 [INFO] __main__: 주식평가액: 0원
2026-02-09 00:58:13,544 [INFO] __main__: 총자산: 0원
2026-02-09 00:58:13,544 [INFO] __main__: ================================================================================
2026-02-09 00:58:27,730 [INFO] __main__: ================================================================================
2026-02-09 00:58:27,731 [INFO] __main__: 현재 시스템 상태
2026-02-09 00:58:27,731 [INFO] __main__: ================================================================================
2026-02-09 00:58:27,731 [INFO] __main__: 상태: FLAT
2026-02-09 00:58:27,731 [INFO] __main__: 기준일: 2026-02-08
2026-02-09 00:58:27,731 [INFO] __main__: 청산 대기: 0
2026-02-09 00:58:27,731 [INFO] __main__: 포지션 수: 0
2026-02-09 00:58:27,732 [INFO] __main__: 진입 후보 수: 0
2026-02-09 00:58:27,732 [INFO] __main__: 미체결 주문 수: 0
2026-02-09 00:58:27,732 [INFO] __main__: --------------------------------------------------------------------------------
2026-02-09 00:58:34,562 [ERROR] kiwoom_api: 예수금 조회 요청 실패
2026-02-09 00:58:35,593 [ERROR] kiwoom_api: 잔고 조회 요청 실패
2026-02-09 00:58:35,595 [INFO] __main__: 예수금: 0원
2026-02-09 00:58:35,595 [INFO] __main__: 주문가능금액: 0원
2026-02-09 00:58:35,595 [INFO] __main__: 주식평가액: 0원
2026-02-09 00:58:35,595 [INFO] __main__: 총자산: 0원
2026-02-09 00:58:35,595 [INFO] __main__: ================================================================================
