2026-02-11 22:56:14,445 - __main__ - INFO - ================================================================================
2026-02-11 22:56:14,445 - __main__ - INFO - ETF 퀀트 자동매매 시스템 시작
2026-02-11 22:56:14,445 - __main__ - INFO - ================================================================================
2026-02-11 22:56:14,446 - __main__ - INFO - 로그 파일: ./logs\trading_20260211.log
2026-02-11 22:56:46,205 - __main__ - INFO - 자동 모드 시작
2026-02-11 22:56:46,205 - scheduler - INFO - 스케줄러 초기화
2026-02-11 22:56:46,205 - scheduler - INFO - 스케줄 설정 완료
2026-02-11 22:56:46,206 - scheduler - INFO -   - 08:50: 장 시작 전 루틴
2026-02-11 22:56:46,206 - scheduler - INFO -   - 09:00~15:20: 매매 모니터링 (1분 간격)
2026-02-11 22:56:46,206 - scheduler - INFO -   - 15:30: 장 마감 후 루틴
2026-02-11 22:56:46,206 - scheduler - INFO - 
============================================================
2026-02-11 22:56:46,206 - scheduler - INFO - 자동매매 스케줄러 시작
2026-02-11 22:56:46,208 - scheduler - INFO - ============================================================

2026-02-11 22:57:29,080 - scheduler - INFO - 
스케줄러 종료 (사용자 중단)
2026-02-11 22:57:29,080 - __main__ - INFO - ================================================================================
2026-02-11 22:57:29,081 - __main__ - INFO - 프로그램 종료
2026-02-11 22:57:29,081 - __main__ - INFO - ================================================================================
2026-02-11 22:57:33,554 - __main__ - INFO - ================================================================================
2026-02-11 22:57:33,554 - __main__ - INFO - ETF 퀀트 자동매매 시스템 시작
2026-02-11 22:57:33,554 - __main__ - INFO - ================================================================================
2026-02-11 22:57:33,555 - __main__ - INFO - 로그 파일: ./logs\trading_20260211.log
2026-02-11 22:57:36,298 - __main__ - INFO - 수동 모드 시작
2026-02-11 22:57:40,023 - database - INFO - DB 연결 성공
2026-02-11 22:57:40,023 - strategy - INFO - 전략 초기화: k=0.6, top_n=3, hold_days=3
2026-02-11 22:57:41,541 - kiwoom_api - INFO - 키움 API 초기화 완료
2026-02-11 22:57:41,541 - kiwoom_api - INFO - 로그인 시작...
2026-02-11 23:00:09,244 - __main__ - INFO - ================================================================================
2026-02-11 23:00:09,244 - __main__ - INFO - ETF 퀀트 자동매매 시스템 시작
2026-02-11 23:00:09,244 - __main__ - INFO - ================================================================================
2026-02-11 23:00:09,244 - __main__ - INFO - 로그 파일: ./logs\trading_20260211.log
2026-02-11 23:00:12,621 - __main__ - INFO - 수동 모드 시작
2026-02-11 23:00:14,156 - database - INFO - DB 연결 성공
2026-02-11 23:00:14,157 - strategy - INFO - 전략 초기화: k=0.6, top_n=3, hold_days=3
2026-02-11 23:00:14,326 - kiwoom_api - INFO - 키움 API 초기화 완료
2026-02-11 23:00:14,328 - kiwoom_api - INFO - 로그인 시작...
2026-02-11 23:00:37,492 - kiwoom_api - INFO - 로그인 이벤트: 성공
2026-02-11 23:00:37,492 - kiwoom_api - INFO - 로그인 성공
2026-02-11 23:00:37,493 - kiwoom_api - INFO - 계좌번호: 6559584010
2026-02-11 23:00:37,493 - trader - INFO - 저장된 상태 없음 (신규 시작)
2026-02-11 23:00:37,493 - trader - INFO - 트레이더 초기화 완료
2026-02-11 23:10:34,713 - __main__ - INFO - ================================================================================
2026-02-11 23:10:34,714 - __main__ - INFO - ETF 퀀트 자동매매 시스템 시작
2026-02-11 23:10:34,714 - __main__ - INFO - ================================================================================
2026-02-11 23:10:34,714 - __main__ - INFO - 로그 파일: ./logs\trading_20260211.log
2026-02-11 23:10:39,754 - __main__ - INFO - 수동 모드 시작
2026-02-11 23:10:43,682 - __main__ - ERROR - 수동 모드 오류: ETFTrader.__init__() got an unexpected keyword argument 'account_password'
2026-02-11 23:10:43,683 - __main__ - INFO - ================================================================================
2026-02-11 23:10:43,683 - __main__ - INFO - 프로그램 종료
2026-02-11 23:10:43,683 - __main__ - INFO - ================================================================================
2026-02-11 23:15:09,881 - __main__ - INFO - ================================================================================
2026-02-11 23:15:09,881 - __main__ - INFO - ETF 퀀트 자동매매 시스템 시작
2026-02-11 23:15:09,881 - __main__ - INFO - ================================================================================
2026-02-11 23:15:09,881 - __main__ - INFO - 로그 파일: ./logs\trading_20260211.log
2026-02-11 23:15:15,670 - __main__ - INFO - 수동 모드 시작
2026-02-11 23:15:18,950 - __main__ - ERROR - 수동 모드 오류: ETFTrader.__init__() got an unexpected keyword argument 'account_password'
2026-02-11 23:15:18,951 - __main__ - INFO - ================================================================================
2026-02-11 23:15:18,951 - __main__ - INFO - 프로그램 종료
2026-02-11 23:15:18,951 - __main__ - INFO - ================================================================================
2026-02-11 23:17:16,715 - __main__ - INFO - ================================================================================
2026-02-11 23:17:16,715 - __main__ - INFO - ETF 퀀트 자동매매 시스템 시작
2026-02-11 23:17:16,715 - __main__ - INFO - ================================================================================
2026-02-11 23:17:16,715 - __main__ - INFO - 로그 파일: ./logs\trading_20260211.log
2026-02-11 23:17:20,153 - __main__ - INFO - ================================================================================
2026-02-11 23:17:20,154 - __main__ - INFO - 프로그램 종료
2026-02-11 23:17:20,154 - __main__ - INFO - ================================================================================
2026-02-11 23:17:24,895 - __main__ - INFO - ================================================================================
2026-02-11 23:17:24,896 - __main__ - INFO - ETF 퀀트 자동매매 시스템 시작
2026-02-11 23:17:24,896 - __main__ - INFO - ================================================================================
2026-02-11 23:17:24,896 - __main__ - INFO - 로그 파일: ./logs\trading_20260211.log
2026-02-11 23:17:26,445 - __main__ - INFO - 수동 모드 시작
2026-02-11 23:17:29,914 - trader - INFO - ============================================================
2026-02-11 23:17:29,914 - trader - INFO - 트레이더 초기화 시작
2026-02-11 23:17:29,915 - trader - INFO - ============================================================
2026-02-11 23:17:29,915 - trader - INFO - 1/5 DB 연결 중...
2026-02-11 23:17:29,924 - database - INFO - DB 연결 성공
2026-02-11 23:17:29,924 - trader - INFO -     ✓ DB 연결 완료
2026-02-11 23:17:29,924 - trader - INFO - 2/5 전략 초기화 중...
2026-02-11 23:17:29,924 - strategy - INFO - 전략 초기화: k=0.6, top_n=3, hold_days=3
2026-02-11 23:17:29,924 - trader - INFO -     ✓ 전략 초기화 완료
2026-02-11 23:17:29,924 - trader - INFO - 3/5 키움 API 초기화 중...
2026-02-11 23:17:29,924 - __main__ - ERROR - 수동 모드 오류: KiwoomAPI.__init__() takes 1 positional argument but 2 were given
2026-02-11 23:17:29,926 - __main__ - INFO - ================================================================================
2026-02-11 23:17:29,926 - __main__ - INFO - 프로그램 종료
2026-02-11 23:17:29,926 - __main__ - INFO - ================================================================================
2026-02-11 23:18:05,437 - __main__ - INFO - ================================================================================
2026-02-11 23:18:05,438 - __main__ - INFO - ETF 퀀트 자동매매 시스템 시작
2026-02-11 23:18:05,438 - __main__ - INFO - ================================================================================
2026-02-11 23:18:05,438 - __main__ - INFO - 로그 파일: ./logs\trading_20260211.log
2026-02-11 23:18:09,091 - __main__ - INFO - 수동 모드 시작
2026-02-11 23:18:11,710 - trader - INFO - ============================================================
2026-02-11 23:18:11,710 - trader - INFO - 트레이더 초기화 시작
2026-02-11 23:18:11,710 - trader - INFO - ============================================================
2026-02-11 23:18:11,711 - trader - INFO - 1/5 DB 연결 중...
2026-02-11 23:18:11,722 - database - INFO - DB 연결 성공
2026-02-11 23:18:11,722 - trader - INFO -     ✓ DB 연결 완료
2026-02-11 23:18:11,722 - trader - INFO - 2/5 전략 초기화 중...
2026-02-11 23:18:11,722 - strategy - INFO - 전략 초기화: k=0.6, top_n=3, hold_days=3
2026-02-11 23:18:11,722 - trader - INFO -     ✓ 전략 초기화 완료
2026-02-11 23:18:11,722 - trader - INFO - 3/5 키움 API 초기화 중...
2026-02-11 23:18:11,893 - kiwoom_api - INFO - 키움 API 초기화 완료
2026-02-11 23:18:11,893 - trader - INFO -     ✓ 키움 API 초기화 완료
2026-02-11 23:18:11,893 - trader - INFO - 4/5 로그인 중...
2026-02-11 23:18:11,894 - kiwoom_api - INFO - 로그인 시작...
2026-02-11 23:18:29,703 - kiwoom_api - INFO - 로그인 이벤트: 성공
2026-02-11 23:18:29,703 - kiwoom_api - INFO - 로그인 성공
2026-02-11 23:18:29,704 - kiwoom_api - INFO - 계좌번호: 6559584010
2026-02-11 23:18:29,704 - trader - INFO -     ✓ 로그인 완료
2026-02-11 23:18:29,704 - trader - INFO - 5/5 상태 로드 중...
2026-02-11 23:18:29,704 - trader - INFO -     저장된 상태 없음 (신규 시작)
2026-02-11 23:18:29,704 - trader - INFO -     ✓ 상태 로드 완료
2026-02-11 23:18:29,704 - trader - INFO - ============================================================
2026-02-11 23:18:29,705 - trader - INFO - 트레이더 초기화 완료!
2026-02-11 23:18:29,705 - trader - INFO - ============================================================
2026-02-11 23:18:29,705 - trader - INFO - 
============================================================
2026-02-11 23:18:29,705 - trader - INFO - 계좌 정보 조회
2026-02-11 23:18:29,705 - trader - INFO - ============================================================
2026-02-11 23:23:20,005 - __main__ - INFO - ================================================================================
2026-02-11 23:23:20,005 - __main__ - INFO - ETF 퀀트 자동매매 시스템 시작
2026-02-11 23:23:20,005 - __main__ - INFO - ================================================================================
2026-02-11 23:23:20,006 - __main__ - INFO - 로그 파일: ./logs\trading_20260211.log
2026-02-11 23:23:24,447 - __main__ - INFO - 수동 모드 시작
2026-02-11 23:23:27,534 - trader - INFO - ============================================================
2026-02-11 23:23:27,535 - trader - INFO - 트레이더 초기화 시작
2026-02-11 23:23:27,535 - trader - INFO - ============================================================
2026-02-11 23:23:27,535 - trader - INFO - 1/5 DB 연결 중...
2026-02-11 23:23:27,546 - database - INFO - DB 연결 성공
2026-02-11 23:23:27,546 - trader - INFO -     ✓ DB 연결 완료
2026-02-11 23:23:27,546 - trader - INFO - 2/5 전략 초기화 중...
2026-02-11 23:23:27,546 - strategy - INFO - 전략 초기화: k=0.6, top_n=3, hold_days=3
2026-02-11 23:23:27,546 - trader - INFO -     ✓ 전략 초기화 완료
2026-02-11 23:23:27,546 - trader - INFO - 3/5 키움 API 초기화 중...
2026-02-11 23:23:27,546 - kiwoom_api - INFO - 키움 API 초기화 시작...
2026-02-11 23:23:27,715 - kiwoom_api - INFO - 키움 API 초기화 완료
2026-02-11 23:23:27,715 - trader - INFO -     ✓ 키움 API 초기화 완료
2026-02-11 23:23:27,715 - trader - INFO - 4/5 로그인 중...
2026-02-11 23:23:27,715 - kiwoom_api - INFO - 로그인 시작...
2026-02-11 23:23:43,178 - kiwoom_api - INFO - 로그인 이벤트: 성공
2026-02-11 23:23:43,179 - kiwoom_api - INFO - 로그인 성공
2026-02-11 23:23:43,179 - kiwoom_api - INFO - 계좌번호: 6559584010
2026-02-11 23:23:43,179 - trader - INFO -     ✓ 로그인 완료
2026-02-11 23:23:43,179 - trader - INFO - 5/5 상태 로드 중...
2026-02-11 23:23:43,179 - trader - INFO -     저장된 상태 없음 (신규 시작)
2026-02-11 23:23:43,179 - trader - INFO -     ✓ 상태 로드 완료
2026-02-11 23:23:43,181 - trader - INFO - ============================================================
2026-02-11 23:23:43,181 - trader - INFO - 트레이더 초기화 완료!
2026-02-11 23:23:43,181 - trader - INFO - ============================================================
2026-02-11 23:23:43,181 - trader - INFO - 
============================================================
2026-02-11 23:23:43,181 - trader - INFO - 계좌 정보 조회
2026-02-11 23:23:43,181 - trader - INFO - ============================================================
2026-02-11 23:23:43,181 - kiwoom_api - INFO - 예수금 조회 요청...
2026-02-11 23:24:12,409 - __main__ - INFO - ================================================================================
2026-02-11 23:24:12,410 - __main__ - INFO - ETF 퀀트 자동매매 시스템 시작
2026-02-11 23:24:12,410 - __main__ - INFO - ================================================================================
2026-02-11 23:24:12,410 - __main__ - INFO - 로그 파일: ./logs\trading_20260211.log
2026-02-11 23:24:15,158 - __main__ - INFO - 수동 모드 시작
2026-02-11 23:24:20,410 - trader - INFO - ============================================================
2026-02-11 23:24:20,410 - trader - INFO - 트레이더 초기화 시작
2026-02-11 23:24:20,410 - trader - INFO - ============================================================
2026-02-11 23:24:20,410 - trader - INFO - 1/5 DB 연결 중...
2026-02-11 23:24:20,418 - database - INFO - DB 연결 성공
2026-02-11 23:24:20,418 - trader - INFO -     ✓ DB 연결 완료
2026-02-11 23:24:20,419 - trader - INFO - 2/5 전략 초기화 중...
2026-02-11 23:24:20,419 - strategy - INFO - 전략 초기화: k=0.6, top_n=3, hold_days=3
2026-02-11 23:24:20,419 - trader - INFO -     ✓ 전략 초기화 완료
2026-02-11 23:24:20,419 - trader - INFO - 3/5 키움 API 초기화 중...
2026-02-11 23:24:20,419 - kiwoom_api - INFO - 키움 API 초기화 시작...
2026-02-11 23:24:20,577 - kiwoom_api - INFO - 키움 API 초기화 완료
2026-02-11 23:24:20,577 - trader - INFO -     ✓ 키움 API 초기화 완료
2026-02-11 23:24:20,577 - trader - INFO - 4/5 로그인 중...
2026-02-11 23:24:20,577 - kiwoom_api - INFO - 로그인 시작...
2026-02-11 23:24:36,498 - kiwoom_api - INFO - 로그인 이벤트: 성공
2026-02-11 23:24:36,499 - kiwoom_api - INFO - 로그인 성공
2026-02-11 23:24:36,499 - kiwoom_api - INFO - 계좌번호: 6559584010
2026-02-11 23:24:36,499 - trader - INFO -     ✓ 로그인 완료
2026-02-11 23:24:36,499 - trader - INFO - 5/5 상태 로드 중...
2026-02-11 23:24:36,500 - trader - INFO -     저장된 상태 없음 (신규 시작)
2026-02-11 23:24:36,500 - trader - INFO -     ✓ 상태 로드 완료
2026-02-11 23:24:36,500 - trader - INFO - ============================================================
2026-02-11 23:24:36,500 - trader - INFO - 트레이더 초기화 완료!
2026-02-11 23:24:36,500 - trader - INFO - ============================================================
2026-02-11 23:24:36,500 - trader - INFO - 
============================================================
2026-02-11 23:24:36,500 - trader - INFO - 계좌 정보 조회
2026-02-11 23:24:36,500 - trader - INFO - ============================================================
2026-02-11 23:24:36,500 - kiwoom_api - INFO - 예수금 조회 요청...
2026-02-11 23:27:26,477 - kiwoom_api - ERROR - 예수금 조회 요청 실패: -202
2026-02-11 23:27:26,478 - kiwoom_api - INFO - 잔고 조회 요청...
2026-02-11 23:27:27,528 - kiwoom_api - ERROR - 잔고 조회 요청 실패: -202
2026-02-11 23:27:27,528 - trader - INFO - 예수금: 0원
2026-02-11 23:27:27,528 - trader - INFO - 보유 종목: 0개
2026-02-11 23:27:27,530 - database - INFO - DB 연결 종료
2026-02-11 23:27:27,530 - trader - INFO - 트레이더 종료
2026-02-11 23:27:27,885 - __main__ - INFO - ================================================================================
2026-02-11 23:27:27,885 - __main__ - INFO - 프로그램 종료
2026-02-11 23:27:27,885 - __main__ - INFO - ================================================================================
2026-02-11 23:34:18,389 - __main__ - INFO - ================================================================================
2026-02-11 23:34:18,390 - __main__ - INFO - ETF 퀀트 자동매매 시스템 시작
2026-02-11 23:34:18,390 - __main__ - INFO - ================================================================================
2026-02-11 23:34:18,390 - __main__ - INFO - 로그 파일: ./logs\trading_20260211.log
2026-02-11 23:34:21,471 - __main__ - INFO - 수동 모드 시작
2026-02-11 23:34:30,129 - trader - INFO - ============================================================
2026-02-11 23:34:30,130 - trader - INFO - 트레이더 초기화 시작
2026-02-11 23:34:30,130 - trader - INFO - ============================================================
2026-02-11 23:34:30,130 - trader - INFO - 1/5 DB 연결 중...
2026-02-11 23:34:30,143 - database - INFO - DB 연결 성공
2026-02-11 23:34:30,143 - trader - INFO -     ✓ DB 연결 완료
2026-02-11 23:34:30,143 - trader - INFO - 2/5 전략 초기화 중...
2026-02-11 23:34:30,143 - strategy - INFO - 전략 초기화: k=0.6, top_n=3, hold_days=3
2026-02-11 23:34:30,144 - trader - INFO -     ✓ 전략 초기화 완료
2026-02-11 23:34:30,144 - trader - INFO - 3/5 키움 API 초기화 중...
2026-02-11 23:34:30,144 - kiwoom_api - INFO - 키움 API 초기화 시작...
2026-02-11 23:34:30,301 - kiwoom_api - INFO - 키움 API 초기화 완료
2026-02-11 23:34:30,301 - trader - INFO -     ✓ 키움 API 초기화 완료
2026-02-11 23:34:30,302 - trader - INFO - 4/5 로그인 중...
2026-02-11 23:34:30,302 - kiwoom_api - INFO - 로그인 시작...
2026-02-11 23:35:00,450 - kiwoom_api - ERROR - 로그인 실패
2026-02-11 23:35:00,450 - __main__ - ERROR - 수동 모드 오류: 키움 API 로그인 실패
2026-02-11 23:35:00,457 - __main__ - INFO - ================================================================================
2026-02-11 23:35:00,457 - __main__ - INFO - 프로그램 종료
2026-02-11 23:35:00,457 - __main__ - INFO - ================================================================================
2026-02-11 23:36:06,564 - __main__ - INFO - ================================================================================
2026-02-11 23:36:06,565 - __main__ - INFO - ETF 퀀트 자동매매 시스템 시작
2026-02-11 23:36:06,565 - __main__ - INFO - ================================================================================
2026-02-11 23:36:06,565 - __main__ - INFO - 로그 파일: ./logs\trading_20260211.log
2026-02-11 23:36:09,242 - __main__ - INFO - 수동 모드 시작
2026-02-11 23:36:15,112 - trader - INFO - ============================================================
2026-02-11 23:36:15,112 - trader - INFO - 트레이더 초기화 시작
2026-02-11 23:36:15,113 - trader - INFO - ============================================================
2026-02-11 23:36:15,113 - trader - INFO - 1/5 DB 연결 중...
2026-02-11 23:36:15,122 - database - INFO - DB 연결 성공
2026-02-11 23:36:15,122 - trader - INFO -     ✓ DB 연결 완료
2026-02-11 23:36:15,122 - trader - INFO - 2/5 전략 초기화 중...
2026-02-11 23:36:15,122 - strategy - INFO - 전략 초기화: k=0.6, top_n=3, hold_days=3
2026-02-11 23:36:15,123 - trader - INFO -     ✓ 전략 초기화 완료
2026-02-11 23:36:15,123 - trader - INFO - 3/5 키움 API 초기화 중...
2026-02-11 23:36:15,123 - kiwoom_api - INFO - 키움 API 초기화 시작...
2026-02-11 23:36:15,284 - kiwoom_api - INFO - 키움 API 초기화 완료
2026-02-11 23:36:15,284 - trader - INFO -     ✓ 키움 API 초기화 완료
2026-02-11 23:36:15,284 - trader - INFO - 4/5 로그인 중...
2026-02-11 23:36:15,285 - kiwoom_api - INFO - 로그인 시작...
2026-02-11 23:36:28,476 - kiwoom_api - INFO - 로그인 이벤트: 성공
2026-02-11 23:36:28,477 - kiwoom_api - INFO - 로그인 성공
2026-02-11 23:36:28,477 - kiwoom_api - INFO - 계좌번호: 6559584010
2026-02-11 23:36:28,477 - trader - INFO -     ✓ 로그인 완료
2026-02-11 23:36:28,477 - trader - INFO - 5/5 상태 로드 중...
2026-02-11 23:36:28,477 - trader - INFO -     포지션 0개 로드
2026-02-11 23:36:28,477 - trader - INFO -     ✓ 상태 로드 완료
2026-02-11 23:36:28,479 - trader - INFO - ============================================================
2026-02-11 23:36:28,479 - trader - INFO - 트레이더 초기화 완료!
2026-02-11 23:36:28,479 - trader - INFO - ============================================================
2026-02-11 23:36:28,479 - trader - INFO - 
============================================================
2026-02-11 23:36:28,479 - trader - INFO - 계좌 정보 조회
2026-02-11 23:36:28,479 - trader - INFO - ============================================================
2026-02-11 23:36:28,479 - kiwoom_api - INFO - 예수금 조회 요청...
2026-02-11 23:37:10,744 - kiwoom_api - ERROR - 예수금 조회 요청 실패: -202
2026-02-11 23:37:10,744 - kiwoom_api - INFO - 잔고 조회 요청...
2026-02-11 23:37:11,862 - kiwoom_api - ERROR - 잔고 조회 요청 실패: -202
2026-02-11 23:37:11,862 - trader - INFO - 예수금: 0원
2026-02-11 23:37:11,862 - trader - INFO - 보유 종목: 0개
2026-02-11 23:37:11,864 - database - INFO - DB 연결 종료
2026-02-11 23:37:11,864 - trader - INFO - 트레이더 종료
2026-02-11 23:37:12,058 - __main__ - INFO - ================================================================================
2026-02-11 23:37:12,058 - __main__ - INFO - 프로그램 종료
2026-02-11 23:37:12,058 - __main__ - INFO - ================================================================================
2026-02-11 23:37:39,849 - __main__ - INFO - ================================================================================
2026-02-11 23:37:39,850 - __main__ - INFO - ETF 퀀트 자동매매 시스템 시작
2026-02-11 23:37:39,850 - __main__ - INFO - ================================================================================
2026-02-11 23:37:39,850 - __main__ - INFO - 로그 파일: ./logs\trading_20260211.log
2026-02-11 23:37:42,991 - __main__ - INFO - 수동 모드 시작
2026-02-11 23:37:45,749 - trader - INFO - ============================================================
2026-02-11 23:37:45,749 - trader - INFO - 트레이더 초기화 시작
2026-02-11 23:37:45,749 - trader - INFO - ============================================================
2026-02-11 23:37:45,749 - trader - INFO - 1/5 DB 연결 중...
2026-02-11 23:37:45,760 - database - INFO - DB 연결 성공
2026-02-11 23:37:45,760 - trader - INFO -     ✓ DB 연결 완료
2026-02-11 23:37:45,760 - trader - INFO - 2/5 전략 초기화 중...
2026-02-11 23:37:45,761 - strategy - INFO - 전략 초기화: k=0.6, top_n=3, hold_days=3
2026-02-11 23:37:45,761 - trader - INFO -     ✓ 전략 초기화 완료
2026-02-11 23:37:45,761 - trader - INFO - 3/5 키움 API 초기화 중...
2026-02-11 23:37:45,761 - kiwoom_api - INFO - 키움 API 초기화 시작...
2026-02-11 23:37:45,923 - kiwoom_api - INFO - 키움 API 초기화 완료
2026-02-11 23:37:45,923 - trader - INFO -     ✓ 키움 API 초기화 완료
2026-02-11 23:37:45,924 - trader - INFO - 4/5 로그인 중...
2026-02-11 23:37:45,924 - kiwoom_api - INFO - 로그인 시작...
2026-02-11 23:38:07,173 - kiwoom_api - INFO - 로그인 이벤트: 성공
2026-02-11 23:38:07,174 - kiwoom_api - INFO - 로그인 성공
2026-02-11 23:38:07,174 - kiwoom_api - INFO - 계좌번호: 6559584010
2026-02-11 23:38:07,174 - trader - INFO -     ✓ 로그인 완료
2026-02-11 23:38:07,175 - trader - INFO - 5/5 상태 로드 중...
2026-02-11 23:38:07,175 - trader - INFO -     포지션 0개 로드
2026-02-11 23:38:07,175 - trader - INFO -     ✓ 상태 로드 완료
2026-02-11 23:38:07,175 - trader - INFO - ============================================================
2026-02-11 23:38:07,176 - trader - INFO - 트레이더 초기화 완료!
2026-02-11 23:38:07,176 - trader - INFO - ============================================================
2026-02-11 23:38:07,176 - trader - INFO - 
============================================================
2026-02-11 23:38:07,176 - trader - INFO - 계좌 정보 조회
2026-02-11 23:38:07,176 - trader - INFO - ============================================================
2026-02-11 23:38:07,177 - kiwoom_api - INFO - 예수금 조회 요청...
2026-02-11 23:38:37,103 - kiwoom_api - ERROR - 예수금 조회 요청 실패: -202
2026-02-11 23:38:37,104 - kiwoom_api - INFO - 잔고 조회 요청...
2026-02-11 23:38:37,571 - kiwoom_api - ERROR - 잔고 조회 요청 실패: -202
2026-02-11 23:38:37,572 - trader - INFO - 예수금: 0원
2026-02-11 23:38:37,572 - trader - INFO - 보유 종목: 0개
2026-02-11 23:38:37,573 - database - INFO - DB 연결 종료
2026-02-11 23:38:37,573 - trader - INFO - 트레이더 종료
2026-02-11 23:38:37,739 - __main__ - INFO - ================================================================================
2026-02-11 23:38:37,739 - __main__ - INFO - 프로그램 종료
2026-02-11 23:38:37,739 - __main__ - INFO - ================================================================================
2026-02-11 23:38:40,607 - __main__ - INFO - ================================================================================
2026-02-11 23:38:40,607 - __main__ - INFO - ETF 퀀트 자동매매 시스템 시작
2026-02-11 23:38:40,607 - __main__ - INFO - ================================================================================
2026-02-11 23:38:40,607 - __main__ - INFO - 로그 파일: ./logs\trading_20260211.log
2026-02-11 23:38:44,994 - __main__ - INFO - 수동 모드 시작
2026-02-11 23:38:47,397 - trader - INFO - ============================================================
2026-02-11 23:38:47,397 - trader - INFO - 트레이더 초기화 시작
2026-02-11 23:38:47,397 - trader - INFO - ============================================================
2026-02-11 23:38:47,397 - trader - INFO - 1/5 DB 연결 중...
2026-02-11 23:38:47,409 - database - INFO - DB 연결 성공
2026-02-11 23:38:47,409 - trader - INFO -     ✓ DB 연결 완료
2026-02-11 23:38:47,409 - trader - INFO - 2/5 전략 초기화 중...
2026-02-11 23:38:47,409 - strategy - INFO - 전략 초기화: k=0.6, top_n=3, hold_days=3
2026-02-11 23:38:47,409 - trader - INFO -     ✓ 전략 초기화 완료
2026-02-11 23:38:47,409 - trader - INFO - 3/5 키움 API 초기화 중...
2026-02-11 23:38:47,410 - kiwoom_api - INFO - 키움 API 초기화 시작...
2026-02-11 23:38:47,566 - kiwoom_api - INFO - 키움 API 초기화 완료
2026-02-11 23:38:47,566 - trader - INFO -     ✓ 키움 API 초기화 완료
2026-02-11 23:38:47,566 - trader - INFO - 4/5 로그인 중...
2026-02-11 23:38:47,566 - kiwoom_api - INFO - 로그인 시작...
2026-02-11 23:38:59,856 - kiwoom_api - INFO - 로그인 이벤트: 성공
2026-02-11 23:38:59,856 - kiwoom_api - INFO - 로그인 성공
2026-02-11 23:38:59,857 - kiwoom_api - INFO - 계좌번호: 6559584010
2026-02-11 23:38:59,857 - trader - INFO -     ✓ 로그인 완료
2026-02-11 23:38:59,857 - trader - INFO - 5/5 상태 로드 중...
2026-02-11 23:38:59,857 - trader - INFO -     포지션 0개 로드
2026-02-11 23:38:59,858 - trader - INFO -     ✓ 상태 로드 완료
2026-02-11 23:38:59,858 - trader - INFO - ============================================================
2026-02-11 23:38:59,858 - trader - INFO - 트레이더 초기화 완료!
2026-02-11 23:38:59,858 - trader - INFO - ============================================================
2026-02-11 23:38:59,858 - trader - INFO - 
============================================================
2026-02-11 23:38:59,858 - trader - INFO - 계좌 정보 조회
2026-02-11 23:38:59,858 - trader - INFO - ============================================================
2026-02-11 23:38:59,858 - kiwoom_api - INFO - 예수금 조회 요청...
2026-02-11 23:39:01,869 - kiwoom_api - ERROR - 예수금 조회 요청 실패: -202
2026-02-11 23:39:01,870 - kiwoom_api - INFO - 잔고 조회 요청...
2026-02-11 23:39:02,824 - kiwoom_api - ERROR - 잔고 조회 요청 실패: -202
2026-02-11 23:39:02,824 - trader - INFO - 예수금: 0원
2026-02-11 23:39:02,824 - trader - INFO - 보유 종목: 0개
2026-02-11 23:39:02,825 - database - INFO - DB 연결 종료
2026-02-11 23:39:02,825 - trader - INFO - 트레이더 종료
2026-02-11 23:39:03,091 - __main__ - INFO - ================================================================================
2026-02-11 23:39:03,092 - __main__ - INFO - 프로그램 종료
2026-02-11 23:39:03,092 - __main__ - INFO - ================================================================================
2026-02-11 23:39:17,472 - __main__ - INFO - ================================================================================
2026-02-11 23:39:17,472 - __main__ - INFO - ETF 퀀트 자동매매 시스템 시작
2026-02-11 23:39:17,472 - __main__ - INFO - ================================================================================
2026-02-11 23:39:17,473 - __main__ - INFO - 로그 파일: ./logs\trading_20260211.log
2026-02-11 23:39:20,045 - __main__ - INFO - 수동 모드 시작
2026-02-11 23:39:22,511 - trader - INFO - ============================================================
2026-02-11 23:39:22,511 - trader - INFO - 트레이더 초기화 시작
2026-02-11 23:39:22,511 - trader - INFO - ============================================================
2026-02-11 23:39:22,511 - trader - INFO - 1/5 DB 연결 중...
2026-02-11 23:39:22,519 - database - INFO - DB 연결 성공
2026-02-11 23:39:22,519 - trader - INFO -     ✓ DB 연결 완료
2026-02-11 23:39:22,519 - trader - INFO - 2/5 전략 초기화 중...
2026-02-11 23:39:22,520 - strategy - INFO - 전략 초기화: k=0.6, top_n=3, hold_days=3
2026-02-11 23:39:22,520 - trader - INFO -     ✓ 전략 초기화 완료
2026-02-11 23:39:22,520 - trader - INFO - 3/5 키움 API 초기화 중...
2026-02-11 23:39:22,520 - kiwoom_api - INFO - 키움 API 초기화 시작...
2026-02-11 23:39:22,683 - kiwoom_api - INFO - 키움 API 초기화 완료
2026-02-11 23:39:22,684 - trader - INFO -     ✓ 키움 API 초기화 완료
2026-02-11 23:39:22,684 - trader - INFO - 4/5 로그인 중...
2026-02-11 23:39:22,684 - kiwoom_api - INFO - 로그인 시작...
2026-02-11 23:39:39,074 - kiwoom_api - INFO - 로그인 이벤트: 성공
2026-02-11 23:39:39,075 - kiwoom_api - INFO - 로그인 성공
2026-02-11 23:39:39,075 - kiwoom_api - INFO - 계좌번호: 6559584010
2026-02-11 23:39:39,075 - trader - INFO -     ✓ 로그인 완료
2026-02-11 23:39:39,075 - trader - INFO - 5/5 상태 로드 중...
2026-02-11 23:39:39,076 - trader - INFO -     포지션 0개 로드
2026-02-11 23:39:39,076 - trader - INFO -     ✓ 상태 로드 완료
2026-02-11 23:39:39,076 - trader - INFO - ============================================================
2026-02-11 23:39:39,076 - trader - INFO - 트레이더 초기화 완료!
2026-02-11 23:39:39,077 - trader - INFO - ============================================================
2026-02-11 23:39:39,077 - trader - INFO - 
============================================================
2026-02-11 23:39:39,077 - trader - INFO - 계좌 정보 조회
2026-02-11 23:39:39,077 - trader - INFO - ============================================================
2026-02-11 23:39:39,078 - kiwoom_api - INFO - 예수금 조회 요청...
2026-02-11 23:39:46,345 - kiwoom_api - ERROR - 예수금 조회 요청 실패: -202
2026-02-11 23:39:46,345 - kiwoom_api - INFO - 잔고 조회 요청...
2026-02-11 23:39:47,436 - kiwoom_api - ERROR - 잔고 조회 요청 실패: -202
2026-02-11 23:39:47,436 - trader - INFO - 예수금: 0원
2026-02-11 23:39:47,436 - trader - INFO - 보유 종목: 0개
2026-02-11 23:39:47,437 - database - INFO - DB 연결 종료
2026-02-11 23:39:47,437 - trader - INFO - 트레이더 종료
2026-02-11 23:40:00,198 - __main__ - INFO - ================================================================================
2026-02-11 23:40:00,198 - __main__ - INFO - ETF 퀀트 자동매매 시스템 시작
2026-02-11 23:40:00,198 - __main__ - INFO - ================================================================================
2026-02-11 23:40:00,199 - __main__ - INFO - 로그 파일: ./logs\trading_20260211.log
2026-02-11 23:40:01,489 - __main__ - INFO - 수동 모드 시작
2026-02-11 23:40:03,844 - trader - INFO - ============================================================
2026-02-11 23:40:03,844 - trader - INFO - 트레이더 초기화 시작
2026-02-11 23:40:03,844 - trader - INFO - ============================================================
2026-02-11 23:40:03,844 - trader - INFO - 1/5 DB 연결 중...
2026-02-11 23:40:03,856 - database - INFO - DB 연결 성공
2026-02-11 23:40:03,856 - trader - INFO -     ✓ DB 연결 완료
2026-02-11 23:40:03,857 - trader - INFO - 2/5 전략 초기화 중...
2026-02-11 23:40:03,857 - strategy - INFO - 전략 초기화: k=0.6, top_n=3, hold_days=3
2026-02-11 23:40:03,857 - trader - INFO -     ✓ 전략 초기화 완료
2026-02-11 23:40:03,857 - trader - INFO - 3/5 키움 API 초기화 중...
2026-02-11 23:40:03,857 - kiwoom_api - INFO - 키움 API 초기화 시작...
2026-02-11 23:40:04,030 - kiwoom_api - INFO - 키움 API 초기화 완료
2026-02-11 23:40:04,030 - trader - INFO -     ✓ 키움 API 초기화 완료
2026-02-11 23:40:04,030 - trader - INFO - 4/5 로그인 중...
2026-02-11 23:40:04,030 - kiwoom_api - INFO - 로그인 시작...
2026-02-11 23:40:16,441 - kiwoom_api - INFO - 로그인 이벤트: 성공
2026-02-11 23:40:16,441 - kiwoom_api - INFO - 로그인 성공
2026-02-11 23:40:16,441 - kiwoom_api - INFO - 계좌번호: 6559584010
2026-02-11 23:40:16,441 - trader - INFO -     ✓ 로그인 완료
2026-02-11 23:40:16,441 - trader - INFO - 5/5 상태 로드 중...
2026-02-11 23:40:16,442 - trader - INFO -     포지션 0개 로드
2026-02-11 23:40:16,442 - trader - INFO -     ✓ 상태 로드 완료
2026-02-11 23:40:16,442 - trader - INFO - ============================================================
2026-02-11 23:40:16,442 - trader - INFO - 트레이더 초기화 완료!
2026-02-11 23:40:16,443 - trader - INFO - ============================================================
2026-02-11 23:40:16,443 - trader - INFO - 
============================================================
2026-02-11 23:40:16,443 - trader - INFO - 계좌 정보 조회
2026-02-11 23:40:16,443 - trader - INFO - ============================================================
2026-02-11 23:40:16,443 - kiwoom_api - INFO - 예수금 조회 요청...
2026-02-11 23:44:51,262 - __main__ - INFO - ================================================================================
2026-02-11 23:44:51,262 - __main__ - INFO - ETF 퀀트 자동매매 시스템 시작
2026-02-11 23:44:51,262 - __main__ - INFO - ================================================================================
2026-02-11 23:44:51,263 - __main__ - INFO - 로그 파일: ./logs\trading_20260211.log
2026-02-11 23:44:53,175 - __main__ - INFO - 수동 모드 시작
2026-02-11 23:44:55,988 - trader - INFO - ============================================================
2026-02-11 23:44:55,989 - trader - INFO - 트레이더 초기화 시작
2026-02-11 23:44:55,989 - trader - INFO - ============================================================
2026-02-11 23:44:55,989 - trader - INFO - 1/5 DB 연결 중...
2026-02-11 23:44:55,998 - database - INFO - DB 연결 성공
2026-02-11 23:44:55,998 - trader - INFO -     ✓ DB 연결 완료
2026-02-11 23:44:55,998 - trader - INFO - 2/5 전략 초기화 중...
2026-02-11 23:44:55,999 - strategy - INFO - 전략 초기화: k=0.6, top_n=3, hold_days=3
2026-02-11 23:44:55,999 - trader - INFO -     ✓ 전략 초기화 완료
2026-02-11 23:44:55,999 - trader - INFO - 3/5 키움 API 초기화 중...
2026-02-11 23:44:55,999 - kiwoom_api - INFO - 키움 API 초기화 시작...
2026-02-11 23:44:56,158 - kiwoom_api - INFO - 키움 API 초기화 완료
2026-02-11 23:44:56,158 - trader - INFO -     ✓ 키움 API 초기화 완료
2026-02-11 23:44:56,158 - trader - INFO - 4/5 로그인 중...
2026-02-11 23:44:56,158 - kiwoom_api - INFO - 로그인 시작...
2026-02-11 23:45:15,455 - kiwoom_api - INFO - 로그인 이벤트: 성공
2026-02-11 23:45:15,455 - kiwoom_api - INFO - 로그인 성공
2026-02-11 23:45:15,456 - kiwoom_api - INFO - 계좌번호: 6559584010
2026-02-11 23:45:15,456 - trader - INFO -     ✓ 로그인 완료
2026-02-11 23:45:15,456 - trader - INFO - 5/5 상태 로드 중...
2026-02-11 23:45:15,456 - trader - INFO -     포지션 0개 로드
2026-02-11 23:45:15,457 - trader - INFO -     ✓ 상태 로드 완료
2026-02-11 23:45:15,457 - trader - INFO - ============================================================
2026-02-11 23:45:15,457 - trader - INFO - 트레이더 초기화 완료!
2026-02-11 23:45:15,457 - trader - INFO - ============================================================
2026-02-11 23:45:15,457 - trader - INFO - 
============================================================
2026-02-11 23:45:15,457 - trader - INFO - 계좌 정보 조회
2026-02-11 23:45:15,457 - trader - INFO - ============================================================
2026-02-11 23:45:15,457 - kiwoom_api - INFO - 예수금 조회 요청...
2026-02-11 23:45:21,800 - kiwoom_api - ERROR - 예수금 조회 요청 실패: -202
2026-02-11 23:45:21,801 - kiwoom_api - INFO - 잔고 조회 요청...
2026-02-11 23:45:22,529 - kiwoom_api - ERROR - 잔고 조회 요청 실패: -202
2026-02-11 23:45:22,529 - trader - INFO - 예수금: 0원
2026-02-11 23:45:22,529 - trader - INFO - 보유 종목: 0개
2026-02-11 23:45:22,531 - database - INFO - DB 연결 종료
2026-02-11 23:45:22,532 - trader - INFO - 트레이더 종료
2026-02-11 23:45:22,702 - __main__ - INFO - ================================================================================
2026-02-11 23:45:22,702 - __main__ - INFO - 프로그램 종료
2026-02-11 23:45:22,702 - __main__ - INFO - ================================================================================
2026-02-11 23:46:31,334 - __main__ - INFO - ================================================================================
2026-02-11 23:46:31,335 - __main__ - INFO - ETF 퀀트 자동매매 시스템 시작
2026-02-11 23:46:31,335 - __main__ - INFO - ================================================================================
2026-02-11 23:46:31,335 - __main__ - INFO - 로그 파일: ./logs\trading_20260211.log
2026-02-11 23:46:33,397 - __main__ - INFO - 수동 모드 시작
2026-02-11 23:46:36,194 - trader - INFO - ============================================================
2026-02-11 23:46:36,194 - trader - INFO - 트레이더 초기화 시작
2026-02-11 23:46:36,194 - trader - INFO - ============================================================
2026-02-11 23:46:36,194 - trader - INFO - 1/5 DB 연결 중...
2026-02-11 23:46:36,204 - database - INFO - DB 연결 성공
2026-02-11 23:46:36,204 - trader - INFO -     ✓ DB 연결 완료
2026-02-11 23:46:36,204 - trader - INFO - 2/5 전략 초기화 중...
2026-02-11 23:46:36,204 - strategy - INFO - 전략 초기화: k=0.6, top_n=3, hold_days=3
2026-02-11 23:46:36,204 - trader - INFO -     ✓ 전략 초기화 완료
2026-02-11 23:46:36,204 - trader - INFO - 3/5 키움 API 초기화 중...
2026-02-11 23:46:36,204 - kiwoom_api - INFO - 키움 API 초기화 시작...
2026-02-11 23:46:36,375 - kiwoom_api - INFO - 키움 API 초기화 완료
2026-02-11 23:46:36,376 - trader - INFO -     ✓ 키움 API 초기화 완료
2026-02-11 23:46:36,376 - trader - INFO - 4/5 로그인 중...
2026-02-11 23:46:36,376 - kiwoom_api - INFO - 로그인 시작...
2026-02-11 23:46:50,872 - kiwoom_api - INFO - 로그인 이벤트: 성공
2026-02-11 23:46:50,872 - kiwoom_api - INFO - 로그인 성공
2026-02-11 23:46:50,872 - kiwoom_api - INFO - 계좌번호: 6559584010
2026-02-11 23:46:50,872 - trader - INFO -     ✓ 로그인 완료
2026-02-11 23:46:50,873 - trader - INFO - 5/5 상태 로드 중...
2026-02-11 23:46:50,873 - trader - INFO -     포지션 0개 로드
2026-02-11 23:46:50,873 - trader - INFO -     ✓ 상태 로드 완료
2026-02-11 23:46:50,873 - trader - INFO - ============================================================
2026-02-11 23:46:50,873 - trader - INFO - 트레이더 초기화 완료!
2026-02-11 23:46:50,873 - trader - INFO - ============================================================
2026-02-11 23:46:50,873 - trader - INFO - 
============================================================
2026-02-11 23:46:50,873 - trader - INFO - 계좌 정보 조회
2026-02-11 23:46:50,875 - trader - INFO - ============================================================
2026-02-11 23:46:50,875 - kiwoom_api - INFO - 예수금 조회 요청...
2026-02-11 23:47:02,379 - kiwoom_api - ERROR - 예수금 조회 요청 실패: -202
2026-02-11 23:47:02,379 - kiwoom_api - INFO - 잔고 조회 요청...
2026-02-11 23:47:02,413 - kiwoom_api - INFO - 잔고 조회 요청 전송 완료, 응답 대기 중...
2026-02-11 23:47:02,432 - kiwoom_api - INFO - 메시지: [100000] 조회가 완료되었습니다
2026-02-11 23:47:02,434 - kiwoom_api - INFO - TR 데이터 수신: 계좌평가잔고내역요청
2026-02-11 23:47:02,434 - kiwoom_api - INFO - 보유 종목 수: 0개
2026-02-11 23:47:02,435 - kiwoom_api - INFO - 잔고 조회 완료: 0개 종목
2026-02-11 23:47:02,435 - trader - INFO - 예수금: 0원
2026-02-11 23:47:02,436 - trader - INFO - 보유 종목: 0개
2026-02-11 23:47:02,437 - database - INFO - DB 연결 종료
2026-02-11 23:47:02,437 - trader - INFO - 트레이더 종료
2026-02-11 23:47:02,624 - __main__ - INFO - ================================================================================
2026-02-11 23:47:02,624 - __main__ - INFO - 프로그램 종료
2026-02-11 23:47:02,624 - __main__ - INFO - ================================================================================
2026-02-11 23:47:06,117 - __main__ - INFO - ================================================================================
2026-02-11 23:47:06,119 - __main__ - INFO - ETF 퀀트 자동매매 시스템 시작
2026-02-11 23:47:06,119 - __main__ - INFO - ================================================================================
2026-02-11 23:47:06,119 - __main__ - INFO - 로그 파일: ./logs\trading_20260211.log
2026-02-11 23:47:07,476 - __main__ - INFO - 수동 모드 시작
2026-02-11 23:47:09,562 - trader - INFO - ============================================================
2026-02-11 23:47:09,562 - trader - INFO - 트레이더 초기화 시작
2026-02-11 23:47:09,562 - trader - INFO - ============================================================
2026-02-11 23:47:09,562 - trader - INFO - 1/5 DB 연결 중...
2026-02-11 23:47:09,571 - database - INFO - DB 연결 성공
2026-02-11 23:47:09,571 - trader - INFO -     ✓ DB 연결 완료
2026-02-11 23:47:09,571 - trader - INFO - 2/5 전략 초기화 중...
2026-02-11 23:47:09,571 - strategy - INFO - 전략 초기화: k=0.6, top_n=3, hold_days=3
2026-02-11 23:47:09,571 - trader - INFO -     ✓ 전략 초기화 완료
2026-02-11 23:47:09,571 - trader - INFO - 3/5 키움 API 초기화 중...
2026-02-11 23:47:09,571 - kiwoom_api - INFO - 키움 API 초기화 시작...
2026-02-11 23:47:09,738 - kiwoom_api - INFO - 키움 API 초기화 완료
2026-02-11 23:47:09,740 - trader - INFO -     ✓ 키움 API 초기화 완료
2026-02-11 23:47:09,740 - trader - INFO - 4/5 로그인 중...
2026-02-11 23:47:09,740 - kiwoom_api - INFO - 로그인 시작...
2026-02-11 23:47:19,243 - kiwoom_api - INFO - 로그인 이벤트: 성공
2026-02-11 23:47:19,244 - kiwoom_api - INFO - 로그인 성공
2026-02-11 23:47:19,244 - kiwoom_api - INFO - 계좌번호: 6559584010
2026-02-11 23:47:19,245 - trader - INFO -     ✓ 로그인 완료
2026-02-11 23:47:19,245 - trader - INFO - 5/5 상태 로드 중...
2026-02-11 23:47:19,246 - trader - INFO -     포지션 0개 로드
2026-02-11 23:47:19,246 - trader - INFO -     ✓ 상태 로드 완료
2026-02-11 23:47:19,246 - trader - INFO - ============================================================
2026-02-11 23:47:19,246 - trader - INFO - 트레이더 초기화 완료!
2026-02-11 23:47:19,246 - trader - INFO - ============================================================
2026-02-11 23:47:19,246 - trader - INFO - 
============================================================
2026-02-11 23:47:19,246 - trader - INFO - 계좌 정보 조회
2026-02-11 23:47:19,247 - trader - INFO - ============================================================
2026-02-11 23:47:19,247 - kiwoom_api - INFO - 예수금 조회 요청...
2026-02-11 23:47:40,406 - kiwoom_api - ERROR - 예수금 조회 요청 실패: -202
2026-02-11 23:47:40,406 - kiwoom_api - INFO - 잔고 조회 요청...
2026-02-11 23:47:40,437 - kiwoom_api - INFO - 잔고 조회 요청 전송 완료, 응답 대기 중...
2026-02-11 23:47:40,468 - kiwoom_api - INFO - 메시지: [100000] 조회가 완료되었습니다
2026-02-11 23:47:40,470 - kiwoom_api - INFO - TR 데이터 수신: 계좌평가잔고내역요청
2026-02-11 23:47:40,470 - kiwoom_api - INFO - 보유 종목 수: 0개
2026-02-11 23:47:40,471 - kiwoom_api - INFO - 잔고 조회 완료: 0개 종목
2026-02-11 23:47:40,471 - trader - INFO - 예수금: 0원
2026-02-11 23:47:40,471 - trader - INFO - 보유 종목: 0개
2026-02-11 23:47:40,472 - database - INFO - DB 연결 종료
2026-02-11 23:47:40,472 - trader - INFO - 트레이더 종료
2026-02-11 23:47:40,630 - __main__ - INFO - ================================================================================
2026-02-11 23:47:40,631 - __main__ - INFO - 프로그램 종료
2026-02-11 23:47:40,631 - __main__ - INFO - ================================================================================
2026-02-11 23:47:43,229 - __main__ - INFO - ================================================================================
2026-02-11 23:47:43,229 - __main__ - INFO - ETF 퀀트 자동매매 시스템 시작
2026-02-11 23:47:43,229 - __main__ - INFO - ================================================================================
2026-02-11 23:47:43,229 - __main__ - INFO - 로그 파일: ./logs\trading_20260211.log
2026-02-11 23:47:45,093 - __main__ - INFO - 수동 모드 시작
2026-02-11 23:47:48,651 - trader - INFO - ============================================================
2026-02-11 23:47:48,651 - trader - INFO - 트레이더 초기화 시작
2026-02-11 23:47:48,652 - trader - INFO - ============================================================
2026-02-11 23:47:48,652 - trader - INFO - 1/5 DB 연결 중...
2026-02-11 23:47:48,661 - database - INFO - DB 연결 성공
2026-02-11 23:47:48,661 - trader - INFO -     ✓ DB 연결 완료
2026-02-11 23:47:48,661 - trader - INFO - 2/5 전략 초기화 중...
2026-02-11 23:47:48,662 - strategy - INFO - 전략 초기화: k=0.6, top_n=3, hold_days=3
2026-02-11 23:47:48,662 - trader - INFO -     ✓ 전략 초기화 완료
2026-02-11 23:47:48,662 - trader - INFO - 3/5 키움 API 초기화 중...
2026-02-11 23:47:48,662 - kiwoom_api - INFO - 키움 API 초기화 시작...
2026-02-11 23:47:48,824 - kiwoom_api - INFO - 키움 API 초기화 완료
2026-02-11 23:47:48,825 - trader - INFO -     ✓ 키움 API 초기화 완료
2026-02-11 23:47:48,825 - trader - INFO - 4/5 로그인 중...
2026-02-11 23:47:48,825 - kiwoom_api - INFO - 로그인 시작...
2026-02-11 23:47:51,897 - kiwoom_api - INFO - 로그인 이벤트: 성공
2026-02-11 23:47:51,898 - kiwoom_api - INFO - 로그인 성공
2026-02-11 23:47:51,898 - kiwoom_api - INFO - 계좌번호: 6559584010
2026-02-11 23:47:51,899 - trader - INFO -     ✓ 로그인 완료
2026-02-11 23:47:51,899 - trader - INFO - 5/5 상태 로드 중...
2026-02-11 23:47:51,899 - trader - INFO -     포지션 0개 로드
2026-02-11 23:47:51,900 - trader - INFO -     ✓ 상태 로드 완료
2026-02-11 23:47:51,900 - trader - INFO - ============================================================
2026-02-11 23:47:51,900 - trader - INFO - 트레이더 초기화 완료!
2026-02-11 23:47:51,900 - trader - INFO - ============================================================
2026-02-11 23:47:51,900 - trader - INFO - 
============================================================
2026-02-11 23:47:51,900 - trader - INFO - 계좌 정보 조회
2026-02-11 23:47:51,900 - trader - INFO - ============================================================
2026-02-11 23:47:51,900 - kiwoom_api - INFO - 예수금 조회 요청...
2026-02-11 23:47:51,931 - kiwoom_api - INFO - 예수금 조회 요청 전송 완료, 응답 대기 중...
2026-02-11 23:47:51,965 - kiwoom_api - INFO - 메시지: [100000] 조회가 완료되었습니다.
2026-02-11 23:47:51,967 - kiwoom_api - INFO - TR 데이터 수신: 예수금상세현황요청
2026-02-11 23:47:51,967 - kiwoom_api - INFO - 예수금 파싱 완료: 1,451,886원
2026-02-11 23:47:51,968 - kiwoom_api - INFO - 예수금 조회 완료: 1,451,886원
2026-02-11 23:47:51,968 - kiwoom_api - INFO - 잔고 조회 요청...
2026-02-11 23:47:51,999 - kiwoom_api - INFO - 잔고 조회 요청 전송 완료, 응답 대기 중...
2026-02-11 23:47:52,467 - kiwoom_api - INFO - 메시지: [100000] 조회가 완료되었습니다
2026-02-11 23:47:52,468 - kiwoom_api - INFO - TR 데이터 수신: 계좌평가잔고내역요청
2026-02-11 23:47:52,469 - kiwoom_api - INFO - 보유 종목 수: 0개
2026-02-11 23:47:52,469 - kiwoom_api - INFO - 잔고 조회 완료: 0개 종목
2026-02-11 23:47:52,469 - trader - INFO - 예수금: 1,451,886원
2026-02-11 23:47:52,469 - trader - INFO - 보유 종목: 0개
2026-02-11 23:47:52,470 - database - INFO - DB 연결 종료
2026-02-11 23:47:52,470 - trader - INFO - 트레이더 종료
2026-02-11 23:47:52,635 - __main__ - INFO - ================================================================================
2026-02-11 23:47:52,635 - __main__ - INFO - 프로그램 종료
2026-02-11 23:47:52,635 - __main__ - INFO - ================================================================================
2026-02-11 23:49:02,259 - __main__ - INFO - ================================================================================
2026-02-11 23:49:02,259 - __main__ - INFO - ETF 퀀트 자동매매 시스템 시작
2026-02-11 23:49:02,259 - __main__ - INFO - ================================================================================
2026-02-11 23:49:02,259 - __main__ - INFO - 로그 파일: ./logs\trading_20260211.log
2026-02-11 23:49:05,014 - __main__ - INFO - 수동 모드 시작
2026-02-11 23:49:10,239 - trader - INFO - ============================================================
2026-02-11 23:49:10,239 - trader - INFO - 트레이더 초기화 시작
2026-02-11 23:49:10,239 - trader - INFO - ============================================================
2026-02-11 23:49:10,239 - trader - INFO - 1/5 DB 연결 중...
2026-02-11 23:49:10,250 - database - INFO - DB 연결 성공
2026-02-11 23:49:10,250 - trader - INFO -     ✓ DB 연결 완료
2026-02-11 23:49:10,250 - trader - INFO - 2/5 전략 초기화 중...
2026-02-11 23:49:10,251 - strategy - INFO - 전략 초기화: k=0.6, top_n=3, hold_days=3
2026-02-11 23:49:10,251 - trader - INFO -     ✓ 전략 초기화 완료
2026-02-11 23:49:10,251 - trader - INFO - 3/5 키움 API 초기화 중...
2026-02-11 23:49:10,251 - kiwoom_api - INFO - 키움 API 초기화 시작...
2026-02-11 23:49:10,410 - kiwoom_api - INFO - 키움 API 초기화 완료
2026-02-11 23:49:10,410 - trader - INFO -     ✓ 키움 API 초기화 완료
2026-02-11 23:49:10,411 - trader - INFO - 4/5 로그인 중...
2026-02-11 23:49:10,411 - kiwoom_api - INFO - 로그인 시작...
2026-02-11 23:49:18,181 - kiwoom_api - INFO - 로그인 이벤트: 성공
2026-02-11 23:49:18,182 - kiwoom_api - INFO - 로그인 성공
2026-02-11 23:49:18,182 - kiwoom_api - INFO - 계좌번호: 6559584010
2026-02-11 23:49:18,182 - trader - INFO -     ✓ 로그인 완료
2026-02-11 23:49:18,182 - trader - INFO - 5/5 상태 로드 중...
2026-02-11 23:49:18,183 - trader - INFO -     포지션 0개 로드
2026-02-11 23:49:18,183 - trader - INFO -     ✓ 상태 로드 완료
2026-02-11 23:49:18,183 - trader - INFO - ============================================================
2026-02-11 23:49:18,183 - trader - INFO - 트레이더 초기화 완료!
2026-02-11 23:49:18,183 - trader - INFO - ============================================================
2026-02-11 23:49:18,183 - trader - INFO - 
============================================================
2026-02-11 23:49:18,183 - trader - INFO - 종목 선발 시작
2026-02-11 23:49:18,183 - trader - INFO - ============================================================
2026-02-11 23:49:18,183 - strategy - INFO - 모멘텀 계산 시작: 2026-02-11
2026-02-11 23:49:18,189 - database - INFO - 2026-02-11 기준 사용 가능 종목: 12개
2026-02-11 23:49:18,921 - strategy - INFO - === 모멘텀 선발 결과 (상위 3개) ===
2026-02-11 23:49:18,922 - strategy - INFO - 1. KODEX 로봇액티브 (445290): score=69.7180, r_12w=5608.00%, r_26w=10154.00%
2026-02-11 23:49:18,922 - strategy - INFO - 2. TIGER 200 IT (139260): score=57.3680, r_12w=3395.00%, r_26w=11201.00%
2026-02-11 23:49:18,922 - strategy - INFO - 3. KODEX 반도체 (091160): score=55.1300, r_12w=3356.00%, r_26w=10546.00%
2026-02-11 23:49:18,922 - trader - INFO - 
선발 완료: 3개 종목
2026-02-11 23:49:18,924 - database - INFO - DB 연결 종료
2026-02-11 23:49:18,924 - trader - INFO - 트레이더 종료
2026-02-11 23:49:19,079 - __main__ - INFO - ================================================================================
2026-02-11 23:49:19,079 - __main__ - INFO - 프로그램 종료
2026-02-11 23:49:19,079 - __main__ - INFO - ================================================================================
2026-02-11 23:55:22,227 - __main__ - INFO - ================================================================================
2026-02-11 23:55:22,227 - __main__ - INFO - ETF 퀀트 자동매매 시스템 시작
2026-02-11 23:55:22,227 - __main__ - INFO - ================================================================================
2026-02-11 23:55:22,227 - __main__ - INFO - 로그 파일: ./logs\trading_20260211.log
2026-02-11 23:55:28,082 - __main__ - INFO - 수동 모드 시작
2026-02-11 23:55:30,736 - trader - INFO - ============================================================
2026-02-11 23:55:30,736 - trader - INFO - 트레이더 초기화 시작
2026-02-11 23:55:30,737 - trader - INFO - ============================================================
2026-02-11 23:55:30,737 - trader - INFO - 1/5 DB 연결 중...
2026-02-11 23:55:30,747 - database - INFO - DB 연결 성공
2026-02-11 23:55:30,747 - trader - INFO -     ✓ DB 연결 완료
2026-02-11 23:55:30,747 - trader - INFO - 2/5 전략 초기화 중...
2026-02-11 23:55:30,747 - strategy - INFO - 전략 초기화: k=0.6, top_n=3, hold_days=3
2026-02-11 23:55:30,748 - trader - INFO -     ✓ 전략 초기화 완료
2026-02-11 23:55:30,748 - trader - INFO - 3/5 키움 API 초기화 중...
2026-02-11 23:55:30,748 - kiwoom_api - INFO - 키움 API 초기화 시작...
2026-02-11 23:55:30,913 - kiwoom_api - INFO - 키움 API 초기화 완료
2026-02-11 23:55:30,913 - trader - INFO -     ✓ 키움 API 초기화 완료
2026-02-11 23:55:30,913 - trader - INFO - 4/5 로그인 중...
2026-02-11 23:55:30,914 - kiwoom_api - INFO - 로그인 시작...
2026-02-11 23:55:38,658 - kiwoom_api - INFO - 로그인 이벤트: 성공
2026-02-11 23:55:38,658 - kiwoom_api - INFO - 로그인 성공
2026-02-11 23:55:38,659 - kiwoom_api - INFO - 계좌번호: 6559584010
2026-02-11 23:55:38,659 - trader - INFO -     ✓ 로그인 완료
2026-02-11 23:55:38,659 - trader - INFO - 5/5 상태 로드 중...
2026-02-11 23:55:38,659 - trader - INFO -     포지션 0개 로드
2026-02-11 23:55:38,660 - trader - INFO -     ✓ 상태 로드 완료
2026-02-11 23:55:38,660 - trader - INFO - ============================================================
2026-02-11 23:55:38,660 - trader - INFO - 트레이더 초기화 완료!
2026-02-11 23:55:38,660 - trader - INFO - ============================================================
2026-02-11 23:55:38,660 - trader - INFO - 
============================================================
2026-02-11 23:55:38,660 - trader - INFO - 종목 선발 시작
2026-02-11 23:55:38,660 - trader - INFO - ============================================================
2026-02-11 23:55:38,660 - strategy - INFO - 모멘텀 계산 시작: 2026-02-11
2026-02-11 23:55:38,665 - database - INFO - 2026-02-11 기준 사용 가능 종목: 12개
2026-02-11 23:55:39,085 - strategy - INFO - === 모멘텀 선발 결과 (상위 3개) ===
2026-02-11 23:55:39,086 - strategy - INFO - 1. KODEX 로봇액티브 (445290): score=69.7180, r_12w=56.08%, r_26w=101.54%
2026-02-11 23:55:39,086 - strategy - INFO - 2. TIGER 200 IT (139260): score=57.3680, r_12w=33.95%, r_26w=112.01%
2026-02-11 23:55:39,086 - strategy - INFO - 3. KODEX 반도체 (091160): score=55.1300, r_12w=33.56%, r_26w=105.46%
2026-02-11 23:55:39,086 - trader - INFO - 
선발 완료: 3개 종목
2026-02-11 23:55:39,088 - database - INFO - DB 연결 종료
2026-02-11 23:55:39,088 - trader - INFO - 트레이더 종료
2026-02-11 23:55:39,260 - __main__ - INFO - ================================================================================
2026-02-11 23:55:39,260 - __main__ - INFO - 프로그램 종료
2026-02-11 23:55:39,260 - __main__ - INFO - ================================================================================
2026-02-11 23:56:45,380 - __main__ - INFO - ================================================================================
2026-02-11 23:56:45,380 - __main__ - INFO - ETF 퀀트 자동매매 시스템 시작
2026-02-11 23:56:45,380 - __main__ - INFO - ================================================================================
2026-02-11 23:56:45,381 - __main__ - INFO - 로그 파일: ./logs\trading_20260211.log
2026-02-11 23:56:52,807 - __main__ - INFO - 수동 모드 시작
2026-02-11 23:56:54,884 - trader - INFO - ============================================================
2026-02-11 23:56:54,884 - trader - INFO - 트레이더 초기화 시작
2026-02-11 23:56:54,884 - trader - INFO - ============================================================
2026-02-11 23:56:54,884 - trader - INFO - 1/5 DB 연결 중...
2026-02-11 23:56:54,896 - database - INFO - DB 연결 성공
2026-02-11 23:56:54,897 - trader - INFO -     ✓ DB 연결 완료
2026-02-11 23:56:54,897 - trader - INFO - 2/5 전략 초기화 중...
2026-02-11 23:56:54,897 - strategy - INFO - 전략 초기화: k=0.6, top_n=3, hold_days=3
2026-02-11 23:56:54,897 - trader - INFO -     ✓ 전략 초기화 완료
2026-02-11 23:56:54,898 - trader - INFO - 3/5 키움 API 초기화 중...
2026-02-11 23:56:54,898 - kiwoom_api - INFO - 키움 API 초기화 시작...
2026-02-11 23:56:55,061 - kiwoom_api - INFO - 키움 API 초기화 완료
2026-02-11 23:56:55,062 - trader - INFO -     ✓ 키움 API 초기화 완료
2026-02-11 23:56:55,062 - trader - INFO - 4/5 로그인 중...
2026-02-11 23:56:55,062 - kiwoom_api - INFO - 로그인 시작...
2026-02-11 23:57:02,776 - kiwoom_api - INFO - 로그인 이벤트: 성공
2026-02-11 23:57:02,776 - kiwoom_api - INFO - 로그인 성공
2026-02-11 23:57:02,776 - kiwoom_api - INFO - 계좌번호: 6559584010
2026-02-11 23:57:02,776 - trader - INFO -     ✓ 로그인 완료
2026-02-11 23:57:02,777 - trader - INFO - 5/5 상태 로드 중...
2026-02-11 23:57:02,777 - trader - INFO -     포지션 0개 로드
2026-02-11 23:57:02,777 - trader - INFO -     ✓ 상태 로드 완료
2026-02-11 23:57:02,777 - trader - INFO - ============================================================
2026-02-11 23:57:02,777 - trader - INFO - 트레이더 초기화 완료!
2026-02-11 23:57:02,777 - trader - INFO - ============================================================
2026-02-11 23:57:02,778 - trader - INFO - 
============================================================
2026-02-11 23:57:02,778 - trader - INFO - 종목 선발 시작
2026-02-11 23:57:02,778 - trader - INFO - ============================================================
2026-02-11 23:57:02,778 - strategy - INFO - 모멘텀 계산 시작: 2026-02-11
2026-02-11 23:57:02,783 - database - INFO - 2026-02-11 기준 사용 가능 종목: 12개
2026-02-11 23:57:03,163 - strategy - INFO - === 모멘텀 선발 결과 (상위 3개) ===
2026-02-11 23:57:03,163 - strategy - INFO - 1. TIGER 리츠부동산인프라 (329200): score=3.7409, r_12w=5.29%, r_26w=12.64%
2026-02-11 23:57:03,163 - strategy - INFO - 2. KODEX 2차전지산업 (305720): score=2.9588, r_12w=4.00%, r_26w=52.94%
2026-02-11 23:57:03,163 - strategy - INFO - 3. KODEX 로봇액티브 (445290): score=0.6972, r_12w=56.08%, r_26w=101.54%
2026-02-11 23:57:03,163 - trader - INFO - 
선발 완료: 3개 종목
2026-02-11 23:57:03,165 - database - INFO - DB 연결 종료
2026-02-11 23:57:03,165 - trader - INFO - 트레이더 종료
2026-02-11 23:57:03,330 - __main__ - INFO - ================================================================================
2026-02-11 23:57:03,330 - __main__ - INFO - 프로그램 종료
2026-02-11 23:57:03,330 - __main__ - INFO - ================================================================================
2026-02-11 23:58:44,520 - __main__ - INFO - ================================================================================
2026-02-11 23:58:44,520 - __main__ - INFO - ETF 퀀트 자동매매 시스템 시작
2026-02-11 23:58:44,520 - __main__ - INFO - ================================================================================
2026-02-11 23:58:44,521 - __main__ - INFO - 로그 파일: ./logs\trading_20260211.log
2026-02-11 23:58:46,433 - __main__ - INFO - 수동 모드 시작
2026-02-11 23:58:48,009 - trader - INFO - ============================================================
2026-02-11 23:58:48,009 - trader - INFO - 트레이더 초기화 시작
2026-02-11 23:58:48,009 - trader - INFO - ============================================================
2026-02-11 23:58:48,010 - trader - INFO - 1/5 DB 연결 중...
2026-02-11 23:58:48,019 - database - INFO - DB 연결 성공
2026-02-11 23:58:48,019 - trader - INFO -     ✓ DB 연결 완료
2026-02-11 23:58:48,019 - trader - INFO - 2/5 전략 초기화 중...
2026-02-11 23:58:48,020 - strategy - INFO - 전략 초기화: k=0.6, top_n=3, hold_days=3
2026-02-11 23:58:48,020 - trader - INFO -     ✓ 전략 초기화 완료
2026-02-11 23:58:48,020 - trader - INFO - 3/5 키움 API 초기화 중...
2026-02-11 23:58:48,020 - kiwoom_api - INFO - 키움 API 초기화 시작...
2026-02-11 23:58:48,186 - kiwoom_api - INFO - 키움 API 초기화 완료
2026-02-11 23:58:48,186 - trader - INFO -     ✓ 키움 API 초기화 완료
2026-02-11 23:58:48,186 - trader - INFO - 4/5 로그인 중...
2026-02-11 23:58:48,186 - kiwoom_api - INFO - 로그인 시작...
2026-02-11 23:58:55,755 - kiwoom_api - INFO - 로그인 이벤트: 성공
2026-02-11 23:58:55,755 - kiwoom_api - INFO - 로그인 성공
2026-02-11 23:58:55,755 - kiwoom_api - INFO - 계좌번호: 6559584010
2026-02-11 23:58:55,756 - trader - INFO -     ✓ 로그인 완료
2026-02-11 23:58:55,756 - trader - INFO - 5/5 상태 로드 중...
2026-02-11 23:58:55,756 - trader - INFO -     포지션 0개 로드
2026-02-11 23:58:55,756 - trader - INFO -     ✓ 상태 로드 완료
2026-02-11 23:58:55,756 - trader - INFO - ============================================================
2026-02-11 23:58:55,756 - trader - INFO - 트레이더 초기화 완료!
2026-02-11 23:58:55,757 - trader - INFO - ============================================================
2026-02-11 23:58:55,757 - trader - INFO - 
============================================================
2026-02-11 23:58:55,757 - trader - INFO - 종목 선발 시작
2026-02-11 23:58:55,757 - trader - INFO - ============================================================
2026-02-11 23:58:55,757 - __main__ - ERROR - 수동 모드 오류: 'ETFStrategy' object has no attribute 'calculate_momentum_score'
2026-02-11 23:58:55,917 - __main__ - INFO - ================================================================================
2026-02-11 23:58:55,917 - __main__ - INFO - 프로그램 종료
2026-02-11 23:58:55,917 - __main__ - INFO - ================================================================================
