2026-02-12 00:00:05,511 - __main__ - INFO - ================================================================================
2026-02-12 00:00:05,511 - __main__ - INFO - ETF 퀀트 자동매매 시스템 시작
2026-02-12 00:00:05,511 - __main__ - INFO - ================================================================================
2026-02-12 00:00:05,511 - __main__ - INFO - 로그 파일: ./logs\trading_20260212.log
2026-02-12 00:00:10,172 - __main__ - INFO - 수동 모드 시작
2026-02-12 00:00:11,742 - trader - INFO - ============================================================
2026-02-12 00:00:11,744 - trader - INFO - 트레이더 초기화 시작
2026-02-12 00:00:11,744 - trader - INFO - ============================================================
2026-02-12 00:00:11,745 - trader - INFO - 1/5 DB 연결 중...
2026-02-12 00:00:11,753 - database - INFO - DB 연결 성공
2026-02-12 00:00:11,754 - trader - INFO -     ✓ DB 연결 완료
2026-02-12 00:00:11,754 - trader - INFO - 2/5 전략 초기화 중...
2026-02-12 00:00:11,754 - strategy - INFO - 전략 초기화: k=0.6, top_n=3, hold_days=3
2026-02-12 00:00:11,754 - trader - INFO -     ✓ 전략 초기화 완료
2026-02-12 00:00:11,754 - trader - INFO - 3/5 키움 API 초기화 중...
2026-02-12 00:00:11,754 - kiwoom_api - INFO - 키움 API 초기화 시작...
2026-02-12 00:00:11,910 - kiwoom_api - INFO - 키움 API 초기화 완료
2026-02-12 00:00:11,910 - trader - INFO -     ✓ 키움 API 초기화 완료
2026-02-12 00:00:11,910 - trader - INFO - 4/5 로그인 중...
2026-02-12 00:00:11,911 - kiwoom_api - INFO - 로그인 시작...
2026-02-12 00:00:19,767 - kiwoom_api - INFO - 로그인 이벤트: 성공
2026-02-12 00:00:19,767 - kiwoom_api - INFO - 로그인 성공
2026-02-12 00:00:19,769 - kiwoom_api - INFO - 계좌번호: 6559584010
2026-02-12 00:00:19,769 - trader - INFO -     ✓ 로그인 완료
2026-02-12 00:00:19,769 - trader - INFO - 5/5 상태 로드 중...
2026-02-12 00:00:19,769 - trader - INFO -     포지션 0개 로드
2026-02-12 00:00:19,769 - trader - INFO -     ✓ 상태 로드 완료
2026-02-12 00:00:19,770 - trader - INFO - ============================================================
2026-02-12 00:00:19,770 - trader - INFO - 트레이더 초기화 완료!
2026-02-12 00:00:19,770 - trader - INFO - ============================================================
2026-02-12 00:00:19,770 - trader - INFO - 
============================================================
2026-02-12 00:00:19,770 - trader - INFO - 종목 선발 시작
2026-02-12 00:00:19,770 - trader - INFO - ============================================================
2026-02-12 00:00:19,770 - __main__ - ERROR - 수동 모드 오류: 'ETFStrategy' object has no attribute 'calculate_momentum_score'
2026-02-12 00:00:19,924 - __main__ - INFO - ================================================================================
2026-02-12 00:00:19,924 - __main__ - INFO - 프로그램 종료
2026-02-12 00:00:19,924 - __main__ - INFO - ================================================================================
2026-02-12 00:00:41,152 - __main__ - INFO - ================================================================================
2026-02-12 00:00:41,153 - __main__ - INFO - ETF 퀀트 자동매매 시스템 시작
2026-02-12 00:00:41,153 - __main__ - INFO - ================================================================================
2026-02-12 00:00:41,153 - __main__ - INFO - 로그 파일: ./logs\trading_20260212.log
2026-02-12 00:00:42,596 - __main__ - INFO - 수동 모드 시작
2026-02-12 00:00:44,180 - trader - INFO - ============================================================
2026-02-12 00:00:44,181 - trader - INFO - 트레이더 초기화 시작
2026-02-12 00:00:44,181 - trader - INFO - ============================================================
2026-02-12 00:00:44,181 - trader - INFO - 1/5 DB 연결 중...
2026-02-12 00:00:44,189 - database - INFO - DB 연결 성공
2026-02-12 00:00:44,190 - trader - INFO -     ✓ DB 연결 완료
2026-02-12 00:00:44,190 - trader - INFO - 2/5 전략 초기화 중...
2026-02-12 00:00:44,190 - strategy - INFO - 전략 초기화: k=0.6, top_n=3, hold_days=3
2026-02-12 00:00:44,190 - trader - INFO -     ✓ 전략 초기화 완료
2026-02-12 00:00:44,190 - trader - INFO - 3/5 키움 API 초기화 중...
2026-02-12 00:00:44,190 - kiwoom_api - INFO - 키움 API 초기화 시작...
2026-02-12 00:00:44,340 - kiwoom_api - INFO - 키움 API 초기화 완료
2026-02-12 00:00:44,340 - trader - INFO -     ✓ 키움 API 초기화 완료
2026-02-12 00:00:44,341 - trader - INFO - 4/5 로그인 중...
2026-02-12 00:00:44,341 - kiwoom_api - INFO - 로그인 시작...
2026-02-12 00:00:47,357 - kiwoom_api - INFO - 로그인 이벤트: 성공
2026-02-12 00:00:47,357 - kiwoom_api - INFO - 로그인 성공
2026-02-12 00:00:47,357 - kiwoom_api - INFO - 계좌번호: 6559584010
2026-02-12 00:00:47,358 - trader - INFO -     ✓ 로그인 완료
2026-02-12 00:00:47,358 - trader - INFO - 5/5 상태 로드 중...
2026-02-12 00:00:47,358 - trader - INFO -     포지션 0개 로드
2026-02-12 00:00:47,358 - trader - INFO -     ✓ 상태 로드 완료
2026-02-12 00:00:47,359 - trader - INFO - ============================================================
2026-02-12 00:00:47,359 - trader - INFO - 트레이더 초기화 완료!
2026-02-12 00:00:47,359 - trader - INFO - ============================================================
2026-02-12 00:00:47,359 - trader - INFO - 
============================================================
2026-02-12 00:00:47,359 - trader - INFO - 종목 선발 시작
2026-02-12 00:00:47,359 - trader - INFO - ============================================================
2026-02-12 00:00:47,359 - strategy - INFO - 모멘텀 계산 시작: 2026-02-12
2026-02-12 00:00:47,363 - database - INFO - 2026-02-12 기준 사용 가능 종목: 12개
2026-02-12 00:00:47,732 - strategy - INFO - === 모멘텀 선발 결과 (상위 3개) ===
2026-02-12 00:00:47,732 - strategy - INFO - 1. KODEX 로봇액티브 (445290): score=0.6972, r_12w=56.08%, r_26w=101.54%
2026-02-12 00:00:47,732 - strategy - INFO - 2. TIGER 200 IT (139260): score=0.5737, r_12w=33.95%, r_26w=112.01%
2026-02-12 00:00:47,733 - strategy - INFO - 3. KODEX 반도체 (091160): score=0.5513, r_12w=33.56%, r_26w=105.46%
2026-02-12 00:00:47,733 - trader - INFO - 
선발 완료: 3개 종목
2026-02-12 00:00:47,735 - database - INFO - DB 연결 종료
2026-02-12 00:00:47,735 - trader - INFO - 트레이더 종료
2026-02-12 00:00:47,894 - __main__ - INFO - ================================================================================
2026-02-12 00:00:47,894 - __main__ - INFO - 프로그램 종료
2026-02-12 00:00:47,894 - __main__ - INFO - ================================================================================
2026-02-12 00:01:26,165 - __main__ - INFO - ================================================================================
2026-02-12 00:01:26,165 - __main__ - INFO - ETF 퀀트 자동매매 시스템 시작
2026-02-12 00:01:26,165 - __main__ - INFO - ================================================================================
2026-02-12 00:01:26,165 - __main__ - INFO - 로그 파일: ./logs\trading_20260212.log
2026-02-12 00:01:27,863 - __main__ - INFO - 수동 모드 시작
2026-02-12 00:01:30,702 - trader - INFO - ============================================================
2026-02-12 00:01:30,702 - trader - INFO - 트레이더 초기화 시작
2026-02-12 00:01:30,702 - trader - INFO - ============================================================
2026-02-12 00:01:30,703 - trader - INFO - 1/5 DB 연결 중...
2026-02-12 00:01:30,807 - database - INFO - DB 연결 성공
2026-02-12 00:01:30,807 - trader - INFO -     ✓ DB 연결 완료
2026-02-12 00:01:30,807 - trader - INFO - 2/5 전략 초기화 중...
2026-02-12 00:01:30,808 - strategy - INFO - 전략 초기화: k=0.6, top_n=3, hold_days=3
2026-02-12 00:01:30,808 - trader - INFO -     ✓ 전략 초기화 완료
2026-02-12 00:01:30,808 - trader - INFO - 3/5 키움 API 초기화 중...
2026-02-12 00:01:30,808 - kiwoom_api - INFO - 키움 API 초기화 시작...
2026-02-12 00:01:31,567 - kiwoom_api - INFO - 키움 API 초기화 완료
2026-02-12 00:01:31,568 - trader - INFO -     ✓ 키움 API 초기화 완료
2026-02-12 00:01:31,568 - trader - INFO - 4/5 로그인 중...
2026-02-12 00:01:31,568 - kiwoom_api - INFO - 로그인 시작...
2026-02-12 00:01:40,853 - kiwoom_api - INFO - 로그인 이벤트: 성공
2026-02-12 00:01:40,854 - kiwoom_api - INFO - 로그인 성공
2026-02-12 00:01:40,854 - kiwoom_api - INFO - 계좌번호: 6559584010
2026-02-12 00:01:40,854 - trader - INFO -     ✓ 로그인 완료
2026-02-12 00:01:40,854 - trader - INFO - 5/5 상태 로드 중...
2026-02-12 00:01:40,855 - trader - INFO -     포지션 0개 로드
2026-02-12 00:01:40,855 - trader - INFO -     ✓ 상태 로드 완료
2026-02-12 00:01:40,855 - trader - INFO - ============================================================
2026-02-12 00:01:40,855 - trader - INFO - 트레이더 초기화 완료!
2026-02-12 00:01:40,855 - trader - INFO - ============================================================
2026-02-12 00:01:40,856 - trader - INFO - 
============================================================
2026-02-12 00:01:40,856 - trader - INFO - 일일 루틴 시작: 2026-02-12 00:01:40
2026-02-12 00:01:40,856 - trader - INFO - ============================================================
2026-02-12 00:01:40,856 - trader - INFO - 포지션 동기화 중...
2026-02-12 00:01:40,856 - kiwoom_api - INFO - 잔고 조회 요청...
2026-02-12 00:01:40,888 - kiwoom_api - INFO - 잔고 조회 요청 전송 완료, 응답 대기 중...
2026-02-12 00:01:40,908 - kiwoom_api - INFO - 메시지: [100000] 조회가 완료되었습니다
2026-02-12 00:01:40,909 - kiwoom_api - INFO - TR 데이터 수신: 계좌평가잔고내역요청
2026-02-12 00:01:40,909 - kiwoom_api - INFO - 보유 종목 수: 0개
2026-02-12 00:01:40,910 - kiwoom_api - INFO - 잔고 조회 완료: 0개 종목
2026-02-12 00:01:40,911 - trader - INFO - 포지션 동기화 완료
2026-02-12 00:01:40,911 - trader - INFO - 
============================================================
2026-02-12 00:01:40,911 - trader - INFO - 계좌 정보 조회
2026-02-12 00:01:40,911 - trader - INFO - ============================================================
2026-02-12 00:01:40,911 - kiwoom_api - INFO - 예수금 조회 요청...
2026-02-12 00:01:40,942 - kiwoom_api - INFO - 예수금 조회 요청 전송 완료, 응답 대기 중...
2026-02-12 00:01:41,806 - kiwoom_api - INFO - 메시지: [100000] [결제전]조회가 완료되었습니다.
2026-02-12 00:01:41,809 - kiwoom_api - INFO - TR 데이터 수신: 예수금상세현황요청
2026-02-12 00:01:41,810 - kiwoom_api - INFO - 예수금 파싱 완료: 1,451,886원
2026-02-12 00:01:41,810 - kiwoom_api - INFO - 예수금 조회 완료: 1,451,886원
2026-02-12 00:01:41,810 - kiwoom_api - INFO - 잔고 조회 요청...
2026-02-12 00:01:41,841 - kiwoom_api - INFO - 잔고 조회 요청 전송 완료, 응답 대기 중...
2026-02-12 00:01:41,860 - kiwoom_api - INFO - 메시지: [100000] 조회가 완료되었습니다
2026-02-12 00:01:41,862 - kiwoom_api - INFO - TR 데이터 수신: 계좌평가잔고내역요청
2026-02-12 00:01:41,862 - kiwoom_api - INFO - 보유 종목 수: 0개
2026-02-12 00:01:41,863 - kiwoom_api - INFO - 잔고 조회 완료: 0개 종목
2026-02-12 00:01:41,863 - trader - INFO - 예수금: 1,451,886원
2026-02-12 00:01:41,863 - trader - INFO - 보유 종목: 0개
2026-02-12 00:01:41,864 - trader - INFO - 보유 포지션 없음
2026-02-12 00:01:41,864 - trader - INFO - 리밸런싱 필요
2026-02-12 00:01:41,864 - trader - INFO - 
============================================================
2026-02-12 00:01:41,864 - trader - INFO - 리밸런싱 시작
2026-02-12 00:01:41,864 - trader - INFO - ============================================================
2026-02-12 00:01:41,864 - trader - INFO - 
============================================================
2026-02-12 00:01:41,864 - trader - INFO - 종목 선발 시작
2026-02-12 00:01:41,865 - trader - INFO - ============================================================
2026-02-12 00:01:41,865 - strategy - INFO - 모멘텀 계산 시작: 2026-02-12
2026-02-12 00:01:41,869 - database - INFO - 2026-02-12 기준 사용 가능 종목: 12개
2026-02-12 00:01:42,286 - strategy - INFO - === 모멘텀 선발 결과 (상위 3개) ===
2026-02-12 00:01:42,286 - strategy - INFO - 1. KODEX 로봇액티브 (445290): score=0.6972, r_12w=56.08%, r_26w=101.54%
2026-02-12 00:01:42,286 - strategy - INFO - 2. TIGER 200 IT (139260): score=0.5737, r_12w=33.95%, r_26w=112.01%
2026-02-12 00:01:42,287 - strategy - INFO - 3. KODEX 반도체 (091160): score=0.5513, r_12w=33.56%, r_26w=105.46%
2026-02-12 00:01:42,287 - trader - INFO - 
선발 완료: 3개 종목
2026-02-12 00:01:42,288 - trader - INFO - 
============================================================
2026-02-12 00:01:42,288 - trader - INFO - 매수 신호 확인
2026-02-12 00:01:42,288 - trader - INFO - ============================================================
2026-02-12 00:01:42,327 - strategy - INFO - 139260 매수 신호!
2026-02-12 00:01:42,328 - strategy - INFO -   Trigger: 67,612원
2026-02-12 00:01:42,328 - strategy - INFO -   현재가: 70,000원
2026-02-12 00:01:42,328 - trader - INFO - TIGER 200 IT (139260): 매수 신호 발생!
2026-02-12 00:01:42,347 - strategy - INFO - 091160 매수 신호!
2026-02-12 00:01:42,347 - strategy - INFO -   Trigger: 74,048원
2026-02-12 00:01:42,347 - strategy - INFO -   현재가: 78,155원
2026-02-12 00:01:42,347 - trader - INFO - KODEX 반도체 (091160): 매수 신호 발생!
2026-02-12 00:01:42,347 - trader - INFO - 
============================================================
2026-02-12 00:01:42,348 - trader - INFO - 매수 실행: 2개 종목
2026-02-12 00:01:42,348 - trader - INFO - ============================================================
2026-02-12 00:01:42,348 - kiwoom_api - INFO - 예수금 조회 요청...
2026-02-12 00:01:42,378 - kiwoom_api - INFO - 예수금 조회 요청 전송 완료, 응답 대기 중...
2026-02-12 00:01:42,413 - kiwoom_api - INFO - 메시지: [100000] [결제전]조회가 완료되었습니다.
2026-02-12 00:01:42,415 - kiwoom_api - INFO - TR 데이터 수신: 예수금상세현황요청
2026-02-12 00:01:42,416 - kiwoom_api - INFO - 예수금 파싱 완료: 1,451,886원
2026-02-12 00:01:42,417 - kiwoom_api - INFO - 예수금 조회 완료: 1,451,886원
2026-02-12 00:01:42,417 - trader - INFO - 사용 가능 예수금: 1,451,886원
2026-02-12 00:01:42,417 - trader - INFO - 종목당 배분: 725,943원
2026-02-12 00:01:42,417 - trader - INFO - TIGER 200 IT 매수 주문: 10주 @ 67,612원
2026-02-12 00:01:42,417 - kiwoom_api - INFO - 매수 주문: 139260, 수량=10, 가격=67612
2026-02-12 00:01:42,449 - kiwoom_api - INFO - 주문 전송 성공
2026-02-12 00:01:42,460 - kiwoom_api - INFO - 메시지: [505217] 장종료되었습니다.
2026-02-12 00:01:42,462 - kiwoom_api - INFO - TR 데이터 수신: 매수
2026-02-12 00:01:42,463 - trader - ERROR - TIGER 200 IT 매수 실패
2026-02-12 00:01:42,463 - trader - INFO - KODEX 반도체 매수 주문: 9주 @ 74,048원
2026-02-12 00:01:42,464 - kiwoom_api - INFO - 매수 주문: 091160, 수량=9, 가격=74048
2026-02-12 00:01:42,495 - kiwoom_api - INFO - 주문 전송 성공
2026-02-12 00:01:42,507 - kiwoom_api - INFO - 메시지: [505217] 장종료되었습니다.
2026-02-12 00:01:42,508 - kiwoom_api - INFO - TR 데이터 수신: 매수
2026-02-12 00:01:42,509 - trader - ERROR - KODEX 반도체 매수 실패
2026-02-12 00:01:42,509 - trader - INFO - 
매수 완료: 0개 종목
2026-02-12 00:01:42,511 - trader - INFO - 리밸런싱 완료: 매수 없음
2026-02-12 00:01:42,511 - trader - INFO - ============================================================
2026-02-12 00:01:42,511 - trader - INFO - 일일 루틴 완료
2026-02-12 00:01:42,511 - trader - INFO - ============================================================
2026-02-12 00:01:42,512 - database - INFO - DB 연결 종료
2026-02-12 00:01:42,512 - trader - INFO - 트레이더 종료
2026-02-12 00:01:42,679 - __main__ - INFO - ================================================================================
2026-02-12 00:01:42,680 - __main__ - INFO - 프로그램 종료
2026-02-12 00:01:42,680 - __main__ - INFO - ================================================================================
2026-02-12 00:08:59,686 - __main__ - INFO - ================================================================================
2026-02-12 00:08:59,687 - __main__ - INFO - ETF 퀀트 자동매매 시스템 시작
2026-02-12 00:08:59,687 - __main__ - INFO - ================================================================================
2026-02-12 00:08:59,687 - __main__ - INFO - 로그 파일: ./logs\trading_20260212.log
2026-02-12 00:09:13,890 - __main__ - INFO - 수동 모드 시작
2026-02-12 00:09:17,007 - trader - INFO - ============================================================
2026-02-12 00:09:17,007 - trader - INFO - 트레이더 초기화 시작
2026-02-12 00:09:17,007 - trader - INFO - ============================================================
2026-02-12 00:09:17,007 - trader - INFO - 1/5 DB 연결 중...
2026-02-12 00:09:17,017 - database - INFO - DB 연결 성공
2026-02-12 00:09:17,017 - trader - INFO -     ✓ DB 연결 완료
2026-02-12 00:09:17,017 - trader - INFO - 2/5 전략 초기화 중...
2026-02-12 00:09:17,018 - strategy - INFO - 전략 초기화: k=0.6, top_n=3, hold_days=3
2026-02-12 00:09:17,018 - trader - INFO -     ✓ 전략 초기화 완료
2026-02-12 00:09:17,018 - trader - INFO - 3/5 키움 API 초기화 중...
2026-02-12 00:09:17,018 - kiwoom_api - INFO - 키움 API 초기화 시작...
2026-02-12 00:09:17,178 - kiwoom_api - INFO - 키움 API 초기화 완료
2026-02-12 00:09:17,178 - trader - INFO -     ✓ 키움 API 초기화 완료
2026-02-12 00:09:17,178 - trader - INFO - 4/5 로그인 중...
2026-02-12 00:09:17,178 - kiwoom_api - INFO - 로그인 시작...
2026-02-12 00:09:24,821 - kiwoom_api - INFO - 로그인 이벤트: 성공
2026-02-12 00:09:24,821 - kiwoom_api - INFO - 로그인 성공
2026-02-12 00:09:24,823 - kiwoom_api - INFO - 계좌번호: 6559584010
2026-02-12 00:09:24,823 - trader - INFO -     ✓ 로그인 완료
2026-02-12 00:09:24,823 - trader - INFO - 5/5 상태 로드 중...
2026-02-12 00:09:24,824 - trader - INFO -     포지션 0개 로드
2026-02-12 00:09:24,824 - trader - INFO -     ✓ 상태 로드 완료
2026-02-12 00:09:24,824 - trader - INFO - ============================================================
2026-02-12 00:09:24,824 - trader - INFO - 트레이더 초기화 완료!
2026-02-12 00:09:24,824 - trader - INFO - ============================================================
2026-02-12 00:09:24,824 - trader - INFO - 
============================================================
2026-02-12 00:09:24,825 - trader - INFO - 일일 루틴 시작: 2026-02-12 00:09:24
2026-02-12 00:09:24,825 - trader - INFO - ============================================================
2026-02-12 00:09:24,825 - trader - INFO - 포지션 동기화 중...
2026-02-12 00:09:24,825 - kiwoom_api - INFO - 잔고 조회 요청...
2026-02-12 00:09:24,858 - kiwoom_api - INFO - 잔고 조회 요청 전송 완료, 응답 대기 중...
2026-02-12 00:09:24,884 - kiwoom_api - INFO - 메시지: [100000] 조회가 완료되었습니다
2026-02-12 00:09:24,885 - kiwoom_api - INFO - TR 데이터 수신: 계좌평가잔고내역요청
2026-02-12 00:09:24,886 - kiwoom_api - INFO - 보유 종목 수: 0개
2026-02-12 00:09:24,886 - kiwoom_api - INFO - 잔고 조회 완료: 0개 종목
2026-02-12 00:09:24,887 - trader - INFO - 포지션 동기화 완료
2026-02-12 00:09:24,887 - trader - INFO - 
============================================================
2026-02-12 00:09:24,888 - trader - INFO - 계좌 정보 조회
2026-02-12 00:09:24,888 - trader - INFO - ============================================================
2026-02-12 00:09:24,888 - kiwoom_api - INFO - 예수금 조회 요청...
2026-02-12 00:09:24,918 - kiwoom_api - INFO - 예수금 조회 요청 전송 완료, 응답 대기 중...
2026-02-12 00:09:25,605 - kiwoom_api - INFO - 메시지: [100000] [결제전]조회가 완료되었습니다.
2026-02-12 00:09:25,605 - kiwoom_api - INFO - TR 데이터 수신: 예수금상세현황요청
2026-02-12 00:09:25,606 - kiwoom_api - INFO - 예수금 파싱 완료: 1,451,886원
2026-02-12 00:09:25,606 - kiwoom_api - INFO - 예수금 조회 완료: 1,451,886원
2026-02-12 00:09:25,606 - kiwoom_api - INFO - 잔고 조회 요청...
2026-02-12 00:09:25,637 - kiwoom_api - INFO - 잔고 조회 요청 전송 완료, 응답 대기 중...
2026-02-12 00:09:25,665 - kiwoom_api - INFO - 메시지: [100000] 조회가 완료되었습니다
2026-02-12 00:09:25,667 - kiwoom_api - INFO - TR 데이터 수신: 계좌평가잔고내역요청
2026-02-12 00:09:25,667 - kiwoom_api - INFO - 보유 종목 수: 0개
2026-02-12 00:09:25,668 - kiwoom_api - INFO - 잔고 조회 완료: 0개 종목
2026-02-12 00:09:25,668 - trader - INFO - 예수금: 1,451,886원
2026-02-12 00:09:25,668 - trader - INFO - 보유 종목: 0개
2026-02-12 00:09:25,669 - trader - INFO - 보유 포지션 없음
2026-02-12 00:09:25,669 - trader - INFO - 리밸런싱 필요
2026-02-12 00:09:25,669 - trader - INFO - 
============================================================
2026-02-12 00:09:25,669 - trader - INFO - 리밸런싱 시작
2026-02-12 00:09:25,669 - trader - INFO - ============================================================
2026-02-12 00:09:25,669 - trader - INFO - 
============================================================
2026-02-12 00:09:25,669 - trader - INFO - 종목 선발 시작
2026-02-12 00:09:25,669 - trader - INFO - ============================================================
2026-02-12 00:09:25,670 - strategy - INFO - 모멘텀 계산 시작: 2026-02-12
2026-02-12 00:09:25,674 - database - INFO - 2026-02-12 기준 사용 가능 종목: 12개
2026-02-12 00:09:26,112 - strategy - INFO - === 모멘텀 선발 결과 (상위 3개) ===
2026-02-12 00:09:26,112 - strategy - INFO - 1. KODEX 로봇액티브 (445290): score=0.6972, r_12w=56.08%, r_26w=101.54%
2026-02-12 00:09:26,112 - strategy - INFO - 2. TIGER 200 IT (139260): score=0.5737, r_12w=33.95%, r_26w=112.01%
2026-02-12 00:09:26,112 - strategy - INFO - 3. KODEX 반도체 (091160): score=0.5513, r_12w=33.56%, r_26w=105.46%
2026-02-12 00:09:26,113 - trader - INFO - 
선발 완료: 3개 종목
2026-02-12 00:09:26,113 - trader - INFO - 
============================================================
2026-02-12 00:09:26,114 - trader - INFO - 매수 신호 확인
2026-02-12 00:09:26,114 - trader - INFO - ============================================================
2026-02-12 00:09:26,151 - strategy - INFO - 139260 매수 신호!
2026-02-12 00:09:26,152 - strategy - INFO -   Trigger: 67,612원
2026-02-12 00:09:26,152 - strategy - INFO -   현재가: 70,000원
2026-02-12 00:09:26,152 - trader - INFO - TIGER 200 IT (139260): 매수 신호 발생!
2026-02-12 00:09:26,173 - strategy - INFO - 091160 매수 신호!
2026-02-12 00:09:26,173 - strategy - INFO -   Trigger: 74,048원
2026-02-12 00:09:26,173 - strategy - INFO -   현재가: 78,155원
2026-02-12 00:09:26,173 - trader - INFO - KODEX 반도체 (091160): 매수 신호 발생!
2026-02-12 00:09:26,173 - trader - INFO - 
============================================================
2026-02-12 00:09:26,174 - trader - INFO - 매수 실행: 2개 종목
2026-02-12 00:09:26,174 - trader - INFO - ============================================================
2026-02-12 00:09:26,174 - kiwoom_api - INFO - 예수금 조회 요청...
2026-02-12 00:09:26,205 - kiwoom_api - INFO - 예수금 조회 요청 전송 완료, 응답 대기 중...
2026-02-12 00:09:26,247 - kiwoom_api - INFO - 메시지: [100000] [결제전]조회가 완료되었습니다.
2026-02-12 00:09:26,249 - kiwoom_api - INFO - TR 데이터 수신: 예수금상세현황요청
2026-02-12 00:09:26,249 - kiwoom_api - INFO - 예수금 파싱 완료: 1,451,886원
2026-02-12 00:09:26,249 - kiwoom_api - INFO - 예수금 조회 완료: 1,451,886원
2026-02-12 00:09:26,251 - trader - INFO - 사용 가능 예수금: 1,451,886원
2026-02-12 00:09:26,251 - trader - INFO - 종목당 배분: 725,943원
2026-02-12 00:09:26,251 - trader - INFO - TIGER 200 IT 매수 주문: 10주 @ 67,612원
2026-02-12 00:09:26,251 - kiwoom_api - INFO - 매수 주문: 139260, 수량=10, 가격=67612
2026-02-12 00:09:26,285 - kiwoom_api - INFO - 주문 전송 성공
2026-02-12 00:09:26,294 - kiwoom_api - INFO - 메시지: [505217] 장종료되었습니다.
2026-02-12 00:09:26,296 - kiwoom_api - INFO - TR 데이터 수신: 매수
2026-02-12 00:09:26,297 - trader - ERROR - TIGER 200 IT 매수 실패
2026-02-12 00:09:26,297 - trader - INFO - KODEX 반도체 매수 주문: 9주 @ 74,048원
2026-02-12 00:09:26,297 - kiwoom_api - INFO - 매수 주문: 091160, 수량=9, 가격=74048
2026-02-12 00:09:26,330 - kiwoom_api - INFO - 주문 전송 성공
2026-02-12 00:09:26,340 - kiwoom_api - INFO - 메시지: [505217] 장종료되었습니다.
2026-02-12 00:09:26,341 - kiwoom_api - INFO - TR 데이터 수신: 매수
2026-02-12 00:09:26,342 - trader - ERROR - KODEX 반도체 매수 실패
2026-02-12 00:09:26,343 - trader - INFO - 
매수 완료: 0개 종목
2026-02-12 00:09:26,343 - trader - INFO - 리밸런싱 완료: 매수 없음
2026-02-12 00:09:26,343 - trader - INFO - ============================================================
2026-02-12 00:09:26,343 - trader - INFO - 일일 루틴 완료
2026-02-12 00:09:26,343 - trader - INFO - ============================================================
2026-02-12 00:09:26,345 - database - INFO - DB 연결 종료
2026-02-12 00:09:26,345 - trader - INFO - 트레이더 종료
2026-02-12 00:09:26,509 - __main__ - INFO - ================================================================================
2026-02-12 00:09:26,511 - __main__ - INFO - 프로그램 종료
2026-02-12 00:09:26,511 - __main__ - INFO - ================================================================================
2026-02-12 00:11:16,404 - __main__ - INFO - ================================================================================
2026-02-12 00:11:16,404 - __main__ - INFO - ETF 퀀트 자동매매 시스템 시작
2026-02-12 00:11:16,404 - __main__ - INFO - ================================================================================
2026-02-12 00:11:16,405 - __main__ - INFO - 로그 파일: ./logs\trading_20260212.log
2026-02-12 00:11:22,144 - __main__ - INFO - 수동 모드 시작
2026-02-12 00:11:29,093 - trader - INFO - ============================================================
2026-02-12 00:11:29,094 - trader - INFO - 트레이더 초기화 시작
2026-02-12 00:11:29,094 - trader - INFO - ============================================================
2026-02-12 00:11:29,094 - trader - INFO - 1/5 DB 연결 중...
2026-02-12 00:11:29,106 - database - INFO - DB 연결 성공
2026-02-12 00:11:29,106 - trader - INFO -     ✓ DB 연결 완료
2026-02-12 00:11:29,106 - trader - INFO - 2/5 전략 초기화 중...
2026-02-12 00:11:29,106 - strategy - INFO - 전략 초기화: k=0.6, top_n=3, hold_days=3
2026-02-12 00:11:29,106 - trader - INFO -     ✓ 전략 초기화 완료
2026-02-12 00:11:29,106 - trader - INFO - 3/5 키움 API 초기화 중...
2026-02-12 00:11:29,106 - kiwoom_api - INFO - 키움 API 초기화 시작...
2026-02-12 00:11:29,262 - kiwoom_api - INFO - 키움 API 초기화 완료
2026-02-12 00:11:29,263 - trader - INFO -     ✓ 키움 API 초기화 완료
2026-02-12 00:11:29,263 - trader - INFO - 4/5 로그인 중...
2026-02-12 00:11:29,263 - kiwoom_api - INFO - 로그인 시작...
2026-02-12 00:11:36,865 - kiwoom_api - INFO - 로그인 이벤트: 성공
2026-02-12 00:11:36,865 - kiwoom_api - INFO - 로그인 성공
2026-02-12 00:11:36,866 - kiwoom_api - INFO - 계좌번호: 6559584010
2026-02-12 00:11:36,866 - trader - INFO -     ✓ 로그인 완료
2026-02-12 00:11:36,866 - trader - INFO - 5/5 상태 로드 중...
2026-02-12 00:11:36,866 - trader - INFO -     포지션 0개 로드
2026-02-12 00:11:36,866 - trader - INFO -     ✓ 상태 로드 완료
2026-02-12 00:11:36,867 - trader - INFO - ============================================================
2026-02-12 00:11:36,867 - trader - INFO - 트레이더 초기화 완료!
2026-02-12 00:11:36,867 - trader - INFO - ============================================================
2026-02-12 00:11:36,867 - trader - INFO - 
============================================================
2026-02-12 00:11:36,867 - trader - INFO - 일일 루틴 시작: 2026-02-12 00:11:36
2026-02-12 00:11:36,867 - trader - INFO - ============================================================
2026-02-12 00:11:36,868 - trader - INFO - 포지션 동기화 중...
2026-02-12 00:11:36,868 - kiwoom_api - INFO - 잔고 조회 요청...
2026-02-12 00:11:36,903 - kiwoom_api - INFO - 잔고 조회 요청 전송 완료, 응답 대기 중...
2026-02-12 00:11:36,934 - kiwoom_api - INFO - 메시지: [100000] 조회가 완료되었습니다
2026-02-12 00:11:36,935 - kiwoom_api - INFO - TR 데이터 수신: 계좌평가잔고내역요청
2026-02-12 00:11:36,935 - kiwoom_api - INFO - 보유 종목 수: 0개
2026-02-12 00:11:36,936 - kiwoom_api - INFO - 잔고 조회 완료: 0개 종목
2026-02-12 00:11:36,937 - trader - INFO - 포지션 동기화 완료
2026-02-12 00:11:36,937 - trader - INFO - 
============================================================
2026-02-12 00:11:36,937 - trader - INFO - 계좌 정보 조회
2026-02-12 00:11:36,937 - trader - INFO - ============================================================
2026-02-12 00:11:36,937 - kiwoom_api - INFO - 예수금 조회 요청...
2026-02-12 00:11:36,971 - kiwoom_api - INFO - 예수금 조회 요청 전송 완료, 응답 대기 중...
2026-02-12 00:11:37,418 - kiwoom_api - INFO - 메시지: [100000] [결제전]조회가 완료되었습니다.
2026-02-12 00:11:37,420 - kiwoom_api - INFO - TR 데이터 수신: 예수금상세현황요청
2026-02-12 00:11:37,420 - kiwoom_api - INFO - 예수금 파싱 완료: 1,451,886원
2026-02-12 00:11:37,420 - kiwoom_api - INFO - 예수금 조회 완료: 1,451,886원
2026-02-12 00:11:37,420 - kiwoom_api - INFO - 잔고 조회 요청...
2026-02-12 00:11:37,452 - kiwoom_api - INFO - 잔고 조회 요청 전송 완료, 응답 대기 중...
2026-02-12 00:11:37,470 - kiwoom_api - INFO - 메시지: [100000] 조회가 완료되었습니다
2026-02-12 00:11:37,472 - kiwoom_api - INFO - TR 데이터 수신: 계좌평가잔고내역요청
2026-02-12 00:11:37,472 - kiwoom_api - INFO - 보유 종목 수: 0개
2026-02-12 00:11:37,473 - kiwoom_api - INFO - 잔고 조회 완료: 0개 종목
2026-02-12 00:11:37,473 - trader - INFO - 예수금: 1,451,886원
2026-02-12 00:11:37,473 - trader - INFO - 보유 종목: 0개
2026-02-12 00:11:37,473 - trader - INFO - 보유 포지션 없음
2026-02-12 00:11:37,474 - trader - INFO - 리밸런싱 필요
2026-02-12 00:11:37,474 - trader - INFO - 
============================================================
2026-02-12 00:11:37,474 - trader - INFO - 리밸런싱 시작
2026-02-12 00:11:37,474 - trader - INFO - ============================================================
2026-02-12 00:11:37,474 - trader - INFO - 
============================================================
2026-02-12 00:11:37,474 - trader - INFO - 종목 선발 시작
2026-02-12 00:11:37,474 - trader - INFO - ============================================================
2026-02-12 00:11:37,475 - strategy - INFO - 모멘텀 계산 시작: 2026-02-12
2026-02-12 00:11:37,480 - database - INFO - 2026-02-12 기준 사용 가능 종목: 12개
2026-02-12 00:11:37,905 - strategy - INFO - === 모멘텀 선발 결과 (상위 3개) ===
2026-02-12 00:11:37,906 - strategy - INFO - 1. KODEX 로봇액티브 (445290): score=0.6972, r_12w=56.08%, r_26w=101.54%
2026-02-12 00:11:37,906 - strategy - INFO - 2. TIGER 200 IT (139260): score=0.5737, r_12w=33.95%, r_26w=112.01%
2026-02-12 00:11:37,906 - strategy - INFO - 3. KODEX 반도체 (091160): score=0.5513, r_12w=33.56%, r_26w=105.46%
2026-02-12 00:11:37,906 - trader - INFO - 
선발 완료: 3개 종목
2026-02-12 00:11:37,907 - trader - INFO - 
============================================================
2026-02-12 00:11:37,907 - trader - INFO - 매수 신호 확인
2026-02-12 00:11:37,907 - trader - INFO - ============================================================
2026-02-12 00:11:37,941 - strategy - INFO - 139260 매수 신호!
2026-02-12 00:11:37,941 - strategy - INFO -   Trigger: 67,612원
2026-02-12 00:11:37,941 - strategy - INFO -   현재가: 70,000원
2026-02-12 00:11:37,942 - trader - INFO - TIGER 200 IT (139260): 매수 신호 발생!
2026-02-12 00:11:37,960 - strategy - INFO - 091160 매수 신호!
2026-02-12 00:11:37,960 - strategy - INFO -   Trigger: 74,048원
2026-02-12 00:11:37,960 - strategy - INFO -   현재가: 78,155원
2026-02-12 00:11:37,961 - trader - INFO - KODEX 반도체 (091160): 매수 신호 발생!
2026-02-12 00:11:37,961 - trader - INFO - 
============================================================
2026-02-12 00:11:37,961 - trader - INFO - 매수 실행: 2개 종목
2026-02-12 00:11:37,961 - trader - INFO - ============================================================
2026-02-12 00:11:37,961 - kiwoom_api - INFO - 예수금 조회 요청...
2026-02-12 00:11:37,994 - kiwoom_api - INFO - 예수금 조회 요청 전송 완료, 응답 대기 중...
2026-02-12 00:11:38,032 - kiwoom_api - INFO - 메시지: [100000] [결제전]조회가 완료되었습니다.
2026-02-12 00:11:38,034 - kiwoom_api - INFO - TR 데이터 수신: 예수금상세현황요청
2026-02-12 00:11:38,034 - kiwoom_api - INFO - 예수금 파싱 완료: 1,451,886원
2026-02-12 00:11:38,035 - kiwoom_api - INFO - 예수금 조회 완료: 1,451,886원
2026-02-12 00:11:38,035 - trader - INFO - 전체 예수금: 1,451,886원
2026-02-12 00:11:38,035 - trader - INFO - 비율 모드: 60.0% = 871,131원
2026-02-12 00:11:38,035 - trader - INFO - 최대 투자 제한: 600,000원
2026-02-12 00:11:38,036 - trader - INFO - 실제 투자 금액: 600,000원
2026-02-12 00:11:38,036 - trader - INFO - 종목당 배분: 300,000원
2026-02-12 00:11:38,036 - trader - INFO - TIGER 200 IT 매수 주문: 4주 @ 67,612원
2026-02-12 00:11:38,036 - kiwoom_api - INFO - 매수 주문: 139260, 수량=4, 가격=67612
2026-02-12 00:11:38,071 - kiwoom_api - INFO - 주문 전송 성공
2026-02-12 00:11:38,079 - kiwoom_api - INFO - 메시지: [505217] 장종료되었습니다.
2026-02-12 00:11:38,080 - kiwoom_api - INFO - TR 데이터 수신: 매수
2026-02-12 00:11:38,081 - trader - ERROR - TIGER 200 IT 매수 실패
2026-02-12 00:11:38,082 - trader - INFO - KODEX 반도체 매수 주문: 4주 @ 74,048원
2026-02-12 00:11:38,082 - kiwoom_api - INFO - 매수 주문: 091160, 수량=4, 가격=74048
2026-02-12 00:11:38,113 - kiwoom_api - INFO - 주문 전송 성공
2026-02-12 00:11:38,125 - kiwoom_api - INFO - 메시지: [505217] 장종료되었습니다.
2026-02-12 00:11:38,126 - kiwoom_api - INFO - TR 데이터 수신: 매수
2026-02-12 00:11:38,127 - trader - ERROR - KODEX 반도체 매수 실패
2026-02-12 00:11:38,129 - trader - INFO - 
매수 완료: 0개 종목
2026-02-12 00:11:38,129 - trader - INFO - 리밸런싱 완료: 매수 없음
2026-02-12 00:11:38,129 - trader - INFO - ============================================================
2026-02-12 00:11:38,129 - trader - INFO - 일일 루틴 완료
2026-02-12 00:11:38,129 - trader - INFO - ============================================================
2026-02-12 00:11:38,130 - database - INFO - DB 연결 종료
2026-02-12 00:11:38,130 - trader - INFO - 트레이더 종료
2026-02-12 00:11:38,299 - __main__ - INFO - ================================================================================
2026-02-12 00:11:38,299 - __main__ - INFO - 프로그램 종료
2026-02-12 00:11:38,300 - __main__ - INFO - ================================================================================
